[ 2015-09-15T23:43:22+08:00 ] 127.0.0.1 /blog/index.php/admin/index/index
ERR: 无法加载控制器:Index

[ 2015-09-15T23:43:45+08:00 ] 127.0.0.1 /blog/index.php/admin/index/index
INFO: [ app_init ] --START--
INFO: Run Behavior\BuildLiteBehavior [ RunTime:0.000024s ]
INFO: [ app_init ] --END-- [ RunTime:0.000744s ]
INFO: [ app_begin ] --START--
INFO: Run Behavior\ReadHtmlCacheBehavior [ RunTime:0.001060s ]
INFO: [ app_begin ] --END-- [ RunTime:0.001159s ]
ERR: 无法加载控制器:Index

[ 2015-09-15T23:44:13+08:00 ] 127.0.0.1 /blog/index.php/admin/index/index
INFO: [ app_init ] --START--
INFO: Run Behavior\BuildLiteBehavior [ RunTime:0.000024s ]
INFO: [ app_init ] --END-- [ RunTime:0.000582s ]
INFO: [ app_begin ] --START--
INFO: Run Behavior\ReadHtmlCacheBehavior [ RunTime:0.000796s ]
INFO: [ app_begin ] --END-- [ RunTime:0.000883s ]

[ 2015-09-15T23:44:28+08:00 ] 127.0.0.1 /blog/index.php/admin/index/index
INFO: [ app_init ] --START--
INFO: Run Behavior\BuildLiteBehavior [ RunTime:0.000023s ]
INFO: [ app_init ] --END-- [ RunTime:0.000588s ]
INFO: [ app_begin ] --START--
INFO: Run Behavior\ReadHtmlCacheBehavior [ RunTime:0.000753s ]
INFO: [ app_begin ] --END-- [ RunTime:0.000848s ]
ERR: 模板不存在:D:/itcast/homework/TPframework/blog/Admin/View/Index/index.html

[ 2015-09-15T23:46:54+08:00 ] 127.0.0.1 /blog/index.php/admin/index/index
INFO: [ app_init ] --START--
INFO: Run Behavior\BuildLiteBehavior [ RunTime:0.000028s ]
INFO: [ app_init ] --END-- [ RunTime:0.000746s ]
INFO: [ app_begin ] --START--
INFO: Run Behavior\ReadHtmlCacheBehavior [ RunTime:0.001408s ]
INFO: [ app_begin ] --END-- [ RunTime:0.001508s ]
ERR: 无法加载控制器:Index

[ 2015-09-15T23:47:03+08:00 ] 127.0.0.1 /blog/index.php/admin/manager/index
INFO: [ app_init ] --START--
INFO: Run Behavior\BuildLiteBehavior [ RunTime:0.000028s ]
INFO: [ app_init ] --END-- [ RunTime:0.000706s ]
INFO: [ app_begin ] --START--
INFO: Run Behavior\ReadHtmlCacheBehavior [ RunTime:0.001035s ]
INFO: [ app_begin ] --END-- [ RunTime:0.001163s ]
ERR: 无法加载控制器:Manager

[ 2015-09-15T23:47:59+08:00 ] 127.0.0.1 /blog/index.php/admin/manager/index
INFO: [ app_init ] --START--
INFO: Run Behavior\BuildLiteBehavior [ RunTime:0.000025s ]
INFO: [ app_init ] --END-- [ RunTime:0.000604s ]
INFO: [ app_begin ] --START--
INFO: Run Behavior\ReadHtmlCacheBehavior [ RunTime:0.001078s ]
INFO: [ app_begin ] --END-- [ RunTime:0.001227s ]
INFO: [ view_parse ] --START--
INFO: [ template_filter ] --START--
INFO: Run Behavior\ContentReplaceBehavior [ RunTime:0.000152s ]
INFO: [ template_filter ] --END-- [ RunTime:0.000275s ]
INFO: Run Behavior\ParseTemplateBehavior [ RunTime:0.016022s ]
INFO: [ view_parse ] --END-- [ RunTime:0.016174s ]
INFO: [ view_filter ] --START--
INFO: Run Behavior\WriteHtmlCacheBehavior [ RunTime:0.000605s ]
INFO: [ view_filter ] --END-- [ RunTime:0.000682s ]
INFO: [ app_end ] --START--
INFO: Run Behavior\ShowPageTraceBehavior [ RunTime:0.001367s ]
INFO: [ app_end ] --END-- [ RunTime:0.001474s ]

[ 2015-09-15T23:47:59+08:00 ] 127.0.0.1 /blog/index.php/admin/manager/css/H-ui.min.css
INFO: [ app_init ] --START--
INFO: Run Behavior\BuildLiteBehavior [ RunTime:0.000038s ]
INFO: [ app_init ] --END-- [ RunTime:0.000939s ]
INFO: [ app_begin ] --START--
INFO: Run Behavior\ReadHtmlCacheBehavior [ RunTime:0.001147s ]
INFO: [ app_begin ] --END-- [ RunTime:0.001295s ]
ERR: 非法操作:css

[ 2015-09-15T23:47:59+08:00 ] 127.0.0.1 /blog/index.php/admin/manager/skin/default/skin.css
INFO: [ app_init ] --START--
INFO: Run Behavior\BuildLiteBehavior [ RunTime:0.000031s ]
INFO: [ app_init ] --END-- [ RunTime:0.000884s ]
INFO: [ app_begin ] --START--
INFO: Run Behavior\ReadHtmlCacheBehavior [ RunTime:0.001447s ]
INFO: [ app_begin ] --END-- [ RunTime:0.001590s ]
ERR: 非法操作:skin

[ 2015-09-15T23:47:59+08:00 ] 127.0.0.1 /blog/index.php/admin/manager/css/H-ui.admin.css
INFO: [ app_init ] --START--
INFO: Run Behavior\BuildLiteBehavior [ RunTime:0.000033s ]
INFO: [ app_init ] --END-- [ RunTime:0.000978s ]
INFO: [ app_begin ] --START--
INFO: Run Behavior\ReadHtmlCacheBehavior [ RunTime:0.004006s ]
INFO: [ app_begin ] --END-- [ RunTime:0.004184s ]
ERR: 非法操作:css

[ 2015-09-15T23:47:59+08:00 ] 127.0.0.1 /blog/index.php/admin/manager/lib/jquery/1.9.1/jquery.min.js
INFO: [ app_init ] --START--
INFO: Run Behavior\BuildLiteBehavior [ RunTime:0.000035s ]
INFO: [ app_init ] --END-- [ RunTime:0.000878s ]
INFO: [ app_begin ] --START--
INFO: Run Behavior\ReadHtmlCacheBehavior [ RunTime:0.001094s ]
INFO: [ app_begin ] --END-- [ RunTime:0.001244s ]
ERR: 非法操作:lib

[ 2015-09-15T23:47:59+08:00 ] 127.0.0.1 /blog/index.php/admin/manager/lib/Hui-iconfont/1.0.1/iconfont.css
INFO: [ app_init ] --START--
INFO: Run Behavior\BuildLiteBehavior [ RunTime:0.000032s ]
INFO: [ app_init ] --END-- [ RunTime:0.000914s ]
INFO: [ app_begin ] --START--
INFO: Run Behavior\ReadHtmlCacheBehavior [ RunTime:0.001449s ]
INFO: [ app_begin ] --END-- [ RunTime:0.001604s ]
ERR: 非法操作:lib

[ 2015-09-15T23:47:59+08:00 ] 127.0.0.1 /blog/index.php/admin/manager/css/style.css
INFO: [ app_init ] --START--
INFO: Run Behavior\BuildLiteBehavior [ RunTime:0.000034s ]
INFO: [ app_init ] --END-- [ RunTime:0.000902s ]
INFO: [ app_begin ] --START--
INFO: Run Behavior\ReadHtmlCacheBehavior [ RunTime:0.001588s ]
INFO: [ app_begin ] --END-- [ RunTime:0.001777s ]
ERR: 非法操作:css

[ 2015-09-15T23:47:59+08:00 ] 127.0.0.1 /blog/index.php/admin/manager/lib/layer/1.9.3/layer.js
INFO: [ app_init ] --START--
INFO: Run Behavior\BuildLiteBehavior [ RunTime:0.000038s ]
INFO: [ app_init ] --END-- [ RunTime:0.003413s ]
INFO: [ app_begin ] --START--
INFO: Run Behavior\ReadHtmlCacheBehavior [ RunTime:0.001185s ]
INFO: [ app_begin ] --END-- [ RunTime:0.001350s ]
ERR: 非法操作:lib

[ 2015-09-15T23:47:59+08:00 ] 127.0.0.1 /blog/index.php/admin/manager/js/H-ui.admin.js
INFO: [ app_init ] --START--
INFO: Run Behavior\BuildLiteBehavior [ RunTime:0.000037s ]
INFO: [ app_init ] --END-- [ RunTime:0.000893s ]
INFO: [ app_begin ] --START--
INFO: Run Behavior\ReadHtmlCacheBehavior [ RunTime:0.001075s ]
INFO: [ app_begin ] --END-- [ RunTime:0.001225s ]
ERR: 非法操作:js

[ 2015-09-15T23:47:59+08:00 ] 127.0.0.1 /blog/index.php/admin/manager/welcome.html
INFO: [ app_init ] --START--
INFO: Run Behavior\BuildLiteBehavior [ RunTime:0.000033s ]
INFO: [ app_init ] --END-- [ RunTime:0.000914s ]
INFO: [ app_begin ] --START--
INFO: Run Behavior\ReadHtmlCacheBehavior [ RunTime:0.001117s ]
INFO: [ app_begin ] --END-- [ RunTime:0.001269s ]
ERR: 非法操作:welcome

[ 2015-09-15T23:47:59+08:00 ] 127.0.0.1 /blog/index.php/admin/manager/js/H-ui.js
INFO: [ app_init ] --START--
INFO: Run Behavior\BuildLiteBehavior [ RunTime:0.000031s ]
INFO: [ app_init ] --END-- [ RunTime:0.000851s ]
INFO: [ app_begin ] --START--
INFO: Run Behavior\ReadHtmlCacheBehavior [ RunTime:0.001114s ]
INFO: [ app_begin ] --END-- [ RunTime:0.001265s ]
ERR: 非法操作:js

[ 2015-09-15T23:51:30+08:00 ] 127.0.0.1 /blog/index.php/admin/manager/index
INFO: [ app_init ] --START--
INFO: Run Behavior\BuildLiteBehavior [ RunTime:0.000024s ]
INFO: [ app_init ] --END-- [ RunTime:0.000695s ]
INFO: [ app_begin ] --START--
INFO: Run Behavior\ReadHtmlCacheBehavior [ RunTime:0.001158s ]
INFO: [ app_begin ] --END-- [ RunTime:0.001358s ]
INFO: [ view_parse ] --START--
NOTIC: [2] filemtime() [<a href='function.filemtime'>function.filemtime</a>]: stat failed for D:/itcast/homework/TPframework/blog/Runtime/Cache\18c66faba187b0908475e039668eb9d92812fb16.file.index.html.php D:\itcast\homework\TPframework\ThinkPHP\Library\Vendor\Smarty\sysplugins\smarty_resource.php 第 683 行.
NOTIC: [2] unlink(D:/itcast/homework/TPframework/blog/Runtime/Cache\18c66faba187b0908475e039668eb9d92812fb16.file.index.html.php) [<a href='function.unlink'>function.unlink</a>]: No such file or directory D:\itcast\homework\TPframework\ThinkPHP\Library\Vendor\Smarty\sysplugins\smarty_internal_write_file.php 第 49 行.
NOTIC: [8] Use of undefined constant Admin_CSS_PATH - assumed 'Admin_CSS_PATH' D:\itcast\homework\TPframework\blog\Runtime\Cache\18c66faba187b0908475e039668eb9d92812fb16.file.index.html.php 第 37 行.
NOTIC: [8] Use of undefined constant Admin_CSS_PATH - assumed 'Admin_CSS_PATH' D:\itcast\homework\TPframework\blog\Runtime\Cache\18c66faba187b0908475e039668eb9d92812fb16.file.index.html.php 第 39 行.
NOTIC: [8] Use of undefined constant Admin_CSS_PATH - assumed 'Admin_CSS_PATH' D:\itcast\homework\TPframework\blog\Runtime\Cache\18c66faba187b0908475e039668eb9d92812fb16.file.index.html.php 第 43 行.
INFO: Run Behavior\ParseTemplateBehavior [ RunTime:0.546777s ]
INFO: [ view_parse ] --END-- [ RunTime:0.546893s ]
INFO: [ view_filter ] --START--
INFO: Run Behavior\WriteHtmlCacheBehavior [ RunTime:0.001215s ]
INFO: [ view_filter ] --END-- [ RunTime:0.001302s ]
INFO: [ app_end ] --START--
INFO: Run Behavior\ShowPageTraceBehavior [ RunTime:0.001530s ]
INFO: [ app_end ] --END-- [ RunTime:0.001637s ]

[ 2015-09-15T23:51:31+08:00 ] 127.0.0.1 /blog/index.php/admin/manager/Admin_CSS_PATHH-ui.min.css
INFO: [ app_init ] --START--
INFO: Run Behavior\BuildLiteBehavior [ RunTime:0.000040s ]
INFO: [ app_init ] --END-- [ RunTime:0.001056s ]
INFO: [ app_begin ] --START--
INFO: Run Behavior\ReadHtmlCacheBehavior [ RunTime:0.001338s ]
INFO: [ app_begin ] --END-- [ RunTime:0.001502s ]
ERR: 非法操作:Admin_CSS_PATHH-ui.min.css

[ 2015-09-15T23:51:31+08:00 ] 127.0.0.1 /blog/index.php/admin/manager/Admin_CSS_PATHH-ui.admin.css
INFO: [ app_init ] --START--
INFO: Run Behavior\BuildLiteBehavior [ RunTime:0.000037s ]
INFO: [ app_init ] --END-- [ RunTime:0.000972s ]
INFO: [ app_begin ] --START--
INFO: Run Behavior\ReadHtmlCacheBehavior [ RunTime:0.001491s ]
INFO: [ app_begin ] --END-- [ RunTime:0.001643s ]
ERR: 非法操作:Admin_CSS_PATHH-ui.admin.css

[ 2015-09-15T23:51:31+08:00 ] 127.0.0.1 /blog/index.php/admin/manager/skin/default/skin.css
INFO: [ app_init ] --START--
INFO: Run Behavior\BuildLiteBehavior [ RunTime:0.000038s ]
INFO: [ app_init ] --END-- [ RunTime:0.000947s ]
INFO: [ app_begin ] --START--
INFO: Run Behavior\ReadHtmlCacheBehavior [ RunTime:0.001486s ]
INFO: [ app_begin ] --END-- [ RunTime:0.001646s ]
ERR: 非法操作:skin

[ 2015-09-15T23:51:31+08:00 ] 127.0.0.1 /blog/index.php/admin/manager/lib/jquery/1.9.1/jquery.min.js
INFO: [ app_init ] --START--
INFO: Run Behavior\BuildLiteBehavior [ RunTime:0.000044s ]
INFO: [ app_init ] --END-- [ RunTime:0.019636s ]
INFO: [ app_begin ] --START--
INFO: Run Behavior\ReadHtmlCacheBehavior [ RunTime:0.002979s ]
INFO: [ app_begin ] --END-- [ RunTime:0.003144s ]
ERR: 非法操作:lib

[ 2015-09-15T23:51:31+08:00 ] 127.0.0.1 /blog/index.php/admin/manager/lib/Hui-iconfont/1.0.1/iconfont.css
INFO: [ app_init ] --START--
INFO: Run Behavior\BuildLiteBehavior [ RunTime:0.000034s ]
INFO: [ app_init ] --END-- [ RunTime:0.029850s ]
INFO: [ app_begin ] --START--
INFO: Run Behavior\ReadHtmlCacheBehavior [ RunTime:0.002514s ]
INFO: [ app_begin ] --END-- [ RunTime:0.002669s ]
ERR: 非法操作:lib

[ 2015-09-15T23:51:31+08:00 ] 127.0.0.1 /blog/index.php/admin/manager/welcome.html
INFO: [ app_init ] --START--
INFO: Run Behavior\BuildLiteBehavior [ RunTime:0.000031s ]
INFO: [ app_init ] --END-- [ RunTime:0.000823s ]
INFO: [ app_begin ] --START--
INFO: Run Behavior\ReadHtmlCacheBehavior [ RunTime:0.001144s ]
INFO: [ app_begin ] --END-- [ RunTime:0.001308s ]
ERR: 非法操作:welcome

[ 2015-09-15T23:51:31+08:00 ] 127.0.0.1 /blog/index.php/admin/manager/Admin_CSS_PATHstyle.css
INFO: [ app_init ] --START--
INFO: Run Behavior\BuildLiteBehavior [ RunTime:0.000032s ]
INFO: [ app_init ] --END-- [ RunTime:0.000921s ]
INFO: [ app_begin ] --START--
INFO: Run Behavior\ReadHtmlCacheBehavior [ RunTime:0.001555s ]
INFO: [ app_begin ] --END-- [ RunTime:0.001733s ]
ERR: 非法操作:Admin_CSS_PATHstyle.css

[ 2015-09-15T23:51:31+08:00 ] 127.0.0.1 /blog/index.php/admin/manager/lib/layer/1.9.3/layer.js
INFO: [ app_init ] --START--
INFO: Run Behavior\BuildLiteBehavior [ RunTime:0.000035s ]
INFO: [ app_init ] --END-- [ RunTime:0.002919s ]
INFO: [ app_begin ] --START--
INFO: Run Behavior\ReadHtmlCacheBehavior [ RunTime:0.001097s ]
INFO: [ app_begin ] --END-- [ RunTime:0.001254s ]
ERR: 非法操作:lib

[ 2015-09-15T23:51:31+08:00 ] 127.0.0.1 /blog/index.php/admin/manager/js/H-ui.js
INFO: [ app_init ] --START--
INFO: Run Behavior\BuildLiteBehavior [ RunTime:0.000033s ]
INFO: [ app_init ] --END-- [ RunTime:0.000817s ]
INFO: [ app_begin ] --START--
INFO: Run Behavior\ReadHtmlCacheBehavior [ RunTime:0.001227s ]
INFO: [ app_begin ] --END-- [ RunTime:0.001404s ]
ERR: 非法操作:js

[ 2015-09-15T23:51:31+08:00 ] 127.0.0.1 /blog/index.php/admin/manager/js/H-ui.admin.js
INFO: [ app_init ] --START--
INFO: Run Behavior\BuildLiteBehavior [ RunTime:0.000152s ]
INFO: [ app_init ] --END-- [ RunTime:0.001573s ]
INFO: [ app_begin ] --START--
INFO: Run Behavior\ReadHtmlCacheBehavior [ RunTime:0.001203s ]
INFO: [ app_begin ] --END-- [ RunTime:0.001364s ]
ERR: 非法操作:js

[ 2015-09-15T23:52:09+08:00 ] 127.0.0.1 /blog/index.php/admin/manager/index
INFO: [ app_init ] --START--
INFO: Run Behavior\BuildLiteBehavior [ RunTime:0.000024s ]
INFO: [ app_init ] --END-- [ RunTime:0.000590s ]
INFO: [ app_begin ] --START--
INFO: Run Behavior\ReadHtmlCacheBehavior [ RunTime:0.000802s ]
INFO: [ app_begin ] --END-- [ RunTime:0.000903s ]
INFO: [ view_parse ] --START--
NOTIC: [8] Use of undefined constant Admin_CSS_PATH - assumed 'Admin_CSS_PATH' D:\itcast\homework\TPframework\blog\Runtime\Cache\18c66faba187b0908475e039668eb9d92812fb16.file.index.html.php 第 37 行.
NOTIC: [8] Use of undefined constant Admin_CSS_PATH - assumed 'Admin_CSS_PATH' D:\itcast\homework\TPframework\blog\Runtime\Cache\18c66faba187b0908475e039668eb9d92812fb16.file.index.html.php 第 39 行.
NOTIC: [8] Use of undefined constant Admin_CSS_PATH - assumed 'Admin_CSS_PATH' D:\itcast\homework\TPframework\blog\Runtime\Cache\18c66faba187b0908475e039668eb9d92812fb16.file.index.html.php 第 43 行.
INFO: Run Behavior\ParseTemplateBehavior [ RunTime:0.016811s ]
INFO: [ view_parse ] --END-- [ RunTime:0.016912s ]
INFO: [ view_filter ] --START--
INFO: Run Behavior\WriteHtmlCacheBehavior [ RunTime:0.000590s ]
INFO: [ view_filter ] --END-- [ RunTime:0.000667s ]
INFO: [ app_end ] --START--
INFO: Run Behavior\ShowPageTraceBehavior [ RunTime:0.001319s ]
INFO: [ app_end ] --END-- [ RunTime:0.001442s ]

[ 2015-09-15T23:52:09+08:00 ] 127.0.0.1 /blog/index.php/admin/manager/Admin_CSS_PATHH-ui.min.css
INFO: [ app_init ] --START--
INFO: Run Behavior\BuildLiteBehavior [ RunTime:0.000037s ]
INFO: [ app_init ] --END-- [ RunTime:0.000904s ]
INFO: [ app_begin ] --START--
INFO: Run Behavior\ReadHtmlCacheBehavior [ RunTime:0.002474s ]
INFO: [ app_begin ] --END-- [ RunTime:0.002625s ]
ERR: 非法操作:Admin_CSS_PATHH-ui.min.css

[ 2015-09-15T23:52:09+08:00 ] 127.0.0.1 /blog/index.php/admin/manager/skin/default/skin.css
INFO: [ app_init ] --START--
INFO: Run Behavior\BuildLiteBehavior [ RunTime:0.000032s ]
INFO: [ app_init ] --END-- [ RunTime:0.001777s ]
INFO: [ app_begin ] --START--
INFO: Run Behavior\ReadHtmlCacheBehavior [ RunTime:0.002855s ]
INFO: [ app_begin ] --END-- [ RunTime:0.003006s ]
ERR: 非法操作:skin

[ 2015-09-15T23:52:09+08:00 ] 127.0.0.1 /blog/index.php/admin/manager/lib/Hui-iconfont/1.0.1/iconfont.css
INFO: [ app_init ] --START--
INFO: Run Behavior\BuildLiteBehavior [ RunTime:0.000033s ]
INFO: [ app_init ] --END-- [ RunTime:0.001802s ]
INFO: [ app_begin ] --START--
INFO: Run Behavior\ReadHtmlCacheBehavior [ RunTime:0.003234s ]
INFO: [ app_begin ] --END-- [ RunTime:0.003416s ]
ERR: 非法操作:lib

[ 2015-09-15T23:52:09+08:00 ] 127.0.0.1 /blog/index.php/admin/manager/lib/jquery/1.9.1/jquery.min.js
INFO: [ app_init ] --START--
INFO: Run Behavior\BuildLiteBehavior [ RunTime:0.000038s ]
INFO: [ app_init ] --END-- [ RunTime:0.002823s ]
INFO: [ app_begin ] --START--
INFO: Run Behavior\ReadHtmlCacheBehavior [ RunTime:0.001500s ]
INFO: [ app_begin ] --END-- [ RunTime:0.001683s ]
ERR: 非法操作:lib

[ 2015-09-15T23:52:09+08:00 ] 127.0.0.1 /blog/index.php/admin/manager/Admin_CSS_PATHH-ui.admin.css
INFO: [ app_init ] --START--
INFO: Run Behavior\BuildLiteBehavior [ RunTime:0.000035s ]
INFO: [ app_init ] --END-- [ RunTime:0.000866s ]
INFO: [ app_begin ] --START--
INFO: Run Behavior\ReadHtmlCacheBehavior [ RunTime:0.001112s ]
INFO: [ app_begin ] --END-- [ RunTime:0.001254s ]
ERR: 非法操作:Admin_CSS_PATHH-ui.admin.css

[ 2015-09-15T23:52:09+08:00 ] 127.0.0.1 /blog/index.php/admin/manager/js/H-ui.js
INFO: [ app_init ] --START--
INFO: Run Behavior\BuildLiteBehavior [ RunTime:0.000037s ]
INFO: [ app_init ] --END-- [ RunTime:0.000842s ]
INFO: [ app_begin ] --START--
INFO: Run Behavior\ReadHtmlCacheBehavior [ RunTime:0.001083s ]
INFO: [ app_begin ] --END-- [ RunTime:0.001219s ]
ERR: 非法操作:js

[ 2015-09-15T23:52:09+08:00 ] 127.0.0.1 /blog/index.php/admin/manager/Admin_CSS_PATHstyle.css
INFO: [ app_init ] --START--
INFO: Run Behavior\BuildLiteBehavior [ RunTime:0.000033s ]
INFO: [ app_init ] --END-- [ RunTime:0.000814s ]
INFO: [ app_begin ] --START--
INFO: Run Behavior\ReadHtmlCacheBehavior [ RunTime:0.001338s ]
INFO: [ app_begin ] --END-- [ RunTime:0.001531s ]
ERR: 非法操作:Admin_CSS_PATHstyle.css

[ 2015-09-15T23:52:09+08:00 ] 127.0.0.1 /blog/index.php/admin/manager/js/H-ui.admin.js
INFO: [ app_init ] --START--
INFO: Run Behavior\BuildLiteBehavior [ RunTime:0.000033s ]
INFO: [ app_init ] --END-- [ RunTime:0.000804s ]
INFO: [ app_begin ] --START--
INFO: Run Behavior\ReadHtmlCacheBehavior [ RunTime:0.001138s ]
INFO: [ app_begin ] --END-- [ RunTime:0.001293s ]
ERR: 非法操作:js

[ 2015-09-15T23:52:09+08:00 ] 127.0.0.1 /blog/index.php/admin/manager/lib/layer/1.9.3/layer.js
INFO: [ app_init ] --START--
INFO: Run Behavior\BuildLiteBehavior [ RunTime:0.000039s ]
INFO: [ app_init ] --END-- [ RunTime:0.001031s ]
INFO: [ app_begin ] --START--
INFO: Run Behavior\ReadHtmlCacheBehavior [ RunTime:0.002219s ]
INFO: [ app_begin ] --END-- [ RunTime:0.002405s ]
ERR: 非法操作:lib

[ 2015-09-15T23:52:09+08:00 ] 127.0.0.1 /blog/index.php/admin/manager/welcome.html
INFO: [ app_init ] --START--
INFO: Run Behavior\BuildLiteBehavior [ RunTime:0.000086s ]
INFO: [ app_init ] --END-- [ RunTime:0.001362s ]
INFO: [ app_begin ] --START--
INFO: Run Behavior\ReadHtmlCacheBehavior [ RunTime:0.001085s ]
INFO: [ app_begin ] --END-- [ RunTime:0.001231s ]
ERR: 非法操作:welcome

[ 2015-09-15T23:52:16+08:00 ] 127.0.0.1 /blog/index.php/admin/manager/Admin_CSS_PATHH-ui.admin.css
INFO: [ app_init ] --START--
INFO: Run Behavior\BuildLiteBehavior [ RunTime:0.000035s ]
INFO: [ app_init ] --END-- [ RunTime:0.001005s ]
INFO: [ app_begin ] --START--
INFO: Run Behavior\ReadHtmlCacheBehavior [ RunTime:0.001496s ]
INFO: [ app_begin ] --END-- [ RunTime:0.001661s ]
ERR: 非法操作:Admin_CSS_PATHH-ui.admin.css

[ 2015-09-15T23:52:16+08:00 ] 127.0.0.1 /blog/index.php/admin/manager/skin/default/skin.css
INFO: [ app_init ] --START--
INFO: Run Behavior\BuildLiteBehavior [ RunTime:0.000035s ]
INFO: [ app_init ] --END-- [ RunTime:0.000976s ]
INFO: [ app_begin ] --START--
INFO: Run Behavior\ReadHtmlCacheBehavior [ RunTime:0.001301s ]
INFO: [ app_begin ] --END-- [ RunTime:0.001470s ]
ERR: 非法操作:skin

[ 2015-09-15T23:52:16+08:00 ] 127.0.0.1 /blog/index.php/admin/manager/Admin_CSS_PATHstyle.css
INFO: [ app_init ] --START--
INFO: Run Behavior\BuildLiteBehavior [ RunTime:0.000042s ]
INFO: [ app_init ] --END-- [ RunTime:0.007206s ]
INFO: [ app_begin ] --START--
INFO: Run Behavior\ReadHtmlCacheBehavior [ RunTime:0.001295s ]
INFO: [ app_begin ] --END-- [ RunTime:0.001445s ]
ERR: 非法操作:Admin_CSS_PATHstyle.css

[ 2015-09-15T23:52:16+08:00 ] 127.0.0.1 /blog/index.php/admin/manager/Admin_CSS_PATHH-ui.min.css
INFO: [ app_init ] --START--
INFO: Run Behavior\BuildLiteBehavior [ RunTime:0.000034s ]
INFO: [ app_init ] --END-- [ RunTime:0.001611s ]
INFO: [ app_begin ] --START--
INFO: Run Behavior\ReadHtmlCacheBehavior [ RunTime:0.001121s ]
INFO: [ app_begin ] --END-- [ RunTime:0.001275s ]
ERR: 非法操作:Admin_CSS_PATHH-ui.min.css

[ 2015-09-15T23:52:16+08:00 ] 127.0.0.1 /blog/index.php/admin/manager/lib/Hui-iconfont/1.0.1/iconfont.css
INFO: [ app_init ] --START--
INFO: Run Behavior\BuildLiteBehavior [ RunTime:0.000036s ]
INFO: [ app_init ] --END-- [ RunTime:0.001518s ]
INFO: [ app_begin ] --START--
INFO: Run Behavior\ReadHtmlCacheBehavior [ RunTime:0.001120s ]
INFO: [ app_begin ] --END-- [ RunTime:0.001257s ]
ERR: 非法操作:lib

[ 2015-09-15T23:53:52+08:00 ] 127.0.0.1 /blog/index.php/admin/manager/index
INFO: [ app_init ] --START--
INFO: Run Behavior\BuildLiteBehavior [ RunTime:0.000025s ]
INFO: [ app_init ] --END-- [ RunTime:0.000731s ]
INFO: [ app_begin ] --START--
INFO: Run Behavior\ReadHtmlCacheBehavior [ RunTime:0.001174s ]
INFO: [ app_begin ] --END-- [ RunTime:0.001312s ]
INFO: [ view_parse ] --START--
INFO: Run Behavior\ParseTemplateBehavior [ RunTime:0.154033s ]
INFO: [ view_parse ] --END-- [ RunTime:0.154160s ]
INFO: [ view_filter ] --START--
INFO: Run Behavior\WriteHtmlCacheBehavior [ RunTime:0.001171s ]
INFO: [ view_filter ] --END-- [ RunTime:0.001272s ]
INFO: [ app_end ] --START--
INFO: Run Behavior\ShowPageTraceBehavior [ RunTime:0.001400s ]
INFO: [ app_end ] --END-- [ RunTime:0.001570s ]

[ 2015-09-15T23:53:53+08:00 ] 127.0.0.1 /blog/index.php/admin/manager/lib/Hui-iconfont/1.0.1/iconfont.css
INFO: [ app_init ] --START--
INFO: Run Behavior\BuildLiteBehavior [ RunTime:0.000035s ]
INFO: [ app_init ] --END-- [ RunTime:0.000974s ]
INFO: [ app_begin ] --START--
INFO: Run Behavior\ReadHtmlCacheBehavior [ RunTime:0.001763s ]
INFO: [ app_begin ] --END-- [ RunTime:0.001914s ]
ERR: 非法操作:lib

[ 2015-09-15T23:53:53+08:00 ] 127.0.0.1 /blog/index.php/admin/manager/skin/default/skin.css
INFO: [ app_init ] --START--
INFO: Run Behavior\BuildLiteBehavior [ RunTime:0.000033s ]
INFO: [ app_init ] --END-- [ RunTime:0.000915s ]
INFO: [ app_begin ] --START--
INFO: Run Behavior\ReadHtmlCacheBehavior [ RunTime:0.001372s ]
INFO: [ app_begin ] --END-- [ RunTime:0.001523s ]
ERR: 非法操作:skin

[ 2015-09-15T23:53:53+08:00 ] 127.0.0.1 /blog/index.php/admin/manager/lib/layer/1.9.3/layer.js
INFO: [ app_init ] --START--
INFO: Run Behavior\BuildLiteBehavior [ RunTime:0.000037s ]
INFO: [ app_init ] --END-- [ RunTime:0.001036s ]
INFO: [ app_begin ] --START--
INFO: Run Behavior\ReadHtmlCacheBehavior [ RunTime:0.001449s ]
INFO: [ app_begin ] --END-- [ RunTime:0.001727s ]
ERR: 非法操作:lib

[ 2015-09-15T23:53:53+08:00 ] 127.0.0.1 /blog/index.php/admin/manager/lib/jquery/1.9.1/jquery.min.js
INFO: [ app_init ] --START--
INFO: Run Behavior\BuildLiteBehavior [ RunTime:0.000036s ]
INFO: [ app_init ] --END-- [ RunTime:0.001059s ]
INFO: [ app_begin ] --START--
INFO: Run Behavior\ReadHtmlCacheBehavior [ RunTime:0.001559s ]
INFO: [ app_begin ] --END-- [ RunTime:0.001725s ]
ERR: 非法操作:lib

[ 2015-09-15T23:53:53+08:00 ] 127.0.0.1 /blog/index.php/admin/manager/js/H-ui.js
INFO: [ app_init ] --START--
INFO: Run Behavior\BuildLiteBehavior [ RunTime:0.000033s ]
INFO: [ app_init ] --END-- [ RunTime:0.000914s ]
INFO: [ app_begin ] --START--
INFO: Run Behavior\ReadHtmlCacheBehavior [ RunTime:0.001184s ]
INFO: [ app_begin ] --END-- [ RunTime:0.001322s ]
ERR: 非法操作:js

[ 2015-09-15T23:53:53+08:00 ] 127.0.0.1 /blog/index.php/admin/manager/js/H-ui.admin.js
INFO: [ app_init ] --START--
INFO: Run Behavior\BuildLiteBehavior [ RunTime:0.000031s ]
INFO: [ app_init ] --END-- [ RunTime:0.000959s ]
INFO: [ app_begin ] --START--
INFO: Run Behavior\ReadHtmlCacheBehavior [ RunTime:0.001554s ]
INFO: [ app_begin ] --END-- [ RunTime:0.001740s ]
ERR: 非法操作:js

[ 2015-09-15T23:53:53+08:00 ] 127.0.0.1 /blog/index.php/admin/manager/welcome.html
INFO: [ app_init ] --START--
INFO: Run Behavior\BuildLiteBehavior [ RunTime:0.000037s ]
INFO: [ app_init ] --END-- [ RunTime:0.000851s ]
INFO: [ app_begin ] --START--
INFO: Run Behavior\ReadHtmlCacheBehavior [ RunTime:0.001319s ]
INFO: [ app_begin ] --END-- [ RunTime:0.001533s ]
ERR: 非法操作:welcome

[ 2015-09-15T23:56:19+08:00 ] 127.0.0.1 /blog/index.php/admin/manager/index
INFO: [ app_init ] --START--
INFO: Run Behavior\BuildLiteBehavior [ RunTime:0.000031s ]
INFO: [ app_init ] --END-- [ RunTime:0.000739s ]
INFO: [ app_begin ] --START--
INFO: Run Behavior\ReadHtmlCacheBehavior [ RunTime:0.001912s ]
INFO: [ app_begin ] --END-- [ RunTime:0.002073s ]
INFO: [ view_parse ] --START--
INFO: Run Behavior\ParseTemplateBehavior [ RunTime:0.158736s ]
INFO: [ view_parse ] --END-- [ RunTime:0.158867s ]
INFO: [ view_filter ] --START--
INFO: Run Behavior\WriteHtmlCacheBehavior [ RunTime:0.001032s ]
INFO: [ view_filter ] --END-- [ RunTime:0.001110s ]
INFO: [ app_end ] --START--
INFO: Run Behavior\ShowPageTraceBehavior [ RunTime:0.001237s ]
INFO: [ app_end ] --END-- [ RunTime:0.001339s ]

[ 2015-09-15T23:56:19+08:00 ] 127.0.0.1 /blog/index.php/admin/manager/lib/jquery/1.9.1/jquery.min.js
INFO: [ app_init ] --START--
INFO: Run Behavior\BuildLiteBehavior [ RunTime:0.000040s ]
INFO: [ app_init ] --END-- [ RunTime:0.001153s ]
INFO: [ app_begin ] --START--
INFO: Run Behavior\ReadHtmlCacheBehavior [ RunTime:0.001594s ]
INFO: [ app_begin ] --END-- [ RunTime:0.001781s ]
ERR: 非法操作:lib

[ 2015-09-15T23:56:19+08:00 ] 127.0.0.1 /blog/index.php/admin/manager/js/H-ui.js
INFO: [ app_init ] --START--
INFO: Run Behavior\BuildLiteBehavior [ RunTime:0.000039s ]
INFO: [ app_init ] --END-- [ RunTime:0.001033s ]
INFO: [ app_begin ] --START--
INFO: Run Behavior\ReadHtmlCacheBehavior [ RunTime:0.001530s ]
INFO: [ app_begin ] --END-- [ RunTime:0.001807s ]
ERR: 非法操作:js

[ 2015-09-15T23:56:19+08:00 ] 127.0.0.1 /blog/index.php/admin/manager/lib/layer/1.9.3/layer.js
INFO: [ app_init ] --START--
INFO: Run Behavior\BuildLiteBehavior [ RunTime:0.000038s ]
INFO: [ app_init ] --END-- [ RunTime:0.003162s ]
INFO: [ app_begin ] --START--
INFO: Run Behavior\ReadHtmlCacheBehavior [ RunTime:0.001480s ]
INFO: [ app_begin ] --END-- [ RunTime:0.001644s ]
ERR: 非法操作:lib

[ 2015-09-15T23:56:19+08:00 ] 127.0.0.1 /blog/index.php/admin/manager/welcome.html
INFO: [ app_init ] --START--
INFO: Run Behavior\BuildLiteBehavior [ RunTime:0.000050s ]
INFO: [ app_init ] --END-- [ RunTime:0.001177s ]
INFO: [ app_begin ] --START--
INFO: Run Behavior\ReadHtmlCacheBehavior [ RunTime:0.001510s ]
INFO: [ app_begin ] --END-- [ RunTime:0.001686s ]
ERR: 非法操作:welcome

[ 2015-09-15T23:56:19+08:00 ] 127.0.0.1 /blog/index.php/admin/manager/js/H-ui.admin.js
INFO: [ app_init ] --START--
INFO: Run Behavior\BuildLiteBehavior [ RunTime:0.000038s ]
INFO: [ app_init ] --END-- [ RunTime:0.001255s ]
INFO: [ app_begin ] --START--
INFO: Run Behavior\ReadHtmlCacheBehavior [ RunTime:0.003414s ]
INFO: [ app_begin ] --END-- [ RunTime:0.003605s ]
ERR: 非法操作:js

