[ 2015-10-13T22:18:38+08:00 ] 127.0.0.1 /blog/index.php/admin/manager/index
INFO: [ app_init ] --START--
INFO: Run Behavior\BuildLiteBehavior [ RunTime:0.000046s ]
INFO: [ app_init ] --END-- [ RunTime:0.001915s ]
INFO: [ app_begin ] --START--
INFO: Run Behavior\ReadHtmlCacheBehavior [ RunTime:0.002740s ]
INFO: [ app_begin ] --END-- [ RunTime:0.002965s ]

[ 2015-10-13T22:18:40+08:00 ] 127.0.0.1 /blog/index.php/Admin/login/index.html
INFO: [ app_init ] --START--
INFO: Run Behavior\BuildLiteBehavior [ RunTime:0.000046s ]
INFO: [ app_init ] --END-- [ RunTime:0.001292s ]
INFO: [ app_begin ] --START--
INFO: Run Behavior\ReadHtmlCacheBehavior [ RunTime:0.001979s ]
INFO: [ app_begin ] --END-- [ RunTime:0.002192s ]
INFO: [ view_parse ] --START--
INFO: Run Behavior\ParseTemplateBehavior [ RunTime:0.043406s ]
INFO: [ view_parse ] --END-- [ RunTime:0.043644s ]
INFO: [ view_filter ] --START--
INFO: Run Behavior\WriteHtmlCacheBehavior [ RunTime:0.001416s ]
INFO: [ view_filter ] --END-- [ RunTime:0.001600s ]
INFO: [ app_end ] --START--
INFO: Run Behavior\ShowPageTraceBehavior [ RunTime:0.003838s ]
INFO: [ app_end ] --END-- [ RunTime:0.004060s ]

[ 2015-10-13T22:18:43+08:00 ] 127.0.0.1 /blog/index.php/Admin/Login/captcha
INFO: [ app_init ] --START--
INFO: Run Behavior\BuildLiteBehavior [ RunTime:0.000043s ]
INFO: [ app_init ] --END-- [ RunTime:0.001291s ]
INFO: [ app_begin ] --START--
INFO: Run Behavior\ReadHtmlCacheBehavior [ RunTime:0.002059s ]
INFO: [ app_begin ] --END-- [ RunTime:0.002272s ]
INFO: [ app_end ] --START--
INFO: Run Behavior\ShowPageTraceBehavior [ RunTime:0.002830s ]
INFO: [ app_end ] --END-- [ RunTime:0.003205s ]

[ 2015-10-13T22:19:16+08:00 ] 127.0.0.1 /blog/index.php/Admin/login/index.html
INFO: [ app_init ] --START--
INFO: Run Behavior\BuildLiteBehavior [ RunTime:0.000053s ]
INFO: [ app_init ] --END-- [ RunTime:0.003898s ]
INFO: [ app_begin ] --START--
INFO: Run Behavior\ReadHtmlCacheBehavior [ RunTime:0.001915s ]
INFO: [ app_begin ] --END-- [ RunTime:0.002159s ]
SQL: SHOW COLUMNS FROM `xw_manager` [ RunTime:0.0176s ]
SQL: SELECT * FROM `xw_manager` WHERE ( mg_nick='austere' and password='31051c3285cc79f3b43df6b92df7b00264792d9b' ) LIMIT 1   [ RunTime:0.0299s ]
SQL: update xw_manager set `last_login_ip`= inet_aton('127.0.0.1'),last_login_time=login_time,login_time=unix_timestamp(),login_times=login_times+1 where mid=1 [ RunTime:0.1828s ]
NOTIC: [8] Undefined index: online D:\itcast\homework\TPframework\blog\Admin\Controller\LoginController.class.php 第 52 行.

[ 2015-10-13T22:19:16+08:00 ] 127.0.0.1 /blog/index.php/Admin/manager/index.html
INFO: [ app_init ] --START--
INFO: Run Behavior\BuildLiteBehavior [ RunTime:0.000070s ]
INFO: [ app_init ] --END-- [ RunTime:0.002461s ]
INFO: [ app_begin ] --START--
INFO: Run Behavior\ReadHtmlCacheBehavior [ RunTime:0.001789s ]
INFO: [ app_begin ] --END-- [ RunTime:0.002014s ]
SQL: SHOW COLUMNS FROM `xw_manager` [ RunTime:0.0210s ]
SQL: select count(*) from xw_manager where mid='1' and mg_nick='austere' [ RunTime:0.1295s ]
INFO: [ view_parse ] --START--
INFO: Run Behavior\ParseTemplateBehavior [ RunTime:0.053495s ]
INFO: [ view_parse ] --END-- [ RunTime:0.053738s ]
INFO: [ view_filter ] --START--
INFO: Run Behavior\WriteHtmlCacheBehavior [ RunTime:0.001557s ]
INFO: [ view_filter ] --END-- [ RunTime:0.001740s ]
INFO: [ app_end ] --START--
INFO: Run Behavior\ShowPageTraceBehavior [ RunTime:0.001914s ]
INFO: [ app_end ] --END-- [ RunTime:0.002133s ]

[ 2015-10-13T22:19:17+08:00 ] 127.0.0.1 /blog/index.php/Admin/manager/welcome.html
INFO: [ app_init ] --START--
INFO: Run Behavior\BuildLiteBehavior [ RunTime:0.000061s ]
INFO: [ app_init ] --END-- [ RunTime:0.001711s ]
INFO: [ app_begin ] --START--
INFO: Run Behavior\ReadHtmlCacheBehavior [ RunTime:0.001969s ]
INFO: [ app_begin ] --END-- [ RunTime:0.002176s ]
SQL: SHOW COLUMNS FROM `xw_manager` [ RunTime:0.0192s ]
SQL: select count(*) from xw_manager where mid='1' and mg_nick='austere' [ RunTime:0.0009s ]
INFO: [ view_parse ] --START--
INFO: Run Behavior\ParseTemplateBehavior [ RunTime:0.045890s ]
INFO: [ view_parse ] --END-- [ RunTime:0.046211s ]
INFO: [ view_filter ] --START--
INFO: Run Behavior\WriteHtmlCacheBehavior [ RunTime:0.001412s ]
INFO: [ view_filter ] --END-- [ RunTime:0.001718s ]
INFO: [ app_end ] --START--
INFO: Run Behavior\ShowPageTraceBehavior [ RunTime:0.001902s ]
INFO: [ app_end ] --END-- [ RunTime:0.002121s ]

[ 2015-10-13T22:19:19+08:00 ] 127.0.0.1 /blog/index.php/Admin/manager/js/H-ui.js
INFO: [ app_init ] --START--
INFO: Run Behavior\BuildLiteBehavior [ RunTime:0.000088s ]
INFO: [ app_init ] --END-- [ RunTime:0.002345s ]
INFO: [ app_begin ] --START--
INFO: Run Behavior\ReadHtmlCacheBehavior [ RunTime:0.002689s ]
INFO: [ app_begin ] --END-- [ RunTime:0.003026s ]
SQL: SHOW COLUMNS FROM `xw_manager` [ RunTime:0.0157s ]
SQL: select count(*) from xw_manager where mid='1' and mg_nick='austere' [ RunTime:0.0008s ]
ERR: 非法操作:js

[ 2015-10-13T22:19:35+08:00 ] 127.0.0.1 /blog/index.php/Admin/User/index
INFO: [ app_init ] --START--
INFO: Run Behavior\BuildLiteBehavior [ RunTime:0.000043s ]
INFO: [ app_init ] --END-- [ RunTime:0.001304s ]
INFO: [ app_begin ] --START--
INFO: Run Behavior\ReadHtmlCacheBehavior [ RunTime:0.001664s ]
INFO: [ app_begin ] --END-- [ RunTime:0.001864s ]
SQL: SHOW COLUMNS FROM `xw_manager` [ RunTime:0.0167s ]
SQL: select count(*) from xw_manager where mid='1' and mg_nick='austere' [ RunTime:0.0009s ]
SQL: SHOW COLUMNS FROM `xw_user` [ RunTime:0.0685s ]
SQL: select u.uid,u.user_name,u.user_email,count('c.*') as comment_number,c.comments from xw_comments as c inner join xw_user as u on u.uid = c.uid  where u.is_approved=1 group by c.uid order by u.create_time desc [ RunTime:0.0832s ]
INFO: [ view_parse ] --START--
INFO: Run Behavior\ParseTemplateBehavior [ RunTime:0.036356s ]
INFO: [ view_parse ] --END-- [ RunTime:0.036563s ]
INFO: [ view_filter ] --START--
INFO: Run Behavior\WriteHtmlCacheBehavior [ RunTime:0.003507s ]
INFO: [ view_filter ] --END-- [ RunTime:0.003695s ]
INFO: [ app_end ] --START--
INFO: Run Behavior\ShowPageTraceBehavior [ RunTime:0.002304s ]
INFO: [ app_end ] --END-- [ RunTime:0.002519s ]

[ 2015-10-13T22:20:03+08:00 ] 127.0.0.1 /blog/index.php/Admin/comment/index
INFO: [ app_init ] --START--
INFO: Run Behavior\BuildLiteBehavior [ RunTime:0.000043s ]
INFO: [ app_init ] --END-- [ RunTime:0.001382s ]
INFO: [ app_begin ] --START--
INFO: Run Behavior\ReadHtmlCacheBehavior [ RunTime:0.001777s ]
INFO: [ app_begin ] --END-- [ RunTime:0.001971s ]
SQL: SHOW COLUMNS FROM `xw_manager` [ RunTime:0.0346s ]
SQL: select count(*) from xw_manager where mid='1' and mg_nick='austere' [ RunTime:0.0009s ]
SQL: SHOW COLUMNS FROM `xw_comments` [ RunTime:0.0189s ]
SQL: select u.user_name,b.blog_title,c.* from xw_blog as b inner join xw_comments as c on b.blog_id = c.blog_id inner join xw_user as u on u.uid = c.uid where c.is_approved=1 order by c.blog_id and c.path asc [ RunTime:0.0207s ]
INFO: [ view_parse ] --START--
INFO: Run Behavior\ParseTemplateBehavior [ RunTime:0.078528s ]
INFO: [ view_parse ] --END-- [ RunTime:0.078833s ]
INFO: [ view_filter ] --START--
INFO: Run Behavior\WriteHtmlCacheBehavior [ RunTime:0.003346s ]
INFO: [ view_filter ] --END-- [ RunTime:0.003717s ]
INFO: [ app_end ] --START--
INFO: Run Behavior\ShowPageTraceBehavior [ RunTime:0.003353s ]
INFO: [ app_end ] --END-- [ RunTime:0.003922s ]

[ 2015-10-13T22:20:32+08:00 ] 127.0.0.1 /blog/index.php/Admin/Blog/index
INFO: [ app_init ] --START--
INFO: Run Behavior\BuildLiteBehavior [ RunTime:0.000049s ]
INFO: [ app_init ] --END-- [ RunTime:0.001464s ]
INFO: [ app_begin ] --START--
INFO: Run Behavior\ReadHtmlCacheBehavior [ RunTime:0.001950s ]
INFO: [ app_begin ] --END-- [ RunTime:0.002188s ]
SQL: SHOW COLUMNS FROM `xw_manager` [ RunTime:0.0139s ]
SQL: select count(*) from xw_manager where mid='1' and mg_nick='austere' [ RunTime:0.0011s ]
SQL: SHOW COLUMNS FROM `xw_cat` [ RunTime:0.0967s ]
SQL: SELECT * FROM `xw_cat`  [ RunTime:0.0018s ]
SQL: SELECT `cat_id`,`cat_pid`,cat_name as name FROM `xw_cat`  [ RunTime:0.0013s ]
SQL: SHOW COLUMNS FROM `xw_blog` [ RunTime:0.0196s ]
SQL: select * from xw_blog as a inner join xw_cat as b on a.cat_id = b.cat_id where a.is_finished=1 order by b.cat_name desc [ RunTime:0.0312s ]
INFO: [ view_parse ] --START--
INFO: Run Behavior\ParseTemplateBehavior [ RunTime:0.086199s ]
INFO: [ view_parse ] --END-- [ RunTime:0.086529s ]
INFO: [ view_filter ] --START--
INFO: Run Behavior\WriteHtmlCacheBehavior [ RunTime:0.002086s ]
INFO: [ view_filter ] --END-- [ RunTime:0.002395s ]
INFO: [ app_end ] --START--
INFO: Run Behavior\ShowPageTraceBehavior [ RunTime:0.003506s ]
INFO: [ app_end ] --END-- [ RunTime:0.003819s ]

