[ 2015-10-07T19:41:33+08:00 ] 127.0.0.1 /blog/index.php/Admin/manager/index
INFO: [ app_init ] --START--
INFO: Run Behavior\BuildLiteBehavior [ RunTime:0.000050s ]
INFO: [ app_init ] --END-- [ RunTime:0.001938s ]
INFO: [ app_begin ] --START--
INFO: Run Behavior\ReadHtmlCacheBehavior [ RunTime:0.002251s ]
INFO: [ app_begin ] --END-- [ RunTime:0.002510s ]
INFO: [ view_parse ] --START--
INFO: Run Behavior\ParseTemplateBehavior [ RunTime:0.119838s ]
INFO: [ view_parse ] --END-- [ RunTime:0.120067s ]
INFO: [ view_filter ] --START--
INFO: Run Behavior\WriteHtmlCacheBehavior [ RunTime:0.001581s ]
INFO: [ view_filter ] --END-- [ RunTime:0.001770s ]
INFO: [ app_end ] --START--
INFO: Run Behavior\ShowPageTraceBehavior [ RunTime:0.004554s ]
INFO: [ app_end ] --END-- [ RunTime:0.004792s ]

[ 2015-10-07T19:41:34+08:00 ] 127.0.0.1 /blog/index.php/Admin/manager/welcome.html
INFO: [ app_init ] --START--
INFO: Run Behavior\BuildLiteBehavior [ RunTime:0.000048s ]
INFO: [ app_init ] --END-- [ RunTime:0.001763s ]
INFO: [ app_begin ] --START--
INFO: Run Behavior\ReadHtmlCacheBehavior [ RunTime:0.002353s ]
INFO: [ app_begin ] --END-- [ RunTime:0.002572s ]
INFO: [ view_parse ] --START--
INFO: Run Behavior\ParseTemplateBehavior [ RunTime:0.160675s ]
INFO: [ view_parse ] --END-- [ RunTime:0.160931s ]
INFO: [ view_filter ] --START--
INFO: Run Behavior\WriteHtmlCacheBehavior [ RunTime:0.001513s ]
INFO: [ view_filter ] --END-- [ RunTime:0.001700s ]
INFO: [ app_end ] --START--
INFO: Run Behavior\ShowPageTraceBehavior [ RunTime:0.002170s ]
INFO: [ app_end ] --END-- [ RunTime:0.002367s ]

[ 2015-10-07T19:41:36+08:00 ] 127.0.0.1 /blog/index.php/Admin/manager/js/H-ui.js
INFO: [ app_init ] --START--
INFO: Run Behavior\BuildLiteBehavior [ RunTime:0.000063s ]
INFO: [ app_init ] --END-- [ RunTime:0.001952s ]
INFO: [ app_begin ] --START--
INFO: Run Behavior\ReadHtmlCacheBehavior [ RunTime:0.003592s ]
INFO: [ app_begin ] --END-- [ RunTime:0.003978s ]
ERR: 非法操作:js

[ 2015-10-07T19:41:43+08:00 ] 127.0.0.1 /blog/index.php/Admin/Category/index
INFO: [ app_init ] --START--
INFO: Run Behavior\BuildLiteBehavior [ RunTime:0.000048s ]
INFO: [ app_init ] --END-- [ RunTime:0.002001s ]
INFO: [ app_begin ] --START--
INFO: Run Behavior\ReadHtmlCacheBehavior [ RunTime:0.001973s ]
INFO: [ app_begin ] --END-- [ RunTime:0.002213s ]
INFO: [ view_parse ] --START--
INFO: Run Behavior\ParseTemplateBehavior [ RunTime:0.055096s ]
INFO: [ view_parse ] --END-- [ RunTime:0.055413s ]
INFO: [ view_filter ] --START--
INFO: Run Behavior\WriteHtmlCacheBehavior [ RunTime:0.002836s ]
INFO: [ view_filter ] --END-- [ RunTime:0.003025s ]
INFO: [ app_end ] --START--
INFO: Run Behavior\ShowPageTraceBehavior [ RunTime:0.001727s ]
INFO: [ app_end ] --END-- [ RunTime:0.001919s ]

[ 2015-10-07T19:41:43+08:00 ] 127.0.0.1 /blog/index.php/Admin/Category/add
INFO: [ app_init ] --START--
INFO: Run Behavior\BuildLiteBehavior [ RunTime:0.000042s ]
INFO: [ app_init ] --END-- [ RunTime:0.001211s ]
INFO: [ app_begin ] --START--
INFO: Run Behavior\ReadHtmlCacheBehavior [ RunTime:0.001781s ]
INFO: [ app_begin ] --END-- [ RunTime:0.001981s ]
INFO: [ view_parse ] --START--
INFO: Run Behavior\ParseTemplateBehavior [ RunTime:0.121424s ]
INFO: [ view_parse ] --END-- [ RunTime:0.121679s ]
INFO: [ view_filter ] --START--
INFO: Run Behavior\WriteHtmlCacheBehavior [ RunTime:0.001103s ]
INFO: [ view_filter ] --END-- [ RunTime:0.001279s ]
INFO: [ app_end ] --START--
INFO: Run Behavior\ShowPageTraceBehavior [ RunTime:0.002485s ]
INFO: [ app_end ] --END-- [ RunTime:0.002701s ]

[ 2015-10-07T19:42:25+08:00 ] 127.0.0.1 /blog/index.php/Admin/comment/index
INFO: [ app_init ] --START--
INFO: Run Behavior\BuildLiteBehavior [ RunTime:0.000064s ]
INFO: [ app_init ] --END-- [ RunTime:0.001405s ]
INFO: [ app_begin ] --START--
INFO: Run Behavior\ReadHtmlCacheBehavior [ RunTime:0.001790s ]
INFO: [ app_begin ] --END-- [ RunTime:0.001997s ]
SQL: SHOW COLUMNS FROM `xw_comments` [ RunTime:0.1485s ]
SQL: select u.user_name,b.blog_title,c.* from xw_blog as b inner join xw_comments as c on b.blog_id = c.blog_id inner join xw_user as u on u.uid = c.uid where is_approved=1 order by c.blog_id and c.path asc [ RunTime:0.2918s ]
INFO: [ view_parse ] --START--
INFO: Run Behavior\ParseTemplateBehavior [ RunTime:0.177811s ]
INFO: [ view_parse ] --END-- [ RunTime:0.178115s ]
INFO: [ view_filter ] --START--
INFO: Run Behavior\WriteHtmlCacheBehavior [ RunTime:0.001144s ]
INFO: [ view_filter ] --END-- [ RunTime:0.001380s ]
INFO: [ app_end ] --START--
INFO: Run Behavior\ShowPageTraceBehavior [ RunTime:0.002628s ]
INFO: [ app_end ] --END-- [ RunTime:0.002905s ]

[ 2015-10-07T19:42:30+08:00 ] 127.0.0.1 /blog/index.php/Admin/comment/approve
INFO: [ app_init ] --START--
INFO: Run Behavior\BuildLiteBehavior [ RunTime:0.000048s ]
INFO: [ app_init ] --END-- [ RunTime:0.001431s ]
INFO: [ app_begin ] --START--
INFO: Run Behavior\ReadHtmlCacheBehavior [ RunTime:0.001945s ]
INFO: [ app_begin ] --END-- [ RunTime:0.002222s ]
SQL: SHOW COLUMNS FROM `xw_comments` [ RunTime:0.0146s ]
SQL: select u.user_name,b.blog_title,c.* from xw_blog as b inner join xw_comments as c on b.blog_id = c.blog_id inner join xw_user as u on u.uid = c.uid where is_approved=0 order by c.blog_id and c.path asc [ RunTime:0.0011s ]
INFO: [ view_parse ] --START--
INFO: Run Behavior\ParseTemplateBehavior [ RunTime:0.647897s ]
INFO: [ view_parse ] --END-- [ RunTime:0.648155s ]
INFO: [ view_filter ] --START--
INFO: Run Behavior\WriteHtmlCacheBehavior [ RunTime:0.002098s ]
INFO: [ view_filter ] --END-- [ RunTime:0.002298s ]
INFO: [ app_end ] --START--
INFO: Run Behavior\ShowPageTraceBehavior [ RunTime:0.002399s ]
INFO: [ app_end ] --END-- [ RunTime:0.002657s ]

[ 2015-10-07T19:44:31+08:00 ] 127.0.0.1 /blog/index.php/Admin/host/index
INFO: [ app_init ] --START--
INFO: Run Behavior\BuildLiteBehavior [ RunTime:0.000047s ]
INFO: [ app_init ] --END-- [ RunTime:0.001902s ]
INFO: [ app_begin ] --START--
INFO: Run Behavior\ReadHtmlCacheBehavior [ RunTime:0.003581s ]
INFO: [ app_begin ] --END-- [ RunTime:0.003795s ]
SQL: SHOW COLUMNS FROM `xw_manager` [ RunTime:0.0492s ]
SQL: SELECT * FROM `xw_manager`  [ RunTime:0.0011s ]
INFO: [ view_parse ] --START--
INFO: Run Behavior\ParseTemplateBehavior [ RunTime:0.103176s ]
INFO: [ view_parse ] --END-- [ RunTime:0.103580s ]
INFO: [ view_filter ] --START--
INFO: Run Behavior\WriteHtmlCacheBehavior [ RunTime:0.002427s ]
INFO: [ view_filter ] --END-- [ RunTime:0.002692s ]
INFO: [ app_end ] --START--
INFO: Run Behavior\ShowPageTraceBehavior [ RunTime:0.002143s ]
INFO: [ app_end ] --END-- [ RunTime:0.002334s ]

[ 2015-10-07T19:44:35+08:00 ] 127.0.0.1 /blog/index.php/Admin/event/index
INFO: [ app_init ] --START--
INFO: Run Behavior\BuildLiteBehavior [ RunTime:0.000057s ]
INFO: [ app_init ] --END-- [ RunTime:0.001325s ]
INFO: [ app_begin ] --START--
INFO: Run Behavior\ReadHtmlCacheBehavior [ RunTime:0.002342s ]
INFO: [ app_begin ] --END-- [ RunTime:0.002555s ]
SQL: SHOW COLUMNS FROM `xw_event` [ RunTime:0.0131s ]
SQL: SELECT * FROM `xw_event` ORDER BY evt_id asc  [ RunTime:0.0012s ]
INFO: [ view_parse ] --START--
INFO: Run Behavior\ParseTemplateBehavior [ RunTime:0.104907s ]
INFO: [ view_parse ] --END-- [ RunTime:0.105201s ]
INFO: [ view_filter ] --START--
INFO: Run Behavior\WriteHtmlCacheBehavior [ RunTime:0.000954s ]
INFO: [ view_filter ] --END-- [ RunTime:0.001117s ]
INFO: [ app_end ] --START--
INFO: Run Behavior\ShowPageTraceBehavior [ RunTime:0.063352s ]
INFO: [ app_end ] --END-- [ RunTime:0.063584s ]

[ 2015-10-07T19:44:42+08:00 ] 127.0.0.1 /blog/index.php/Admin/comment/index
INFO: [ app_init ] --START--
INFO: Run Behavior\BuildLiteBehavior [ RunTime:0.000062s ]
INFO: [ app_init ] --END-- [ RunTime:0.001514s ]
INFO: [ app_begin ] --START--
INFO: Run Behavior\ReadHtmlCacheBehavior [ RunTime:0.004685s ]
INFO: [ app_begin ] --END-- [ RunTime:0.004957s ]
SQL: SHOW COLUMNS FROM `xw_comments` [ RunTime:0.0132s ]
SQL: select u.user_name,b.blog_title,c.* from xw_blog as b inner join xw_comments as c on b.blog_id = c.blog_id inner join xw_user as u on u.uid = c.uid where is_approved=1 order by c.blog_id and c.path asc [ RunTime:0.0021s ]
INFO: [ view_parse ] --START--
INFO: Run Behavior\ParseTemplateBehavior [ RunTime:0.036226s ]
INFO: [ view_parse ] --END-- [ RunTime:0.036449s ]
INFO: [ view_filter ] --START--
INFO: Run Behavior\WriteHtmlCacheBehavior [ RunTime:0.001212s ]
INFO: [ view_filter ] --END-- [ RunTime:0.001707s ]
INFO: [ app_end ] --START--
INFO: Run Behavior\ShowPageTraceBehavior [ RunTime:0.003779s ]
INFO: [ app_end ] --END-- [ RunTime:0.004001s ]

[ 2015-10-07T19:58:09+08:00 ] 127.0.0.1 /blog/index.php/Admin/Blog/index
INFO: [ app_init ] --START--
INFO: Run Behavior\BuildLiteBehavior [ RunTime:0.000048s ]
INFO: [ app_init ] --END-- [ RunTime:0.002181s ]
INFO: [ app_begin ] --START--
INFO: Run Behavior\ReadHtmlCacheBehavior [ RunTime:0.003613s ]
INFO: [ app_begin ] --END-- [ RunTime:0.003936s ]
SQL: SHOW COLUMNS FROM `xw_cat` [ RunTime:0.3732s ]
SQL: SELECT * FROM `xw_cat`  [ RunTime:0.0015s ]
SQL: SELECT `cat_id`,`cat_pid`,cat_name as name FROM `xw_cat`  [ RunTime:0.0010s ]
SQL: SHOW COLUMNS FROM `xw_blog` [ RunTime:0.0177s ]
SQL: select * from xw_blog as a inner join xw_cat as b on a.cat_id = b.cat_id where a.is_finished=1 order by b.cat_name desc [ RunTime:0.0271s ]
INFO: [ view_parse ] --START--
INFO: Run Behavior\ParseTemplateBehavior [ RunTime:0.128503s ]
INFO: [ view_parse ] --END-- [ RunTime:0.128751s ]
INFO: [ view_filter ] --START--
INFO: Run Behavior\WriteHtmlCacheBehavior [ RunTime:0.001843s ]
INFO: [ view_filter ] --END-- [ RunTime:0.002096s ]
INFO: [ app_end ] --START--
INFO: Run Behavior\ShowPageTraceBehavior [ RunTime:0.004860s ]
INFO: [ app_end ] --END-- [ RunTime:0.005151s ]

[ 2015-10-07T19:58:27+08:00 ] 127.0.0.1 /blog/index.php/Admin/Blog/index
INFO: [ app_init ] --START--
INFO: Run Behavior\BuildLiteBehavior [ RunTime:0.000049s ]
INFO: [ app_init ] --END-- [ RunTime:0.001535s ]
INFO: [ app_begin ] --START--
INFO: Run Behavior\ReadHtmlCacheBehavior [ RunTime:0.002325s ]
INFO: [ app_begin ] --END-- [ RunTime:0.003051s ]
SQL: SHOW COLUMNS FROM `xw_cat` [ RunTime:0.0131s ]
SQL: SELECT * FROM `xw_cat`  [ RunTime:0.0013s ]
SQL: SELECT `cat_id`,`cat_pid`,cat_name as name FROM `xw_cat`  [ RunTime:0.0009s ]
SQL: SHOW COLUMNS FROM `xw_blog` [ RunTime:0.0138s ]
SQL: select * from xw_blog as a inner join xw_cat as b on a.cat_id = b.cat_id where a.is_finished=1 order by b.cat_name desc [ RunTime:0.0207s ]
INFO: [ view_parse ] --START--
INFO: Run Behavior\ParseTemplateBehavior [ RunTime:0.037439s ]
INFO: [ view_parse ] --END-- [ RunTime:0.037644s ]
INFO: [ view_filter ] --START--
INFO: Run Behavior\WriteHtmlCacheBehavior [ RunTime:0.000875s ]
INFO: [ view_filter ] --END-- [ RunTime:0.001037s ]
INFO: [ app_end ] --START--
INFO: Run Behavior\ShowPageTraceBehavior [ RunTime:0.001729s ]
INFO: [ app_end ] --END-- [ RunTime:0.001963s ]

[ 2015-10-07T20:01:23+08:00 ] 127.0.0.1 /blog/index.php/Admin/manager/index
INFO: [ app_init ] --START--
INFO: Run Behavior\BuildLiteBehavior [ RunTime:0.000062s ]
INFO: [ app_init ] --END-- [ RunTime:0.002111s ]
INFO: [ app_begin ] --START--
INFO: Run Behavior\ReadHtmlCacheBehavior [ RunTime:0.002289s ]
INFO: [ app_begin ] --END-- [ RunTime:0.002534s ]
INFO: [ view_parse ] --START--
INFO: Run Behavior\ParseTemplateBehavior [ RunTime:0.934477s ]
INFO: [ view_parse ] --END-- [ RunTime:0.934753s ]
INFO: [ view_filter ] --START--
INFO: Run Behavior\WriteHtmlCacheBehavior [ RunTime:0.002161s ]
INFO: [ view_filter ] --END-- [ RunTime:0.002347s ]
INFO: [ app_end ] --START--
INFO: Run Behavior\ShowPageTraceBehavior [ RunTime:0.004868s ]
INFO: [ app_end ] --END-- [ RunTime:0.005109s ]

[ 2015-10-07T20:01:24+08:00 ] 127.0.0.1 /blog/index.php/Admin/manager/welcome.html
INFO: [ app_init ] --START--
INFO: Run Behavior\BuildLiteBehavior [ RunTime:0.000061s ]
INFO: [ app_init ] --END-- [ RunTime:0.001812s ]
INFO: [ app_begin ] --START--
INFO: Run Behavior\ReadHtmlCacheBehavior [ RunTime:0.002949s ]
INFO: [ app_begin ] --END-- [ RunTime:0.003278s ]
INFO: [ view_parse ] --START--
INFO: Run Behavior\ParseTemplateBehavior [ RunTime:0.052123s ]
INFO: [ view_parse ] --END-- [ RunTime:0.052383s ]
INFO: [ view_filter ] --START--
INFO: Run Behavior\WriteHtmlCacheBehavior [ RunTime:0.001433s ]
INFO: [ view_filter ] --END-- [ RunTime:0.001601s ]
INFO: [ app_end ] --START--
INFO: Run Behavior\ShowPageTraceBehavior [ RunTime:0.002126s ]
INFO: [ app_end ] --END-- [ RunTime:0.002318s ]

[ 2015-10-07T20:01:25+08:00 ] 127.0.0.1 /blog/index.php/Admin/manager/js/H-ui.js
INFO: [ app_init ] --START--
INFO: Run Behavior\BuildLiteBehavior [ RunTime:0.000063s ]
INFO: [ app_init ] --END-- [ RunTime:0.002168s ]
INFO: [ app_begin ] --START--
INFO: Run Behavior\ReadHtmlCacheBehavior [ RunTime:0.003342s ]
INFO: [ app_begin ] --END-- [ RunTime:0.003635s ]
ERR: 非法操作:js

[ 2015-10-07T20:04:04+08:00 ] 127.0.0.1 /blog/index.php/Admin/manager/index
INFO: [ app_init ] --START--
INFO: Run Behavior\BuildLiteBehavior [ RunTime:0.000047s ]
INFO: [ app_init ] --END-- [ RunTime:0.001554s ]
INFO: [ app_begin ] --START--
INFO: Run Behavior\ReadHtmlCacheBehavior [ RunTime:0.004348s ]
INFO: [ app_begin ] --END-- [ RunTime:0.004601s ]
INFO: [ view_parse ] --START--
INFO: Run Behavior\ParseTemplateBehavior [ RunTime:0.045069s ]
INFO: [ view_parse ] --END-- [ RunTime:0.045322s ]
INFO: [ view_filter ] --START--
INFO: Run Behavior\WriteHtmlCacheBehavior [ RunTime:0.001337s ]
INFO: [ view_filter ] --END-- [ RunTime:0.001521s ]
INFO: [ app_end ] --START--
INFO: Run Behavior\ShowPageTraceBehavior [ RunTime:0.009885s ]
INFO: [ app_end ] --END-- [ RunTime:0.010123s ]

[ 2015-10-07T20:04:04+08:00 ] 127.0.0.1 /blog/index.php/Admin/manager/welcome.html
INFO: [ app_init ] --START--
INFO: Run Behavior\BuildLiteBehavior [ RunTime:0.000046s ]
INFO: [ app_init ] --END-- [ RunTime:0.001876s ]
INFO: [ app_begin ] --START--
INFO: Run Behavior\ReadHtmlCacheBehavior [ RunTime:0.003203s ]
INFO: [ app_begin ] --END-- [ RunTime:0.003467s ]
INFO: [ view_parse ] --START--
INFO: Run Behavior\ParseTemplateBehavior [ RunTime:0.043787s ]
INFO: [ view_parse ] --END-- [ RunTime:0.044093s ]
INFO: [ view_filter ] --START--
INFO: Run Behavior\WriteHtmlCacheBehavior [ RunTime:0.001915s ]
INFO: [ view_filter ] --END-- [ RunTime:0.002172s ]
INFO: [ app_end ] --START--
INFO: Run Behavior\ShowPageTraceBehavior [ RunTime:0.003122s ]
INFO: [ app_end ] --END-- [ RunTime:0.003408s ]

[ 2015-10-07T20:04:05+08:00 ] 127.0.0.1 /blog/index.php/Admin/manager/js/H-ui.js
INFO: [ app_init ] --START--
INFO: Run Behavior\BuildLiteBehavior [ RunTime:0.000059s ]
INFO: [ app_init ] --END-- [ RunTime:0.001975s ]
INFO: [ app_begin ] --START--
INFO: Run Behavior\ReadHtmlCacheBehavior [ RunTime:0.002608s ]
INFO: [ app_begin ] --END-- [ RunTime:0.002873s ]
ERR: 非法操作:js

[ 2015-10-07T20:07:37+08:00 ] 127.0.0.1 /blog/index.php/Admin/comment/approve
INFO: [ app_init ] --START--
INFO: Run Behavior\BuildLiteBehavior [ RunTime:0.000071s ]
INFO: [ app_init ] --END-- [ RunTime:0.002813s ]
INFO: [ app_begin ] --START--
INFO: Run Behavior\ReadHtmlCacheBehavior [ RunTime:0.003675s ]
INFO: [ app_begin ] --END-- [ RunTime:0.004021s ]
SQL: SHOW COLUMNS FROM `xw_comments` [ RunTime:0.0157s ]
SQL: select u.user_name,b.blog_title,c.* from xw_blog as b inner join xw_comments as c on b.blog_id = c.blog_id inner join xw_user as u on u.uid = c.uid where is_approved=0 order by c.blog_id and c.path asc [ RunTime:0.0016s ]
INFO: [ view_parse ] --START--
INFO: Run Behavior\ParseTemplateBehavior [ RunTime:0.138133s ]
INFO: [ view_parse ] --END-- [ RunTime:0.138408s ]
INFO: [ view_filter ] --START--
INFO: Run Behavior\WriteHtmlCacheBehavior [ RunTime:0.001067s ]
INFO: [ view_filter ] --END-- [ RunTime:0.001227s ]
INFO: [ app_end ] --START--
INFO: Run Behavior\ShowPageTraceBehavior [ RunTime:0.001786s ]
INFO: [ app_end ] --END-- [ RunTime:0.001987s ]

[ 2015-10-07T20:07:42+08:00 ] 127.0.0.1 /blog/index.php/Admin/Comment/shenhe/cid/6
INFO: [ app_init ] --START--
INFO: Run Behavior\BuildLiteBehavior [ RunTime:0.000041s ]
INFO: [ app_init ] --END-- [ RunTime:0.001196s ]
INFO: [ app_begin ] --START--
INFO: Run Behavior\ReadHtmlCacheBehavior [ RunTime:0.001635s ]
INFO: [ app_begin ] --END-- [ RunTime:0.001806s ]
SQL: SHOW COLUMNS FROM `xw_comments` [ RunTime:0.0136s ]
SQL: UPDATE `xw_comments` SET `is_approved`='1' WHERE ( cid=6 ) [ RunTime:0.0009s ]
INFO: [ app_end ] --START--
INFO: Run Behavior\ShowPageTraceBehavior [ RunTime:0.001805s ]
INFO: [ app_end ] --END-- [ RunTime:0.002043s ]

[ 2015-10-07T20:07:51+08:00 ] 127.0.0.1 /blog/index.php/Admin/comment/index
INFO: [ app_init ] --START--
INFO: Run Behavior\BuildLiteBehavior [ RunTime:0.000048s ]
INFO: [ app_init ] --END-- [ RunTime:0.001819s ]
INFO: [ app_begin ] --START--
INFO: Run Behavior\ReadHtmlCacheBehavior [ RunTime:0.002294s ]
INFO: [ app_begin ] --END-- [ RunTime:0.002599s ]
SQL: SHOW COLUMNS FROM `xw_comments` [ RunTime:0.0182s ]
SQL: select u.user_name,b.blog_title,c.* from xw_blog as b inner join xw_comments as c on b.blog_id = c.blog_id inner join xw_user as u on u.uid = c.uid where is_approved=1 order by c.blog_id and c.path asc [ RunTime:0.0019s ]
INFO: [ view_parse ] --START--
INFO: Run Behavior\ParseTemplateBehavior [ RunTime:0.156785s ]
INFO: [ view_parse ] --END-- [ RunTime:0.157182s ]
INFO: [ view_filter ] --START--
INFO: Run Behavior\WriteHtmlCacheBehavior [ RunTime:0.001791s ]
INFO: [ view_filter ] --END-- [ RunTime:0.002003s ]
INFO: [ app_end ] --START--
INFO: Run Behavior\ShowPageTraceBehavior [ RunTime:0.005733s ]
INFO: [ app_end ] --END-- [ RunTime:0.006119s ]

[ 2015-10-07T20:08:05+08:00 ] 127.0.0.1 /blog/index.php/Admin/comment/approve
INFO: [ app_init ] --START--
INFO: Run Behavior\BuildLiteBehavior [ RunTime:0.000046s ]
INFO: [ app_init ] --END-- [ RunTime:0.002083s ]
INFO: [ app_begin ] --START--
INFO: Run Behavior\ReadHtmlCacheBehavior [ RunTime:0.002489s ]
INFO: [ app_begin ] --END-- [ RunTime:0.002721s ]
SQL: SHOW COLUMNS FROM `xw_comments` [ RunTime:0.0145s ]
SQL: select u.user_name,b.blog_title,c.* from xw_blog as b inner join xw_comments as c on b.blog_id = c.blog_id inner join xw_user as u on u.uid = c.uid where is_approved=0 order by c.blog_id and c.path asc [ RunTime:0.0013s ]
INFO: [ view_parse ] --START--
INFO: Run Behavior\ParseTemplateBehavior [ RunTime:0.037778s ]
INFO: [ view_parse ] --END-- [ RunTime:0.038001s ]
INFO: [ view_filter ] --START--
INFO: Run Behavior\WriteHtmlCacheBehavior [ RunTime:0.001259s ]
INFO: [ view_filter ] --END-- [ RunTime:0.001442s ]
INFO: [ app_end ] --START--
INFO: Run Behavior\ShowPageTraceBehavior [ RunTime:0.002122s ]
INFO: [ app_end ] --END-- [ RunTime:0.002313s ]

[ 2015-10-07T20:10:37+08:00 ] 127.0.0.1 /blog/index.php/Admin/comment/index
INFO: [ app_init ] --START--
INFO: Run Behavior\BuildLiteBehavior [ RunTime:0.000049s ]
INFO: [ app_init ] --END-- [ RunTime:0.001779s ]
INFO: [ app_begin ] --START--
INFO: Run Behavior\ReadHtmlCacheBehavior [ RunTime:0.002197s ]
INFO: [ app_begin ] --END-- [ RunTime:0.002450s ]
SQL: SHOW COLUMNS FROM `xw_comments` [ RunTime:0.0184s ]
SQL: select u.user_name,b.blog_title,c.* from xw_blog as b inner join xw_comments as c on b.blog_id = c.blog_id inner join xw_user as u on u.uid = c.uid where is_approved=1 order by c.blog_id and c.path asc [ RunTime:0.0030s ]
INFO: [ view_parse ] --START--
INFO: Run Behavior\ParseTemplateBehavior [ RunTime:0.050828s ]
INFO: [ view_parse ] --END-- [ RunTime:0.051117s ]
INFO: [ view_filter ] --START--
INFO: Run Behavior\WriteHtmlCacheBehavior [ RunTime:0.001239s ]
INFO: [ view_filter ] --END-- [ RunTime:0.001403s ]
INFO: [ app_end ] --START--
INFO: Run Behavior\ShowPageTraceBehavior [ RunTime:0.002890s ]
INFO: [ app_end ] --END-- [ RunTime:0.003182s ]

[ 2015-10-07T20:10:44+08:00 ] 127.0.0.1 /blog/index.php/Admin/comment/index
INFO: [ app_init ] --START--
INFO: Run Behavior\BuildLiteBehavior [ RunTime:0.000046s ]
INFO: [ app_init ] --END-- [ RunTime:0.001635s ]
INFO: [ app_begin ] --START--
INFO: Run Behavior\ReadHtmlCacheBehavior [ RunTime:0.001982s ]
INFO: [ app_begin ] --END-- [ RunTime:0.002273s ]
SQL: SHOW COLUMNS FROM `xw_comments` [ RunTime:0.0184s ]
SQL: select u.user_name,b.blog_title,c.* from xw_blog as b inner join xw_comments as c on b.blog_id = c.blog_id inner join xw_user as u on u.uid = c.uid where is_approved=1 order by c.blog_id and c.path asc [ RunTime:0.0019s ]
INFO: [ view_parse ] --START--
INFO: Run Behavior\ParseTemplateBehavior [ RunTime:0.042993s ]
INFO: [ view_parse ] --END-- [ RunTime:0.043222s ]
INFO: [ view_filter ] --START--
INFO: Run Behavior\WriteHtmlCacheBehavior [ RunTime:0.001120s ]
INFO: [ view_filter ] --END-- [ RunTime:0.001303s ]
INFO: [ app_end ] --START--
INFO: Run Behavior\ShowPageTraceBehavior [ RunTime:0.033329s ]
INFO: [ app_end ] --END-- [ RunTime:0.033612s ]

