[ 2015-10-09T18:41:36+08:00 ] 127.0.0.1 /blog/index.php/admin/manager/index
INFO: [ app_init ] --START--
INFO: Run Behavior\BuildLiteBehavior [ RunTime:0.000059s ]
INFO: [ app_init ] --END-- [ RunTime:0.031639s ]
INFO: [ app_begin ] --START--
INFO: Run Behavior\ReadHtmlCacheBehavior [ RunTime:0.016379s ]
INFO: [ app_begin ] --END-- [ RunTime:0.016637s ]
INFO: [ view_parse ] --START--
INFO: Run Behavior\ParseTemplateBehavior [ RunTime:0.261351s ]
INFO: [ view_parse ] --END-- [ RunTime:0.261567s ]
INFO: [ view_filter ] --START--
INFO: Run Behavior\WriteHtmlCacheBehavior [ RunTime:0.058532s ]
INFO: [ view_filter ] --END-- [ RunTime:0.058685s ]
INFO: [ app_end ] --START--
INFO: Run Behavior\ShowPageTraceBehavior [ RunTime:0.054127s ]
INFO: [ app_end ] --END-- [ RunTime:0.054308s ]

[ 2015-10-09T18:41:38+08:00 ] 127.0.0.1 /blog/index.php/admin/manager/welcome.html
INFO: [ app_init ] --START--
INFO: Run Behavior\BuildLiteBehavior [ RunTime:0.000045s ]
INFO: [ app_init ] --END-- [ RunTime:0.001517s ]
INFO: [ app_begin ] --START--
INFO: Run Behavior\ReadHtmlCacheBehavior [ RunTime:0.002539s ]
INFO: [ app_begin ] --END-- [ RunTime:0.002740s ]
INFO: [ view_parse ] --START--
INFO: Run Behavior\ParseTemplateBehavior [ RunTime:0.173150s ]
INFO: [ view_parse ] --END-- [ RunTime:0.173381s ]
INFO: [ view_filter ] --START--
INFO: Run Behavior\WriteHtmlCacheBehavior [ RunTime:0.001545s ]
INFO: [ view_filter ] --END-- [ RunTime:0.001703s ]
INFO: [ app_end ] --START--
INFO: Run Behavior\ShowPageTraceBehavior [ RunTime:0.002673s ]
INFO: [ app_end ] --END-- [ RunTime:0.002859s ]

[ 2015-10-09T18:41:38+08:00 ] 127.0.0.1 /blog/index.php/admin/manager/js/H-ui.js
INFO: [ app_init ] --START--
INFO: Run Behavior\BuildLiteBehavior [ RunTime:0.000049s ]
INFO: [ app_init ] --END-- [ RunTime:0.001849s ]
INFO: [ app_begin ] --START--
INFO: Run Behavior\ReadHtmlCacheBehavior [ RunTime:0.002423s ]
INFO: [ app_begin ] --END-- [ RunTime:0.002671s ]
ERR: 非法操作:js

[ 2015-10-09T18:41:55+08:00 ] 127.0.0.1 /blog/index.php/Admin/comment/index
INFO: [ app_init ] --START--
INFO: Run Behavior\BuildLiteBehavior [ RunTime:0.000044s ]
INFO: [ app_init ] --END-- [ RunTime:0.001688s ]
INFO: [ app_begin ] --START--
INFO: Run Behavior\ReadHtmlCacheBehavior [ RunTime:0.002230s ]
INFO: [ app_begin ] --END-- [ RunTime:0.002437s ]
SQL: SHOW COLUMNS FROM `xw_comments` [ RunTime:0.2542s ]
SQL: select u.user_name,b.blog_title,c.* from xw_blog as b inner join xw_comments as c on b.blog_id = c.blog_id inner join xw_user as u on u.uid = c.uid where is_approved=1 order by c.blog_id and c.path asc [ RunTime:0.3992s ]
INFO: [ view_parse ] --START--
INFO: Run Behavior\ParseTemplateBehavior [ RunTime:0.075671s ]
INFO: [ view_parse ] --END-- [ RunTime:0.075880s ]
INFO: [ view_filter ] --START--
INFO: Run Behavior\WriteHtmlCacheBehavior [ RunTime:0.001563s ]
INFO: [ view_filter ] --END-- [ RunTime:0.001732s ]
INFO: [ app_end ] --START--
INFO: Run Behavior\ShowPageTraceBehavior [ RunTime:0.006794s ]
INFO: [ app_end ] --END-- [ RunTime:0.007042s ]

[ 2015-10-09T18:42:00+08:00 ] 127.0.0.1 /blog/index.php/Admin/comment/approve
INFO: [ app_init ] --START--
INFO: Run Behavior\BuildLiteBehavior [ RunTime:0.000052s ]
INFO: [ app_init ] --END-- [ RunTime:0.002039s ]
INFO: [ app_begin ] --START--
INFO: Run Behavior\ReadHtmlCacheBehavior [ RunTime:0.004354s ]
INFO: [ app_begin ] --END-- [ RunTime:0.004620s ]
SQL: SHOW COLUMNS FROM `xw_comments` [ RunTime:0.0150s ]
SQL: select u.user_name,b.blog_title,c.* from xw_blog as b inner join xw_comments as c on b.blog_id = c.blog_id inner join xw_user as u on u.uid = c.uid where is_approved=0 order by c.blog_id and c.path asc [ RunTime:0.0013s ]
INFO: [ view_parse ] --START--
INFO: Run Behavior\ParseTemplateBehavior [ RunTime:0.073739s ]
INFO: [ view_parse ] --END-- [ RunTime:0.074172s ]
INFO: [ view_filter ] --START--
INFO: Run Behavior\WriteHtmlCacheBehavior [ RunTime:0.002008s ]
INFO: [ view_filter ] --END-- [ RunTime:0.002215s ]
INFO: [ app_end ] --START--
INFO: Run Behavior\ShowPageTraceBehavior [ RunTime:0.003681s ]
INFO: [ app_end ] --END-- [ RunTime:0.003900s ]

[ 2015-10-09T18:42:18+08:00 ] 127.0.0.1 /blog/index.php/Admin/comment/index
INFO: [ app_init ] --START--
INFO: Run Behavior\BuildLiteBehavior [ RunTime:0.000047s ]
INFO: [ app_init ] --END-- [ RunTime:0.002064s ]
INFO: [ app_begin ] --START--
INFO: Run Behavior\ReadHtmlCacheBehavior [ RunTime:0.002434s ]
INFO: [ app_begin ] --END-- [ RunTime:0.002783s ]
SQL: SHOW COLUMNS FROM `xw_comments` [ RunTime:0.0158s ]
SQL: select u.user_name,b.blog_title,c.* from xw_blog as b inner join xw_comments as c on b.blog_id = c.blog_id inner join xw_user as u on u.uid = c.uid where is_approved=1 order by c.blog_id and c.path asc [ RunTime:0.0023s ]
INFO: [ view_parse ] --START--
INFO: Run Behavior\ParseTemplateBehavior [ RunTime:0.041221s ]
INFO: [ view_parse ] --END-- [ RunTime:0.041529s ]
INFO: [ view_filter ] --START--
INFO: Run Behavior\WriteHtmlCacheBehavior [ RunTime:0.001155s ]
INFO: [ view_filter ] --END-- [ RunTime:0.001337s ]
INFO: [ app_end ] --START--
INFO: Run Behavior\ShowPageTraceBehavior [ RunTime:0.003354s ]
INFO: [ app_end ] --END-- [ RunTime:0.003588s ]

[ 2015-10-09T18:54:41+08:00 ] 127.0.0.1 /blog/index.php/Admin/comment/approve
INFO: [ app_init ] --START--
INFO: Run Behavior\BuildLiteBehavior [ RunTime:0.000143s ]
INFO: [ app_init ] --END-- [ RunTime:0.002137s ]
INFO: [ app_begin ] --START--
INFO: Run Behavior\ReadHtmlCacheBehavior [ RunTime:0.002620s ]
INFO: [ app_begin ] --END-- [ RunTime:0.002894s ]
SQL: SHOW COLUMNS FROM `xw_comments` [ RunTime:0.0156s ]
SQL: select u.user_name,b.blog_title,c.* from xw_blog as b inner join xw_comments as c on b.blog_id = c.blog_id inner join xw_user as u on u.uid = c.uid where is_approved=0 order by c.blog_id and c.path asc [ RunTime:0.0014s ]
INFO: [ view_parse ] --START--
INFO: Run Behavior\ParseTemplateBehavior [ RunTime:0.074085s ]
INFO: [ view_parse ] --END-- [ RunTime:0.074285s ]
INFO: [ view_filter ] --START--
INFO: Run Behavior\WriteHtmlCacheBehavior [ RunTime:0.001233s ]
INFO: [ view_filter ] --END-- [ RunTime:0.001391s ]
INFO: [ app_end ] --START--
INFO: Run Behavior\ShowPageTraceBehavior [ RunTime:0.002213s ]
INFO: [ app_end ] --END-- [ RunTime:0.002405s ]

[ 2015-10-09T18:54:49+08:00 ] 127.0.0.1 /blog/index.php/Admin/Comment/shenhe/cid/7
INFO: [ app_init ] --START--
INFO: Run Behavior\BuildLiteBehavior [ RunTime:0.000049s ]
INFO: [ app_init ] --END-- [ RunTime:0.001638s ]
INFO: [ app_begin ] --START--
INFO: Run Behavior\ReadHtmlCacheBehavior [ RunTime:0.002551s ]
INFO: [ app_begin ] --END-- [ RunTime:0.002917s ]
SQL: SHOW COLUMNS FROM `xw_comments` [ RunTime:0.0157s ]
SQL: UPDATE `xw_comments` SET `is_approved`='1' WHERE ( cid=7 ) [ RunTime:0.0016s ]
INFO: [ app_end ] --START--
INFO: Run Behavior\ShowPageTraceBehavior [ RunTime:0.002121s ]
INFO: [ app_end ] --END-- [ RunTime:0.002328s ]

[ 2015-10-09T20:20:12+08:00 ] 127.0.0.1 /blog/index.php/Admin/comment/approve
INFO: [ app_init ] --START--
INFO: Run Behavior\BuildLiteBehavior [ RunTime:0.000048s ]
INFO: [ app_init ] --END-- [ RunTime:0.001710s ]
INFO: [ app_begin ] --START--
INFO: Run Behavior\ReadHtmlCacheBehavior [ RunTime:0.001733s ]
INFO: [ app_begin ] --END-- [ RunTime:0.001938s ]
SQL: SHOW COLUMNS FROM `xw_comments` [ RunTime:0.0157s ]
SQL: select u.user_name,b.blog_title,c.* from xw_blog as b inner join xw_comments as c on b.blog_id = c.blog_id inner join xw_user as u on u.uid = c.uid where is_approved=0 order by c.blog_id and c.path asc [ RunTime:0.0817s ]
INFO: [ view_parse ] --START--
INFO: Run Behavior\ParseTemplateBehavior [ RunTime:0.110226s ]
INFO: [ view_parse ] --END-- [ RunTime:0.110420s ]
INFO: [ view_filter ] --START--
INFO: Run Behavior\WriteHtmlCacheBehavior [ RunTime:0.002095s ]
INFO: [ view_filter ] --END-- [ RunTime:0.002269s ]
INFO: [ app_end ] --START--
INFO: Run Behavior\ShowPageTraceBehavior [ RunTime:0.007041s ]
INFO: [ app_end ] --END-- [ RunTime:0.007342s ]

