[ 2015-10-20T17:41:05+08:00 ] 127.0.0.1 /blog/index.php/admin/manager/index
INFO: [ app_init ] --START--
INFO: Run Behavior\BuildLiteBehavior [ RunTime:0.000042s ]
INFO: [ app_init ] --END-- [ RunTime:0.001368s ]
INFO: [ app_begin ] --START--
INFO: Run Behavior\ReadHtmlCacheBehavior [ RunTime:0.001958s ]
INFO: [ app_begin ] --END-- [ RunTime:0.002193s ]

[ 2015-10-20T17:41:07+08:00 ] 127.0.0.1 /blog/index.php/Admin/login/index.html
INFO: [ app_init ] --START--
INFO: Run Behavior\BuildLiteBehavior [ RunTime:0.000048s ]
INFO: [ app_init ] --END-- [ RunTime:0.002442s ]
INFO: [ app_begin ] --START--
INFO: Run Behavior\ReadHtmlCacheBehavior [ RunTime:0.001763s ]
INFO: [ app_begin ] --END-- [ RunTime:0.001987s ]
INFO: [ view_parse ] --START--
INFO: Run Behavior\ParseTemplateBehavior [ RunTime:0.062034s ]
INFO: [ view_parse ] --END-- [ RunTime:0.062240s ]
INFO: [ view_filter ] --START--
INFO: Run Behavior\WriteHtmlCacheBehavior [ RunTime:0.001196s ]
INFO: [ view_filter ] --END-- [ RunTime:0.001350s ]
INFO: [ app_end ] --START--
INFO: Run Behavior\ShowPageTraceBehavior [ RunTime:0.001809s ]
INFO: [ app_end ] --END-- [ RunTime:0.001998s ]

[ 2015-10-20T17:41:10+08:00 ] 127.0.0.1 /blog/index.php/Admin/Login/captcha
INFO: [ app_init ] --START--
INFO: Run Behavior\BuildLiteBehavior [ RunTime:0.000058s ]
INFO: [ app_init ] --END-- [ RunTime:0.001654s ]
INFO: [ app_begin ] --START--
INFO: Run Behavior\ReadHtmlCacheBehavior [ RunTime:0.002471s ]
INFO: [ app_begin ] --END-- [ RunTime:0.002708s ]
INFO: [ app_end ] --START--
INFO: Run Behavior\ShowPageTraceBehavior [ RunTime:0.002662s ]
INFO: [ app_end ] --END-- [ RunTime:0.003219s ]

[ 2015-10-20T17:41:25+08:00 ] 127.0.0.1 /blog/index.php/Admin/login/index.html
INFO: [ app_init ] --START--
INFO: Run Behavior\BuildLiteBehavior [ RunTime:0.000046s ]
INFO: [ app_init ] --END-- [ RunTime:0.001609s ]
INFO: [ app_begin ] --START--
INFO: Run Behavior\ReadHtmlCacheBehavior [ RunTime:0.002519s ]
INFO: [ app_begin ] --END-- [ RunTime:0.002820s ]

[ 2015-10-20T17:42:15+08:00 ] 127.0.0.1 /blog/index.php/Admin/login/index.html
INFO: [ app_init ] --START--
INFO: Run Behavior\BuildLiteBehavior [ RunTime:0.000046s ]
INFO: [ app_init ] --END-- [ RunTime:0.001348s ]
INFO: [ app_begin ] --START--
INFO: Run Behavior\ReadHtmlCacheBehavior [ RunTime:0.001736s ]
INFO: [ app_begin ] --END-- [ RunTime:0.001950s ]

[ 2015-10-20T17:42:16+08:00 ] 127.0.0.1 /blog/index.php/Admin/login/index.html
INFO: [ app_init ] --START--
INFO: Run Behavior\BuildLiteBehavior [ RunTime:0.000043s ]
INFO: [ app_init ] --END-- [ RunTime:0.001836s ]
INFO: [ app_begin ] --START--
INFO: Run Behavior\ReadHtmlCacheBehavior [ RunTime:0.001779s ]
INFO: [ app_begin ] --END-- [ RunTime:0.002005s ]
INFO: [ view_parse ] --START--
INFO: Run Behavior\ParseTemplateBehavior [ RunTime:0.038899s ]
INFO: [ view_parse ] --END-- [ RunTime:0.039166s ]
INFO: [ view_filter ] --START--
INFO: Run Behavior\WriteHtmlCacheBehavior [ RunTime:0.001116s ]
INFO: [ view_filter ] --END-- [ RunTime:0.001274s ]
INFO: [ app_end ] --START--
INFO: Run Behavior\ShowPageTraceBehavior [ RunTime:0.001527s ]
INFO: [ app_end ] --END-- [ RunTime:0.001702s ]

[ 2015-10-20T17:42:17+08:00 ] 127.0.0.1 /blog/index.php/Admin/Login/captcha
INFO: [ app_init ] --START--
INFO: Run Behavior\BuildLiteBehavior [ RunTime:0.000044s ]
INFO: [ app_init ] --END-- [ RunTime:0.001446s ]
INFO: [ app_begin ] --START--
INFO: Run Behavior\ReadHtmlCacheBehavior [ RunTime:0.003516s ]
INFO: [ app_begin ] --END-- [ RunTime:0.003790s ]
INFO: [ app_end ] --START--
INFO: Run Behavior\ShowPageTraceBehavior [ RunTime:0.001672s ]
INFO: [ app_end ] --END-- [ RunTime:0.001922s ]

[ 2015-10-20T17:42:22+08:00 ] 127.0.0.1 /blog/index.php/Admin/Login/captcha/0.23179787676781416
INFO: [ app_init ] --START--
INFO: Run Behavior\BuildLiteBehavior [ RunTime:0.000041s ]
INFO: [ app_init ] --END-- [ RunTime:0.001200s ]
INFO: [ app_begin ] --START--
INFO: Run Behavior\ReadHtmlCacheBehavior [ RunTime:0.001534s ]
INFO: [ app_begin ] --END-- [ RunTime:0.001723s ]
INFO: [ app_end ] --START--
INFO: Run Behavior\ShowPageTraceBehavior [ RunTime:0.001725s ]
INFO: [ app_end ] --END-- [ RunTime:0.001966s ]

[ 2015-10-20T17:42:42+08:00 ] 127.0.0.1 /blog/index.php/Admin/login/index.html
INFO: [ app_init ] --START--
INFO: Run Behavior\BuildLiteBehavior [ RunTime:0.000123s ]
INFO: [ app_init ] --END-- [ RunTime:0.001801s ]
INFO: [ app_begin ] --START--
INFO: Run Behavior\ReadHtmlCacheBehavior [ RunTime:0.001810s ]
INFO: [ app_begin ] --END-- [ RunTime:0.002033s ]
SQL: SHOW COLUMNS FROM `xw_manager` [ RunTime:0.0193s ]
NOTIC: [8] Undefined variable: mg D:\itcast\homework\TPframework\blog\Admin\Model\ManagerModel.class.php 第 8 行.

[ 2015-10-20T17:43:46+08:00 ] 127.0.0.1 /blog/index.php/Admin/login/index.html
INFO: [ app_init ] --START--
INFO: Run Behavior\BuildLiteBehavior [ RunTime:0.000050s ]
INFO: [ app_init ] --END-- [ RunTime:0.002530s ]
INFO: [ app_begin ] --START--
INFO: Run Behavior\ReadHtmlCacheBehavior [ RunTime:0.002306s ]
INFO: [ app_begin ] --END-- [ RunTime:0.002524s ]

[ 2015-10-20T17:43:47+08:00 ] 127.0.0.1 /blog/index.php/Admin/login/index.html
INFO: [ app_init ] --START--
INFO: Run Behavior\BuildLiteBehavior [ RunTime:0.000049s ]
INFO: [ app_init ] --END-- [ RunTime:0.001395s ]
INFO: [ app_begin ] --START--
INFO: Run Behavior\ReadHtmlCacheBehavior [ RunTime:0.002099s ]
INFO: [ app_begin ] --END-- [ RunTime:0.002320s ]
INFO: [ view_parse ] --START--
INFO: Run Behavior\ParseTemplateBehavior [ RunTime:0.042454s ]
INFO: [ view_parse ] --END-- [ RunTime:0.042684s ]
INFO: [ view_filter ] --START--
INFO: Run Behavior\WriteHtmlCacheBehavior [ RunTime:0.001139s ]
INFO: [ view_filter ] --END-- [ RunTime:0.001321s ]
INFO: [ app_end ] --START--
INFO: Run Behavior\ShowPageTraceBehavior [ RunTime:0.002281s ]
INFO: [ app_end ] --END-- [ RunTime:0.002648s ]

[ 2015-10-20T17:43:48+08:00 ] 127.0.0.1 /blog/index.php/Admin/Login/captcha
INFO: [ app_init ] --START--
INFO: Run Behavior\BuildLiteBehavior [ RunTime:0.000045s ]
INFO: [ app_init ] --END-- [ RunTime:0.001554s ]
INFO: [ app_begin ] --START--
INFO: Run Behavior\ReadHtmlCacheBehavior [ RunTime:0.002237s ]
INFO: [ app_begin ] --END-- [ RunTime:0.002525s ]
INFO: [ app_end ] --START--
INFO: Run Behavior\ShowPageTraceBehavior [ RunTime:0.002713s ]
INFO: [ app_end ] --END-- [ RunTime:0.003084s ]

[ 2015-10-20T17:44:00+08:00 ] 127.0.0.1 /blog/index.php/Admin/Login/captcha/0.349497840506956
INFO: [ app_init ] --START--
INFO: Run Behavior\BuildLiteBehavior [ RunTime:0.000048s ]
INFO: [ app_init ] --END-- [ RunTime:0.002719s ]
INFO: [ app_begin ] --START--
INFO: Run Behavior\ReadHtmlCacheBehavior [ RunTime:0.002034s ]
INFO: [ app_begin ] --END-- [ RunTime:0.002256s ]
INFO: [ app_end ] --START--
INFO: Run Behavior\ShowPageTraceBehavior [ RunTime:0.006063s ]
INFO: [ app_end ] --END-- [ RunTime:0.006358s ]

[ 2015-10-20T17:44:02+08:00 ] 127.0.0.1 /blog/index.php/Admin/Login/captcha/0.4941191750112921
INFO: [ app_init ] --START--
INFO: Run Behavior\BuildLiteBehavior [ RunTime:0.000045s ]
INFO: [ app_init ] --END-- [ RunTime:0.001402s ]
INFO: [ app_begin ] --START--
INFO: Run Behavior\ReadHtmlCacheBehavior [ RunTime:0.001926s ]
INFO: [ app_begin ] --END-- [ RunTime:0.002128s ]
INFO: [ app_end ] --START--
INFO: Run Behavior\ShowPageTraceBehavior [ RunTime:0.001963s ]
INFO: [ app_end ] --END-- [ RunTime:0.002694s ]

[ 2015-10-20T17:44:10+08:00 ] 127.0.0.1 /blog/index.php/Admin/login/index.html
INFO: [ app_init ] --START--
INFO: Run Behavior\BuildLiteBehavior [ RunTime:0.000042s ]
INFO: [ app_init ] --END-- [ RunTime:0.001696s ]
INFO: [ app_begin ] --START--
INFO: Run Behavior\ReadHtmlCacheBehavior [ RunTime:0.002043s ]
INFO: [ app_begin ] --END-- [ RunTime:0.002251s ]
SQL: SHOW COLUMNS FROM `xw_manager` [ RunTime:0.0133s ]
SQL: SELECT * FROM `xw_manager` WHERE `mg_nick` = 'austere' AND `password` = '31051c3285cc79f3b43df6b92df7b00264792d9b' LIMIT 1   [ RunTime:0.0458s ]
SQL: update xw_manager set `last_login_ip`= inet_aton('127.0.0.1'),last_login_time=login_time,login_time=unix_timestamp(),login_times=login_times+1 where mid=1 [ RunTime:0.2730s ]
NOTIC: [8] Undefined index: online D:\itcast\homework\TPframework\blog\Admin\Controller\LoginController.class.php 第 53 行.

[ 2015-10-20T17:44:11+08:00 ] 127.0.0.1 /blog/index.php/Admin/manager/index.html
INFO: [ app_init ] --START--
INFO: Run Behavior\BuildLiteBehavior [ RunTime:0.000041s ]
INFO: [ app_init ] --END-- [ RunTime:0.001230s ]
INFO: [ app_begin ] --START--
INFO: Run Behavior\ReadHtmlCacheBehavior [ RunTime:0.001689s ]
INFO: [ app_begin ] --END-- [ RunTime:0.001980s ]
SQL: SHOW COLUMNS FROM `xw_manager` [ RunTime:0.0138s ]
SQL: select count(*) from xw_manager where mid='1' and mg_nick='austere' [ RunTime:0.0267s ]
INFO: [ view_parse ] --START--
INFO: Run Behavior\ParseTemplateBehavior [ RunTime:0.053562s ]
INFO: [ view_parse ] --END-- [ RunTime:0.053755s ]
INFO: [ view_filter ] --START--
INFO: Run Behavior\WriteHtmlCacheBehavior [ RunTime:0.001008s ]
INFO: [ view_filter ] --END-- [ RunTime:0.001140s ]
INFO: [ app_end ] --START--
INFO: Run Behavior\ShowPageTraceBehavior [ RunTime:0.001387s ]
INFO: [ app_end ] --END-- [ RunTime:0.001551s ]

[ 2015-10-20T17:44:12+08:00 ] 127.0.0.1 /blog/index.php/Admin/manager/welcome.html
INFO: [ app_init ] --START--
INFO: Run Behavior\BuildLiteBehavior [ RunTime:0.000041s ]
INFO: [ app_init ] --END-- [ RunTime:0.001240s ]
INFO: [ app_begin ] --START--
INFO: Run Behavior\ReadHtmlCacheBehavior [ RunTime:0.001903s ]
INFO: [ app_begin ] --END-- [ RunTime:0.002110s ]
SQL: SHOW COLUMNS FROM `xw_manager` [ RunTime:0.0194s ]
SQL: select count(*) from xw_manager where mid='1' and mg_nick='austere' [ RunTime:0.0020s ]
INFO: [ view_parse ] --START--
INFO: Run Behavior\ParseTemplateBehavior [ RunTime:0.214574s ]
INFO: [ view_parse ] --END-- [ RunTime:0.214854s ]
INFO: [ view_filter ] --START--
INFO: Run Behavior\WriteHtmlCacheBehavior [ RunTime:0.004113s ]
INFO: [ view_filter ] --END-- [ RunTime:0.004327s ]
INFO: [ app_end ] --START--
INFO: Run Behavior\ShowPageTraceBehavior [ RunTime:0.002109s ]
INFO: [ app_end ] --END-- [ RunTime:0.002308s ]

[ 2015-10-20T17:44:13+08:00 ] 127.0.0.1 /blog/index.php/Admin/manager/js/H-ui.js
INFO: [ app_init ] --START--
INFO: Run Behavior\BuildLiteBehavior [ RunTime:0.000043s ]
INFO: [ app_init ] --END-- [ RunTime:0.001375s ]
INFO: [ app_begin ] --START--
INFO: Run Behavior\ReadHtmlCacheBehavior [ RunTime:0.001815s ]
INFO: [ app_begin ] --END-- [ RunTime:0.002069s ]
SQL: SHOW COLUMNS FROM `xw_manager` [ RunTime:0.0169s ]
SQL: select count(*) from xw_manager where mid='1' and mg_nick='austere' [ RunTime:0.0009s ]
ERR: 非法操作:js

[ 2015-10-20T17:44:17+08:00 ] 127.0.0.1 /blog/index.php/Admin/Picture/index
INFO: [ app_init ] --START--
INFO: Run Behavior\BuildLiteBehavior [ RunTime:0.000050s ]
INFO: [ app_init ] --END-- [ RunTime:0.002865s ]
INFO: [ app_begin ] --START--
INFO: Run Behavior\ReadHtmlCacheBehavior [ RunTime:0.001945s ]
INFO: [ app_begin ] --END-- [ RunTime:0.002173s ]
NOTIC: [2048] Declaration of Admin\Controller\PictureController::show() should be compatible with that of Think\Controller::show() D:\itcast\homework\TPframework\blog\Admin\Controller\PictureController.class.php 第 4 行.
SQL: SHOW COLUMNS FROM `xw_manager` [ RunTime:0.0236s ]
SQL: select count(*) from xw_manager where mid='1' and mg_nick='austere' [ RunTime:0.0015s ]
SQL: SHOW COLUMNS FROM `xw_pic` [ RunTime:0.0198s ]
SQL: select * from xw_pic as a inner join xw_cat as b on a.cat_id = b.cat_id [ RunTime:0.0340s ]
INFO: [ view_parse ] --START--
INFO: Run Behavior\ParseTemplateBehavior [ RunTime:0.068648s ]
INFO: [ view_parse ] --END-- [ RunTime:0.068884s ]
INFO: [ view_filter ] --START--
INFO: Run Behavior\WriteHtmlCacheBehavior [ RunTime:0.001090s ]
INFO: [ view_filter ] --END-- [ RunTime:0.001659s ]
INFO: [ app_end ] --START--
INFO: Run Behavior\ShowPageTraceBehavior [ RunTime:0.001756s ]
INFO: [ app_end ] --END-- [ RunTime:0.001950s ]

[ 2015-10-20T17:45:01+08:00 ] 127.0.0.1 /blog/index.php/Admin/Picture/index
INFO: [ app_init ] --START--
INFO: Run Behavior\BuildLiteBehavior [ RunTime:0.000047s ]
INFO: [ app_init ] --END-- [ RunTime:0.001559s ]
INFO: [ app_begin ] --START--
INFO: Run Behavior\ReadHtmlCacheBehavior [ RunTime:0.003920s ]
INFO: [ app_begin ] --END-- [ RunTime:0.004164s ]
NOTIC: [2048] Declaration of Admin\Controller\PictureController::show() should be compatible with that of Think\Controller::show() D:\itcast\homework\TPframework\blog\Admin\Controller\PictureController.class.php 第 4 行.
SQL: SHOW COLUMNS FROM `xw_manager` [ RunTime:0.0152s ]
SQL: select count(*) from xw_manager where mid='1' and mg_nick='austere' [ RunTime:0.0007s ]
SQL: SHOW COLUMNS FROM `xw_pic` [ RunTime:0.0169s ]
SQL: select * from xw_pic as a inner join xw_cat as b on a.cat_id = b.cat_id [ RunTime:0.0016s ]
INFO: [ view_parse ] --START--
INFO: Run Behavior\ParseTemplateBehavior [ RunTime:0.048100s ]
INFO: [ view_parse ] --END-- [ RunTime:0.048319s ]
INFO: [ view_filter ] --START--
INFO: Run Behavior\WriteHtmlCacheBehavior [ RunTime:0.001619s ]
INFO: [ view_filter ] --END-- [ RunTime:0.001813s ]
INFO: [ app_end ] --START--
INFO: Run Behavior\ShowPageTraceBehavior [ RunTime:0.002741s ]
INFO: [ app_end ] --END-- [ RunTime:0.002987s ]

[ 2015-10-20T17:49:42+08:00 ] 127.0.0.1 /blog/index.php/Admin/Picture/edit/pic_id/5
INFO: [ app_init ] --START--
INFO: Run Behavior\BuildLiteBehavior [ RunTime:0.000045s ]
INFO: [ app_init ] --END-- [ RunTime:0.001517s ]
INFO: [ app_begin ] --START--
INFO: Run Behavior\ReadHtmlCacheBehavior [ RunTime:0.002105s ]
INFO: [ app_begin ] --END-- [ RunTime:0.002357s ]
NOTIC: [2048] Declaration of Admin\Controller\PictureController::show() should be compatible with that of Think\Controller::show() D:\itcast\homework\TPframework\blog\Admin\Controller\PictureController.class.php 第 4 行.
SQL: SHOW COLUMNS FROM `xw_manager` [ RunTime:0.0162s ]
SQL: select count(*) from xw_manager where mid='1' and mg_nick='austere' [ RunTime:0.0010s ]
SQL: SHOW COLUMNS FROM `xw_pic` [ RunTime:0.0139s ]
SQL: SELECT * FROM `xw_pic` WHERE `pic_id` = 5 LIMIT 1   [ RunTime:0.0011s ]
SQL: SHOW COLUMNS FROM `xw_cat` [ RunTime:0.0155s ]
SQL: SELECT * FROM `xw_cat` WHERE ( cat_pid =0  )  [ RunTime:0.0009s ]
SQL: SELECT `cat_path` FROM `xw_cat` WHERE `cat_id` = 5 LIMIT 1   [ RunTime:0.0007s ]
SQL: SELECT * FROM `xw_cat` WHERE ( cat_path like '1-%' ) ORDER BY cat_path asc  [ RunTime:0.0008s ]
INFO: [ view_parse ] --START--
INFO: Run Behavior\ParseTemplateBehavior [ RunTime:0.159483s ]
INFO: [ view_parse ] --END-- [ RunTime:0.159737s ]
INFO: [ view_filter ] --START--
INFO: Run Behavior\WriteHtmlCacheBehavior [ RunTime:0.001301s ]
INFO: [ view_filter ] --END-- [ RunTime:0.001458s ]
INFO: [ app_end ] --START--
INFO: Run Behavior\ShowPageTraceBehavior [ RunTime:0.007315s ]
INFO: [ app_end ] --END-- [ RunTime:0.007629s ]

[ 2015-10-20T17:54:51+08:00 ] 127.0.0.1 /blog/index.php/Admin/manager/index.html
INFO: [ app_init ] --START--
INFO: Run Behavior\BuildLiteBehavior [ RunTime:0.000047s ]
INFO: [ app_init ] --END-- [ RunTime:0.001601s ]
INFO: [ app_begin ] --START--
INFO: Run Behavior\ReadHtmlCacheBehavior [ RunTime:0.002508s ]
INFO: [ app_begin ] --END-- [ RunTime:0.002727s ]
SQL: SHOW COLUMNS FROM `xw_manager` [ RunTime:0.0172s ]
SQL: select count(*) from xw_manager where mid='1' and mg_nick='austere' [ RunTime:0.0008s ]
INFO: [ view_parse ] --START--
INFO: Run Behavior\ParseTemplateBehavior [ RunTime:0.092027s ]
INFO: [ view_parse ] --END-- [ RunTime:0.092255s ]
INFO: [ view_filter ] --START--
INFO: Run Behavior\WriteHtmlCacheBehavior [ RunTime:0.001275s ]
INFO: [ view_filter ] --END-- [ RunTime:0.001457s ]
INFO: [ app_end ] --START--
INFO: Run Behavior\ShowPageTraceBehavior [ RunTime:0.005382s ]
INFO: [ app_end ] --END-- [ RunTime:0.005690s ]

[ 2015-10-20T17:54:51+08:00 ] 127.0.0.1 /blog/index.php/Admin/manager/welcome.html
INFO: [ app_init ] --START--
INFO: Run Behavior\BuildLiteBehavior [ RunTime:0.000065s ]
INFO: [ app_init ] --END-- [ RunTime:0.001306s ]
INFO: [ app_begin ] --START--
INFO: Run Behavior\ReadHtmlCacheBehavior [ RunTime:0.001682s ]
INFO: [ app_begin ] --END-- [ RunTime:0.001883s ]
SQL: SHOW COLUMNS FROM `xw_manager` [ RunTime:0.0163s ]
SQL: select count(*) from xw_manager where mid='1' and mg_nick='austere' [ RunTime:0.0008s ]
INFO: [ view_parse ] --START--
INFO: Run Behavior\ParseTemplateBehavior [ RunTime:0.053796s ]
INFO: [ view_parse ] --END-- [ RunTime:0.054067s ]
INFO: [ view_filter ] --START--
INFO: Run Behavior\WriteHtmlCacheBehavior [ RunTime:0.001311s ]
INFO: [ view_filter ] --END-- [ RunTime:0.001580s ]
INFO: [ app_end ] --START--
INFO: Run Behavior\ShowPageTraceBehavior [ RunTime:0.003002s ]
INFO: [ app_end ] --END-- [ RunTime:0.003300s ]

[ 2015-10-20T17:54:52+08:00 ] 127.0.0.1 /blog/index.php/Admin/manager/js/H-ui.js
INFO: [ app_init ] --START--
INFO: Run Behavior\BuildLiteBehavior [ RunTime:0.000063s ]
INFO: [ app_init ] --END-- [ RunTime:0.002043s ]
INFO: [ app_begin ] --START--
INFO: Run Behavior\ReadHtmlCacheBehavior [ RunTime:0.001980s ]
INFO: [ app_begin ] --END-- [ RunTime:0.002236s ]
SQL: SHOW COLUMNS FROM `xw_manager` [ RunTime:0.0184s ]
SQL: select count(*) from xw_manager where mid='1' and mg_nick='austere' [ RunTime:0.0009s ]
ERR: 非法操作:js

[ 2015-10-20T17:54:55+08:00 ] 127.0.0.1 /blog/index.php/Admin/Picture/index
INFO: [ app_init ] --START--
INFO: Run Behavior\BuildLiteBehavior [ RunTime:0.000048s ]
INFO: [ app_init ] --END-- [ RunTime:0.001386s ]
INFO: [ app_begin ] --START--
INFO: Run Behavior\ReadHtmlCacheBehavior [ RunTime:0.001884s ]
INFO: [ app_begin ] --END-- [ RunTime:0.002114s ]
NOTIC: [2048] Declaration of Admin\Controller\PictureController::show() should be compatible with that of Think\Controller::show() D:\itcast\homework\TPframework\blog\Admin\Controller\PictureController.class.php 第 4 行.
SQL: SHOW COLUMNS FROM `xw_manager` [ RunTime:0.0143s ]
SQL: select count(*) from xw_manager where mid='1' and mg_nick='austere' [ RunTime:0.0017s ]
SQL: SHOW COLUMNS FROM `xw_pic` [ RunTime:0.0208s ]
SQL: select * from xw_pic as a inner join xw_cat as b on a.cat_id = b.cat_id [ RunTime:0.0019s ]
INFO: [ view_parse ] --START--
INFO: Run Behavior\ParseTemplateBehavior [ RunTime:0.596593s ]
INFO: [ view_parse ] --END-- [ RunTime:0.596846s ]
INFO: [ view_filter ] --START--
INFO: Run Behavior\WriteHtmlCacheBehavior [ RunTime:0.001965s ]
INFO: [ view_filter ] --END-- [ RunTime:0.002139s ]
INFO: [ app_end ] --START--
INFO: Run Behavior\ShowPageTraceBehavior [ RunTime:0.002440s ]
INFO: [ app_end ] --END-- [ RunTime:0.002702s ]

[ 2015-10-20T17:54:58+08:00 ] 127.0.0.1 /blog/index.php/Admin/Picture/delete/pic_id/5
INFO: [ app_init ] --START--
INFO: Run Behavior\BuildLiteBehavior [ RunTime:0.000047s ]
INFO: [ app_init ] --END-- [ RunTime:0.001501s ]
INFO: [ app_begin ] --START--
INFO: Run Behavior\ReadHtmlCacheBehavior [ RunTime:0.002155s ]
INFO: [ app_begin ] --END-- [ RunTime:0.002342s ]
NOTIC: [2048] Declaration of Admin\Controller\PictureController::show() should be compatible with that of Think\Controller::show() D:\itcast\homework\TPframework\blog\Admin\Controller\PictureController.class.php 第 4 行.
SQL: SHOW COLUMNS FROM `xw_manager` [ RunTime:0.0159s ]
SQL: select count(*) from xw_manager where mid='1' and mg_nick='austere' [ RunTime:0.0009s ]
SQL: SHOW COLUMNS FROM `xw_pic` [ RunTime:0.0154s ]
SQL: DELETE FROM `xw_pic` WHERE `pic_id` = 5 [ RunTime:0.0173s ]
INFO: [ app_end ] --START--
INFO: Run Behavior\ShowPageTraceBehavior [ RunTime:0.001952s ]
INFO: [ app_end ] --END-- [ RunTime:0.002110s ]

[ 2015-10-20T17:55:01+08:00 ] 127.0.0.1 /blog/index.php/Admin/Picture/index
INFO: [ app_init ] --START--
INFO: Run Behavior\BuildLiteBehavior [ RunTime:0.000049s ]
INFO: [ app_init ] --END-- [ RunTime:0.001851s ]
INFO: [ app_begin ] --START--
INFO: Run Behavior\ReadHtmlCacheBehavior [ RunTime:0.004059s ]
INFO: [ app_begin ] --END-- [ RunTime:0.004308s ]
NOTIC: [2048] Declaration of Admin\Controller\PictureController::show() should be compatible with that of Think\Controller::show() D:\itcast\homework\TPframework\blog\Admin\Controller\PictureController.class.php 第 4 行.
SQL: SHOW COLUMNS FROM `xw_manager` [ RunTime:0.0149s ]
SQL: select count(*) from xw_manager where mid='1' and mg_nick='austere' [ RunTime:0.0010s ]
SQL: SHOW COLUMNS FROM `xw_pic` [ RunTime:0.0151s ]
SQL: select * from xw_pic as a inner join xw_cat as b on a.cat_id = b.cat_id [ RunTime:0.0014s ]
INFO: [ view_parse ] --START--
INFO: Run Behavior\ParseTemplateBehavior [ RunTime:0.045063s ]
INFO: [ view_parse ] --END-- [ RunTime:0.045307s ]
INFO: [ view_filter ] --START--
INFO: Run Behavior\WriteHtmlCacheBehavior [ RunTime:0.000905s ]
INFO: [ view_filter ] --END-- [ RunTime:0.001084s ]
INFO: [ app_end ] --START--
INFO: Run Behavior\ShowPageTraceBehavior [ RunTime:0.001778s ]
INFO: [ app_end ] --END-- [ RunTime:0.002000s ]

[ 2015-10-20T17:55:03+08:00 ] 127.0.0.1 /blog/index.php/Admin/Picture/index
INFO: [ app_init ] --START--
INFO: Run Behavior\BuildLiteBehavior [ RunTime:0.000169s ]
INFO: [ app_init ] --END-- [ RunTime:0.001464s ]
INFO: [ app_begin ] --START--
INFO: Run Behavior\ReadHtmlCacheBehavior [ RunTime:0.002018s ]
INFO: [ app_begin ] --END-- [ RunTime:0.002223s ]
NOTIC: [2048] Declaration of Admin\Controller\PictureController::show() should be compatible with that of Think\Controller::show() D:\itcast\homework\TPframework\blog\Admin\Controller\PictureController.class.php 第 4 行.
SQL: SHOW COLUMNS FROM `xw_manager` [ RunTime:0.0147s ]
SQL: select count(*) from xw_manager where mid='1' and mg_nick='austere' [ RunTime:0.0009s ]
SQL: SHOW COLUMNS FROM `xw_pic` [ RunTime:0.0132s ]
SQL: select * from xw_pic as a inner join xw_cat as b on a.cat_id = b.cat_id [ RunTime:0.0012s ]
INFO: [ view_parse ] --START--
INFO: Run Behavior\ParseTemplateBehavior [ RunTime:0.034971s ]
INFO: [ view_parse ] --END-- [ RunTime:0.035164s ]
INFO: [ view_filter ] --START--
INFO: Run Behavior\WriteHtmlCacheBehavior [ RunTime:0.000866s ]
INFO: [ view_filter ] --END-- [ RunTime:0.001023s ]
INFO: [ app_end ] --START--
INFO: Run Behavior\ShowPageTraceBehavior [ RunTime:0.001562s ]
INFO: [ app_end ] --END-- [ RunTime:0.001766s ]

[ 2015-10-20T22:10:40+08:00 ] 127.0.0.1 /blog/index.php/admin/manager/index
INFO: [ app_init ] --START--
INFO: Run Behavior\BuildLiteBehavior [ RunTime:0.000054s ]
INFO: [ app_init ] --END-- [ RunTime:0.020397s ]
INFO: [ app_begin ] --START--
INFO: Run Behavior\ReadHtmlCacheBehavior [ RunTime:0.026290s ]
INFO: [ app_begin ] --END-- [ RunTime:0.026531s ]
ERR: SQLSTATE[28000] [1045] Access denied for user 'zjwdb_392373'@'localhost' (using password: YES)

[ 2015-10-20T22:32:37+08:00 ] 127.0.0.1 /blog/index.php/admin/manager/index
INFO: [ app_init ] --START--
INFO: Run Behavior\BuildLiteBehavior [ RunTime:0.000050s ]
INFO: [ app_init ] --END-- [ RunTime:0.081865s ]
INFO: [ app_begin ] --START--
INFO: Run Behavior\ReadHtmlCacheBehavior [ RunTime:0.073607s ]
INFO: [ app_begin ] --END-- [ RunTime:0.073902s ]
SQL: SHOW COLUMNS FROM `xw_manager` [ RunTime:3.9074s ]
SQL: select count(*) from xw_manager where mid='1' and mg_nick='austere' [ RunTime:0.2625s ]
INFO: [ view_parse ] --START--
INFO: Run Behavior\ParseTemplateBehavior [ RunTime:2.600351s ]
INFO: [ view_parse ] --END-- [ RunTime:2.600605s ]
INFO: [ view_filter ] --START--
INFO: Run Behavior\WriteHtmlCacheBehavior [ RunTime:0.223723s ]
INFO: [ view_filter ] --END-- [ RunTime:0.223905s ]
INFO: [ app_end ] --START--
INFO: Run Behavior\ShowPageTraceBehavior [ RunTime:0.490487s ]
INFO: [ app_end ] --END-- [ RunTime:0.490658s ]

[ 2015-10-20T22:32:44+08:00 ] 127.0.0.1 /blog/index.php/admin/manager/welcome.html
INFO: [ app_init ] --START--
INFO: Run Behavior\BuildLiteBehavior [ RunTime:0.000041s ]
INFO: [ app_init ] --END-- [ RunTime:0.001478s ]
INFO: [ app_begin ] --START--
INFO: Run Behavior\ReadHtmlCacheBehavior [ RunTime:0.003438s ]
INFO: [ app_begin ] --END-- [ RunTime:0.003698s ]
SQL: SHOW COLUMNS FROM `xw_manager` [ RunTime:0.4533s ]
SQL: select count(*) from xw_manager where mid='1' and mg_nick='austere' [ RunTime:0.0008s ]
INFO: [ view_parse ] --START--
INFO: Run Behavior\ParseTemplateBehavior [ RunTime:1.596654s ]
INFO: [ view_parse ] --END-- [ RunTime:1.596950s ]
INFO: [ view_filter ] --START--
INFO: Run Behavior\WriteHtmlCacheBehavior [ RunTime:0.001740s ]
INFO: [ view_filter ] --END-- [ RunTime:0.001904s ]
INFO: [ app_end ] --START--
INFO: Run Behavior\ShowPageTraceBehavior [ RunTime:0.002894s ]
INFO: [ app_end ] --END-- [ RunTime:0.003081s ]

[ 2015-10-20T22:32:50+08:00 ] 127.0.0.1 /blog/index.php/admin/manager/js/H-ui.js
INFO: [ app_init ] --START--
INFO: Run Behavior\BuildLiteBehavior [ RunTime:0.000040s ]
INFO: [ app_init ] --END-- [ RunTime:0.001434s ]
INFO: [ app_begin ] --START--
INFO: Run Behavior\ReadHtmlCacheBehavior [ RunTime:0.002822s ]
INFO: [ app_begin ] --END-- [ RunTime:0.003027s ]
SQL: SHOW COLUMNS FROM `xw_manager` [ RunTime:0.0141s ]
SQL: select count(*) from xw_manager where mid='1' and mg_nick='austere' [ RunTime:0.0008s ]
ERR: 非法操作:js

[ 2015-10-20T22:32:57+08:00 ] 127.0.0.1 /blog/index.php/Admin/Blog/index
INFO: [ app_init ] --START--
INFO: Run Behavior\BuildLiteBehavior [ RunTime:0.000049s ]
INFO: [ app_init ] --END-- [ RunTime:0.001659s ]
INFO: [ app_begin ] --START--
INFO: Run Behavior\ReadHtmlCacheBehavior [ RunTime:0.002983s ]
INFO: [ app_begin ] --END-- [ RunTime:0.003210s ]
SQL: SHOW COLUMNS FROM `xw_manager` [ RunTime:0.0175s ]
SQL: select count(*) from xw_manager where mid='1' and mg_nick='austere' [ RunTime:0.0011s ]
SQL: SHOW COLUMNS FROM `xw_cat` [ RunTime:0.1757s ]
SQL: SELECT `cat_id`,`cat_pid`,cat_name as name FROM `xw_cat`  [ RunTime:0.0294s ]
SQL: SHOW COLUMNS FROM `xw_blog` [ RunTime:0.1079s ]
SQL: SELECT a.* FROM xw_blog a left join xw_cat as b on a.cat_id=b.cat_id  WHERE a.is_finished = '1' ORDER BY b.cat_name desc  [ RunTime:0.5129s ]
INFO: [ view_parse ] --START--
NOTIC: [8] Undefined index: cat_name D:\itcast\homework\TPframework\blog\Runtime\Cache\6fa6dc998e077e7b403f4daa53d8b068aeaa64a6.file.index.html.php 第 114 行.
NOTIC: [8] Undefined index: cat_name D:\itcast\homework\TPframework\blog\Runtime\Cache\6fa6dc998e077e7b403f4daa53d8b068aeaa64a6.file.index.html.php 第 114 行.
NOTIC: [8] Undefined index: cat_name D:\itcast\homework\TPframework\blog\Runtime\Cache\6fa6dc998e077e7b403f4daa53d8b068aeaa64a6.file.index.html.php 第 114 行.
NOTIC: [8] Undefined index: cat_name D:\itcast\homework\TPframework\blog\Runtime\Cache\6fa6dc998e077e7b403f4daa53d8b068aeaa64a6.file.index.html.php 第 114 行.
NOTIC: [8] Undefined index: cat_name D:\itcast\homework\TPframework\blog\Runtime\Cache\6fa6dc998e077e7b403f4daa53d8b068aeaa64a6.file.index.html.php 第 114 行.
NOTIC: [8] Undefined index: cat_name D:\itcast\homework\TPframework\blog\Runtime\Cache\6fa6dc998e077e7b403f4daa53d8b068aeaa64a6.file.index.html.php 第 114 行.
NOTIC: [8] Undefined index: cat_name D:\itcast\homework\TPframework\blog\Runtime\Cache\6fa6dc998e077e7b403f4daa53d8b068aeaa64a6.file.index.html.php 第 114 行.
NOTIC: [8] Undefined index: cat_name D:\itcast\homework\TPframework\blog\Runtime\Cache\6fa6dc998e077e7b403f4daa53d8b068aeaa64a6.file.index.html.php 第 114 行.
NOTIC: [8] Undefined index: cat_name D:\itcast\homework\TPframework\blog\Runtime\Cache\6fa6dc998e077e7b403f4daa53d8b068aeaa64a6.file.index.html.php 第 114 行.
NOTIC: [8] Undefined index: cat_name D:\itcast\homework\TPframework\blog\Runtime\Cache\6fa6dc998e077e7b403f4daa53d8b068aeaa64a6.file.index.html.php 第 114 行.
INFO: Run Behavior\ParseTemplateBehavior [ RunTime:1.838377s ]
INFO: [ view_parse ] --END-- [ RunTime:1.838636s ]
INFO: [ view_filter ] --START--
INFO: Run Behavior\WriteHtmlCacheBehavior [ RunTime:0.002887s ]
INFO: [ view_filter ] --END-- [ RunTime:0.003154s ]
INFO: [ app_end ] --START--
INFO: Run Behavior\ShowPageTraceBehavior [ RunTime:0.002731s ]
INFO: [ app_end ] --END-- [ RunTime:0.003044s ]

[ 2015-10-20T22:33:03+08:00 ] 127.0.0.1 /blog/index.php/Admin/Blog/add
INFO: [ app_init ] --START--
INFO: Run Behavior\BuildLiteBehavior [ RunTime:0.000051s ]
INFO: [ app_init ] --END-- [ RunTime:0.002241s ]
INFO: [ app_begin ] --START--
INFO: Run Behavior\ReadHtmlCacheBehavior [ RunTime:0.002147s ]
INFO: [ app_begin ] --END-- [ RunTime:0.002366s ]
SQL: SHOW COLUMNS FROM `xw_manager` [ RunTime:0.0418s ]
SQL: select count(*) from xw_manager where mid='1' and mg_nick='austere' [ RunTime:0.0008s ]
SQL: SHOW COLUMNS FROM `xw_blog` [ RunTime:0.0150s ]
SQL: SHOW COLUMNS FROM `xw_cat` [ RunTime:0.0150s ]
SQL: SELECT * FROM `xw_cat` WHERE ( cat_pid =0  )  [ RunTime:0.0009s ]
INFO: [ view_parse ] --START--
INFO: Run Behavior\ParseTemplateBehavior [ RunTime:1.210619s ]
INFO: [ view_parse ] --END-- [ RunTime:1.212475s ]
INFO: [ view_filter ] --START--
INFO: Run Behavior\WriteHtmlCacheBehavior [ RunTime:0.003135s ]
INFO: [ view_filter ] --END-- [ RunTime:0.003393s ]
INFO: [ app_end ] --START--
INFO: Run Behavior\ShowPageTraceBehavior [ RunTime:0.003310s ]
INFO: [ app_end ] --END-- [ RunTime:0.003651s ]

[ 2015-10-20T22:33:19+08:00 ] 127.0.0.1 /blog/index.php/Admin/Blog/uploadimg
INFO: [ app_init ] --START--
INFO: Run Behavior\BuildLiteBehavior [ RunTime:0.000045s ]
INFO: [ app_init ] --END-- [ RunTime:0.001933s ]
INFO: [ app_begin ] --START--
INFO: Run Behavior\ReadHtmlCacheBehavior [ RunTime:0.002736s ]
INFO: [ app_begin ] --END-- [ RunTime:0.003023s ]
SQL: SHOW COLUMNS FROM `xw_manager` [ RunTime:0.0164s ]
SQL: select count(*) from xw_manager where mid='1' and mg_nick='austere' [ RunTime:0.0008s ]
NOTIC: [2] call_user_func() expects parameter 1 to be a valid callback, no array or string given D:\itcast\homework\TPframework\blog\ThinkPHP\Library\Think\Upload.class.php 第 170 行.
INFO: [ app_end ] --START--
INFO: Run Behavior\ShowPageTraceBehavior [ RunTime:0.003647s ]
INFO: [ app_end ] --END-- [ RunTime:0.003866s ]

[ 2015-10-20T22:48:27+08:00 ] 127.0.0.1 /blog/index.php/admin/manager/index
INFO: [ app_init ] --START--
INFO: Run Behavior\BuildLiteBehavior [ RunTime:0.000047s ]
INFO: [ app_init ] --END-- [ RunTime:0.002140s ]
INFO: [ app_begin ] --START--
INFO: Run Behavior\ReadHtmlCacheBehavior [ RunTime:0.003779s ]
INFO: [ app_begin ] --END-- [ RunTime:0.004071s ]
SQL: SHOW COLUMNS FROM `xw_manager` [ RunTime:0.0171s ]
SQL: select count(*) from xw_manager where mid='1' and mg_nick='austere' [ RunTime:0.0014s ]
INFO: [ view_parse ] --START--
INFO: Run Behavior\ParseTemplateBehavior [ RunTime:0.099027s ]
INFO: [ view_parse ] --END-- [ RunTime:0.099237s ]
INFO: [ view_filter ] --START--
INFO: Run Behavior\WriteHtmlCacheBehavior [ RunTime:0.001793s ]
INFO: [ view_filter ] --END-- [ RunTime:0.001937s ]
INFO: [ app_end ] --START--
INFO: Run Behavior\ShowPageTraceBehavior [ RunTime:0.002789s ]
INFO: [ app_end ] --END-- [ RunTime:0.003000s ]

[ 2015-10-20T22:48:29+08:00 ] 127.0.0.1 /blog/index.php/admin/manager/welcome.html
INFO: [ app_init ] --START--
INFO: Run Behavior\BuildLiteBehavior [ RunTime:0.000053s ]
INFO: [ app_init ] --END-- [ RunTime:0.025896s ]
INFO: [ app_begin ] --START--
INFO: Run Behavior\ReadHtmlCacheBehavior [ RunTime:0.002894s ]
INFO: [ app_begin ] --END-- [ RunTime:0.003114s ]
SQL: SHOW COLUMNS FROM `xw_manager` [ RunTime:0.0255s ]
SQL: select count(*) from xw_manager where mid='1' and mg_nick='austere' [ RunTime:0.0011s ]
INFO: [ view_parse ] --START--
INFO: Run Behavior\ParseTemplateBehavior [ RunTime:0.160021s ]
INFO: [ view_parse ] --END-- [ RunTime:0.160335s ]
INFO: [ view_filter ] --START--
INFO: Run Behavior\WriteHtmlCacheBehavior [ RunTime:0.006400s ]
INFO: [ view_filter ] --END-- [ RunTime:0.006693s ]
INFO: [ app_end ] --START--
INFO: Run Behavior\ShowPageTraceBehavior [ RunTime:0.005328s ]
INFO: [ app_end ] --END-- [ RunTime:0.005623s ]

[ 2015-10-20T22:48:30+08:00 ] 127.0.0.1 /blog/index.php/admin/manager/js/H-ui.js
INFO: [ app_init ] --START--
INFO: Run Behavior\BuildLiteBehavior [ RunTime:0.000039s ]
INFO: [ app_init ] --END-- [ RunTime:0.001401s ]
INFO: [ app_begin ] --START--
INFO: Run Behavior\ReadHtmlCacheBehavior [ RunTime:0.002793s ]
INFO: [ app_begin ] --END-- [ RunTime:0.002987s ]
SQL: SHOW COLUMNS FROM `xw_manager` [ RunTime:0.0149s ]
SQL: select count(*) from xw_manager where mid='1' and mg_nick='austere' [ RunTime:0.0009s ]
ERR: 非法操作:js

[ 2015-10-20T22:58:47+08:00 ] 127.0.0.1 /blog/index.php/Admin/Picture/index
INFO: [ app_init ] --START--
INFO: Run Behavior\BuildLiteBehavior [ RunTime:0.000108s ]
INFO: [ app_init ] --END-- [ RunTime:0.020608s ]
INFO: [ app_begin ] --START--
INFO: Run Behavior\ReadHtmlCacheBehavior [ RunTime:0.008278s ]
INFO: [ app_begin ] --END-- [ RunTime:0.008690s ]
NOTIC: [2048] Declaration of Admin\Controller\PictureController::show() should be compatible with that of Think\Controller::show() D:\itcast\homework\TPframework\blog\Admin\Controller\PictureController.class.php 第 4 行.
SQL: SHOW COLUMNS FROM `xw_manager` [ RunTime:0.0210s ]
SQL: select count(*) from xw_manager where mid='1' and mg_nick='austere' [ RunTime:0.0010s ]
SQL: SHOW COLUMNS FROM `xw_pic` [ RunTime:0.0278s ]
SQL: select * from xw_pic as a inner join xw_cat as b on a.cat_id = b.cat_id [ RunTime:0.0381s ]
INFO: [ view_parse ] --START--
INFO: Run Behavior\ParseTemplateBehavior [ RunTime:0.118324s ]
INFO: [ view_parse ] --END-- [ RunTime:0.118628s ]
INFO: [ view_filter ] --START--
INFO: Run Behavior\WriteHtmlCacheBehavior [ RunTime:0.005183s ]
INFO: [ view_filter ] --END-- [ RunTime:0.005470s ]
INFO: [ app_end ] --START--
INFO: Run Behavior\ShowPageTraceBehavior [ RunTime:0.008830s ]
INFO: [ app_end ] --END-- [ RunTime:0.009136s ]

[ 2015-10-20T22:59:00+08:00 ] 127.0.0.1 /blog/index.php/Admin/Blog/index
INFO: [ app_init ] --START--
INFO: Run Behavior\BuildLiteBehavior [ RunTime:0.000050s ]
INFO: [ app_init ] --END-- [ RunTime:0.005192s ]
INFO: [ app_begin ] --START--
INFO: Run Behavior\ReadHtmlCacheBehavior [ RunTime:0.005279s ]
INFO: [ app_begin ] --END-- [ RunTime:0.005613s ]
SQL: SHOW COLUMNS FROM `xw_manager` [ RunTime:0.0665s ]
SQL: select count(*) from xw_manager where mid='1' and mg_nick='austere' [ RunTime:0.0011s ]
SQL: SHOW COLUMNS FROM `xw_cat` [ RunTime:0.0170s ]
SQL: SELECT `cat_id`,`cat_pid`,cat_name as name FROM `xw_cat`  [ RunTime:0.0011s ]
SQL: SHOW COLUMNS FROM `xw_blog` [ RunTime:0.0477s ]
SQL: SELECT a.* FROM xw_blog a left join xw_cat as b on a.cat_id=b.cat_id  WHERE a.is_finished = '1' ORDER BY b.cat_name desc  [ RunTime:0.0505s ]
INFO: [ view_parse ] --START--
NOTIC: [8] Undefined index: cat_name D:\itcast\homework\TPframework\blog\Runtime\Cache\6fa6dc998e077e7b403f4daa53d8b068aeaa64a6.file.index.html.php 第 114 行.
NOTIC: [8] Undefined index: cat_name D:\itcast\homework\TPframework\blog\Runtime\Cache\6fa6dc998e077e7b403f4daa53d8b068aeaa64a6.file.index.html.php 第 114 行.
NOTIC: [8] Undefined index: cat_name D:\itcast\homework\TPframework\blog\Runtime\Cache\6fa6dc998e077e7b403f4daa53d8b068aeaa64a6.file.index.html.php 第 114 行.
NOTIC: [8] Undefined index: cat_name D:\itcast\homework\TPframework\blog\Runtime\Cache\6fa6dc998e077e7b403f4daa53d8b068aeaa64a6.file.index.html.php 第 114 行.
NOTIC: [8] Undefined index: cat_name D:\itcast\homework\TPframework\blog\Runtime\Cache\6fa6dc998e077e7b403f4daa53d8b068aeaa64a6.file.index.html.php 第 114 行.
NOTIC: [8] Undefined index: cat_name D:\itcast\homework\TPframework\blog\Runtime\Cache\6fa6dc998e077e7b403f4daa53d8b068aeaa64a6.file.index.html.php 第 114 行.
NOTIC: [8] Undefined index: cat_name D:\itcast\homework\TPframework\blog\Runtime\Cache\6fa6dc998e077e7b403f4daa53d8b068aeaa64a6.file.index.html.php 第 114 行.
NOTIC: [8] Undefined index: cat_name D:\itcast\homework\TPframework\blog\Runtime\Cache\6fa6dc998e077e7b403f4daa53d8b068aeaa64a6.file.index.html.php 第 114 行.
NOTIC: [8] Undefined index: cat_name D:\itcast\homework\TPframework\blog\Runtime\Cache\6fa6dc998e077e7b403f4daa53d8b068aeaa64a6.file.index.html.php 第 114 行.
NOTIC: [8] Undefined index: cat_name D:\itcast\homework\TPframework\blog\Runtime\Cache\6fa6dc998e077e7b403f4daa53d8b068aeaa64a6.file.index.html.php 第 114 行.
INFO: Run Behavior\ParseTemplateBehavior [ RunTime:0.084834s ]
INFO: [ view_parse ] --END-- [ RunTime:0.085038s ]
INFO: [ view_filter ] --START--
INFO: Run Behavior\WriteHtmlCacheBehavior [ RunTime:0.001821s ]
INFO: [ view_filter ] --END-- [ RunTime:0.001992s ]
INFO: [ app_end ] --START--
INFO: Run Behavior\ShowPageTraceBehavior [ RunTime:0.003581s ]
INFO: [ app_end ] --END-- [ RunTime:0.003817s ]

[ 2015-10-20T22:59:04+08:00 ] 127.0.0.1 /blog/index.php/Admin/Blog/add
INFO: [ app_init ] --START--
INFO: Run Behavior\BuildLiteBehavior [ RunTime:0.000048s ]
INFO: [ app_init ] --END-- [ RunTime:0.001519s ]
INFO: [ app_begin ] --START--
INFO: Run Behavior\ReadHtmlCacheBehavior [ RunTime:0.003968s ]
INFO: [ app_begin ] --END-- [ RunTime:0.004200s ]
SQL: SHOW COLUMNS FROM `xw_manager` [ RunTime:0.0173s ]
SQL: select count(*) from xw_manager where mid='1' and mg_nick='austere' [ RunTime:0.0009s ]
SQL: SHOW COLUMNS FROM `xw_blog` [ RunTime:0.0158s ]
SQL: SHOW COLUMNS FROM `xw_cat` [ RunTime:0.0213s ]
SQL: SELECT * FROM `xw_cat` WHERE ( cat_pid =0  )  [ RunTime:0.0011s ]
INFO: [ view_parse ] --START--
INFO: Run Behavior\ParseTemplateBehavior [ RunTime:1.253302s ]
INFO: [ view_parse ] --END-- [ RunTime:1.253675s ]
INFO: [ view_filter ] --START--
INFO: Run Behavior\WriteHtmlCacheBehavior [ RunTime:0.003119s ]
INFO: [ view_filter ] --END-- [ RunTime:0.003386s ]
INFO: [ app_end ] --START--
INFO: Run Behavior\ShowPageTraceBehavior [ RunTime:0.002660s ]
INFO: [ app_end ] --END-- [ RunTime:0.002953s ]

[ 2015-10-20T22:59:31+08:00 ] 127.0.0.1 /blog/index.php/Admin/Blog/uploadimg
INFO: [ app_init ] --START--
INFO: Run Behavior\BuildLiteBehavior [ RunTime:0.000046s ]
INFO: [ app_init ] --END-- [ RunTime:0.001629s ]
INFO: [ app_begin ] --START--
INFO: Run Behavior\ReadHtmlCacheBehavior [ RunTime:0.002087s ]
INFO: [ app_begin ] --END-- [ RunTime:0.002305s ]
SQL: SHOW COLUMNS FROM `xw_manager` [ RunTime:0.0183s ]
SQL: select count(*) from xw_manager where mid='1' and mg_nick='austere' [ RunTime:0.0009s ]
NOTIC: [2] finfo_file(2) [<a href='function.finfo-file'>function.finfo-file</a>]: failed to open stream: No such file or directory D:\itcast\homework\TPframework\blog\ThinkPHP\Library\Think\Upload.class.php 第 152 行.
NOTIC: [2] finfo_file(i) [<a href='function.finfo-file'>function.finfo-file</a>]: failed to open stream: No such file or directory D:\itcast\homework\TPframework\blog\ThinkPHP\Library\Think\Upload.class.php 第 152 行.
NOTIC: [2] finfo_file(C) [<a href='function.finfo-file'>function.finfo-file</a>]: failed to open stream: No such file or directory D:\itcast\homework\TPframework\blog\ThinkPHP\Library\Think\Upload.class.php 第 152 行.
NOTIC: [2] Cannot use a scalar value as an array D:\itcast\homework\TPframework\blog\ThinkPHP\Library\Think\Upload.class.php 第 148 行.
NOTIC: [2] Cannot use a scalar value as an array D:\itcast\homework\TPframework\blog\ThinkPHP\Library\Think\Upload.class.php 第 149 行.
NOTIC: [2] finfo_file() [<a href='function.finfo-file'>function.finfo-file</a>]: Empty filename or path D:\itcast\homework\TPframework\blog\ThinkPHP\Library\Think\Upload.class.php 第 152 行.
NOTIC: [2] Cannot use a scalar value as an array D:\itcast\homework\TPframework\blog\ThinkPHP\Library\Think\Upload.class.php 第 152 行.
NOTIC: [2] Cannot use a scalar value as an array D:\itcast\homework\TPframework\blog\ThinkPHP\Library\Think\Upload.class.php 第 156 行.
NOTIC: [2] Cannot use a scalar value as an array D:\itcast\homework\TPframework\blog\ThinkPHP\Library\Think\Upload.class.php 第 148 行.
NOTIC: [2] Cannot use a scalar value as an array D:\itcast\homework\TPframework\blog\ThinkPHP\Library\Think\Upload.class.php 第 149 行.
NOTIC: [2] finfo_file() [<a href='function.finfo-file'>function.finfo-file</a>]: Empty filename or path D:\itcast\homework\TPframework\blog\ThinkPHP\Library\Think\Upload.class.php 第 152 行.
NOTIC: [2] Cannot use a scalar value as an array D:\itcast\homework\TPframework\blog\ThinkPHP\Library\Think\Upload.class.php 第 152 行.
NOTIC: [2] Cannot use a scalar value as an array D:\itcast\homework\TPframework\blog\ThinkPHP\Library\Think\Upload.class.php 第 156 行.
INFO: [ app_end ] --START--
INFO: Run Behavior\ShowPageTraceBehavior [ RunTime:0.006271s ]
INFO: [ app_end ] --END-- [ RunTime:0.006490s ]

[ 2015-10-20T23:00:25+08:00 ] 127.0.0.1 /blog/index.php/Admin/Blog/index
INFO: [ app_init ] --START--
INFO: Run Behavior\BuildLiteBehavior [ RunTime:0.000050s ]
INFO: [ app_init ] --END-- [ RunTime:0.002419s ]
INFO: [ app_begin ] --START--
INFO: Run Behavior\ReadHtmlCacheBehavior [ RunTime:0.006238s ]
INFO: [ app_begin ] --END-- [ RunTime:0.006491s ]
SQL: SHOW COLUMNS FROM `xw_manager` [ RunTime:0.0548s ]
SQL: select count(*) from xw_manager where mid='1' and mg_nick='austere' [ RunTime:0.0008s ]
SQL: SHOW COLUMNS FROM `xw_cat` [ RunTime:0.0152s ]
SQL: SELECT `cat_id`,`cat_pid`,cat_name as name FROM `xw_cat`  [ RunTime:0.0009s ]
SQL: SHOW COLUMNS FROM `xw_blog` [ RunTime:0.2607s ]
SQL: SELECT a.* FROM xw_blog a left join xw_cat as b on a.cat_id=b.cat_id  WHERE a.is_finished = '1' ORDER BY b.cat_name desc  [ RunTime:0.8170s ]
INFO: [ view_parse ] --START--
NOTIC: [8] Undefined index: cat_name D:\itcast\homework\TPframework\blog\Runtime\Cache\6fa6dc998e077e7b403f4daa53d8b068aeaa64a6.file.index.html.php 第 114 行.
NOTIC: [8] Undefined index: cat_name D:\itcast\homework\TPframework\blog\Runtime\Cache\6fa6dc998e077e7b403f4daa53d8b068aeaa64a6.file.index.html.php 第 114 行.
NOTIC: [8] Undefined index: cat_name D:\itcast\homework\TPframework\blog\Runtime\Cache\6fa6dc998e077e7b403f4daa53d8b068aeaa64a6.file.index.html.php 第 114 行.
NOTIC: [8] Undefined index: cat_name D:\itcast\homework\TPframework\blog\Runtime\Cache\6fa6dc998e077e7b403f4daa53d8b068aeaa64a6.file.index.html.php 第 114 行.
NOTIC: [8] Undefined index: cat_name D:\itcast\homework\TPframework\blog\Runtime\Cache\6fa6dc998e077e7b403f4daa53d8b068aeaa64a6.file.index.html.php 第 114 行.
NOTIC: [8] Undefined index: cat_name D:\itcast\homework\TPframework\blog\Runtime\Cache\6fa6dc998e077e7b403f4daa53d8b068aeaa64a6.file.index.html.php 第 114 行.
NOTIC: [8] Undefined index: cat_name D:\itcast\homework\TPframework\blog\Runtime\Cache\6fa6dc998e077e7b403f4daa53d8b068aeaa64a6.file.index.html.php 第 114 行.
NOTIC: [8] Undefined index: cat_name D:\itcast\homework\TPframework\blog\Runtime\Cache\6fa6dc998e077e7b403f4daa53d8b068aeaa64a6.file.index.html.php 第 114 行.
NOTIC: [8] Undefined index: cat_name D:\itcast\homework\TPframework\blog\Runtime\Cache\6fa6dc998e077e7b403f4daa53d8b068aeaa64a6.file.index.html.php 第 114 行.
NOTIC: [8] Undefined index: cat_name D:\itcast\homework\TPframework\blog\Runtime\Cache\6fa6dc998e077e7b403f4daa53d8b068aeaa64a6.file.index.html.php 第 114 行.
INFO: Run Behavior\ParseTemplateBehavior [ RunTime:7.215110s ]
INFO: [ view_parse ] --END-- [ RunTime:7.215430s ]
INFO: [ view_filter ] --START--
INFO: Run Behavior\WriteHtmlCacheBehavior [ RunTime:0.766617s ]
INFO: [ view_filter ] --END-- [ RunTime:0.766808s ]
INFO: [ app_end ] --START--
INFO: Run Behavior\ShowPageTraceBehavior [ RunTime:0.005858s ]
INFO: [ app_end ] --END-- [ RunTime:0.006066s ]

[ 2015-10-20T23:00:34+08:00 ] 127.0.0.1 /blog/index.php/Admin/Blog/add
INFO: [ app_init ] --START--
INFO: Run Behavior\BuildLiteBehavior [ RunTime:0.000047s ]
INFO: [ app_init ] --END-- [ RunTime:0.002382s ]
INFO: [ app_begin ] --START--
INFO: Run Behavior\ReadHtmlCacheBehavior [ RunTime:0.006694s ]
INFO: [ app_begin ] --END-- [ RunTime:0.006937s ]
SQL: SHOW COLUMNS FROM `xw_manager` [ RunTime:0.0201s ]
SQL: select count(*) from xw_manager where mid='1' and mg_nick='austere' [ RunTime:0.0009s ]
SQL: SHOW COLUMNS FROM `xw_blog` [ RunTime:0.0137s ]
SQL: SHOW COLUMNS FROM `xw_cat` [ RunTime:0.0140s ]
SQL: SELECT * FROM `xw_cat` WHERE ( cat_pid =0  )  [ RunTime:0.0009s ]
INFO: [ view_parse ] --START--
INFO: Run Behavior\ParseTemplateBehavior [ RunTime:0.370657s ]
INFO: [ view_parse ] --END-- [ RunTime:0.370887s ]
INFO: [ view_filter ] --START--
INFO: Run Behavior\WriteHtmlCacheBehavior [ RunTime:0.005580s ]
INFO: [ view_filter ] --END-- [ RunTime:0.005738s ]
INFO: [ app_end ] --START--
INFO: Run Behavior\ShowPageTraceBehavior [ RunTime:0.006261s ]
INFO: [ app_end ] --END-- [ RunTime:0.006498s ]

[ 2015-10-20T23:01:08+08:00 ] 127.0.0.1 /blog/index.php/Admin/Blog/uploadimg
INFO: [ app_init ] --START--
INFO: Run Behavior\BuildLiteBehavior [ RunTime:0.000044s ]
INFO: [ app_init ] --END-- [ RunTime:0.002366s ]
INFO: [ app_begin ] --START--
INFO: Run Behavior\ReadHtmlCacheBehavior [ RunTime:0.004443s ]
INFO: [ app_begin ] --END-- [ RunTime:0.004685s ]
SQL: SHOW COLUMNS FROM `xw_manager` [ RunTime:0.0157s ]
SQL: select count(*) from xw_manager where mid='1' and mg_nick='austere' [ RunTime:0.0010s ]
NOTIC: [2] call_user_func() expects parameter 1 to be a valid callback, no array or string given D:\itcast\homework\TPframework\blog\ThinkPHP\Library\Think\Upload.class.php 第 170 行.
INFO: [ app_end ] --START--
INFO: Run Behavior\ShowPageTraceBehavior [ RunTime:0.005075s ]
INFO: [ app_end ] --END-- [ RunTime:0.005364s ]

