[ 2015-10-04T07:45:55+08:00 ] 127.0.0.1 /blog/index.php/home/index/show/blog_id/15.html
INFO: [ app_init ] --START--
INFO: Run Behavior\BuildLiteBehavior [ RunTime:0.000077s ]
INFO: [ app_init ] --END-- [ RunTime:0.033182s ]
INFO: [ app_begin ] --START--
INFO: Run Behavior\ReadHtmlCacheBehavior [ RunTime:0.017950s ]
INFO: [ app_begin ] --END-- [ RunTime:0.018249s ]
NOTIC: [2048] Declaration of Home\Controller\IndexController::show() should be compatible with that of Think\Controller::show() D:\itcast\homework\TPframework\blog\Home\Controller\IndexController.class.php 第 126 行.
SQL: SHOW COLUMNS FROM `xw_manager` [ RunTime:0.1869s ]
SQL: SELECT * FROM `xw_manager`  [ RunTime:0.0575s ]
SQL: SHOW COLUMNS FROM `xw_blog` [ RunTime:0.2476s ]
SQL: SELECT * FROM `xw_blog` WHERE `blog_id` = 15 LIMIT 1   [ RunTime:0.0763s ]
NOTIC: [8] Object of class Think\Model could not be converted to int D:\itcast\homework\TPframework\blog\Home\Controller\IndexController.class.php 第 41 行.
SQL: SELECT `blog_id`,`blog_title` FROM `xw_blog` WHERE `blog_id` = 0 LIMIT 1   [ RunTime:0.0007s ]
SQL: SELECT `blog_id`,`blog_title` FROM `xw_blog` WHERE `blog_id` = 14 LIMIT 1   [ RunTime:0.0458s ]
SQL: SELECT `blog_id`,`blog_title` FROM `xw_blog` WHERE `blog_id` = 16 LIMIT 1   [ RunTime:0.0006s ]
SQL: SELECT max(blog_id) as max FROM `xw_blog` LIMIT 1   [ RunTime:0.1400s ]
ERR: SQLSTATE[42S02]: Base table or view not found: 1146 Table 'blog.xw_comment' doesn't exist

[ 2015-10-04T07:46:30+08:00 ] 127.0.0.1 /blog/index.php/home/index/show/blog_id/15.html
INFO: [ app_init ] --START--
INFO: Run Behavior\BuildLiteBehavior [ RunTime:0.000047s ]
INFO: [ app_init ] --END-- [ RunTime:0.001522s ]
INFO: [ app_begin ] --START--
INFO: Run Behavior\ReadHtmlCacheBehavior [ RunTime:0.002064s ]
INFO: [ app_begin ] --END-- [ RunTime:0.002283s ]
NOTIC: [2048] Declaration of Home\Controller\IndexController::show() should be compatible with that of Think\Controller::show() D:\itcast\homework\TPframework\blog\Home\Controller\IndexController.class.php 第 126 行.
SQL: SHOW COLUMNS FROM `xw_manager` [ RunTime:0.0302s ]
SQL: SELECT * FROM `xw_manager`  [ RunTime:0.0010s ]
SQL: SHOW COLUMNS FROM `xw_blog` [ RunTime:0.0117s ]
SQL: SELECT * FROM `xw_blog` WHERE `blog_id` = 15 LIMIT 1   [ RunTime:0.0012s ]
NOTIC: [8] Object of class Think\Model could not be converted to int D:\itcast\homework\TPframework\blog\Home\Controller\IndexController.class.php 第 41 行.
SQL: SELECT `blog_id`,`blog_title` FROM `xw_blog` WHERE `blog_id` = 0 LIMIT 1   [ RunTime:0.0007s ]
SQL: SELECT `blog_id`,`blog_title` FROM `xw_blog` WHERE `blog_id` = 14 LIMIT 1   [ RunTime:0.0008s ]
SQL: SELECT `blog_id`,`blog_title` FROM `xw_blog` WHERE `blog_id` = 16 LIMIT 1   [ RunTime:0.0006s ]
SQL: SELECT max(blog_id) as max FROM `xw_blog` LIMIT 1   [ RunTime:0.0006s ]

[ 2015-10-04T07:47:00+08:00 ] 127.0.0.1 /blog/index.php/home/index/show/blog_id/15.html
INFO: [ app_init ] --START--
INFO: Run Behavior\BuildLiteBehavior [ RunTime:0.000043s ]
INFO: [ app_init ] --END-- [ RunTime:0.001429s ]
INFO: [ app_begin ] --START--
INFO: Run Behavior\ReadHtmlCacheBehavior [ RunTime:0.002927s ]
INFO: [ app_begin ] --END-- [ RunTime:0.003134s ]
NOTIC: [2048] Declaration of Home\Controller\IndexController::show() should be compatible with that of Think\Controller::show() D:\itcast\homework\TPframework\blog\Home\Controller\IndexController.class.php 第 126 行.
SQL: SHOW COLUMNS FROM `xw_manager` [ RunTime:0.0120s ]
SQL: SELECT * FROM `xw_manager`  [ RunTime:0.0012s ]
SQL: SHOW COLUMNS FROM `xw_blog` [ RunTime:0.0156s ]
SQL: SELECT * FROM `xw_blog` WHERE `blog_id` = 15 LIMIT 1   [ RunTime:0.0014s ]
NOTIC: [8] Object of class Think\Model could not be converted to int D:\itcast\homework\TPframework\blog\Home\Controller\IndexController.class.php 第 41 行.
SQL: SELECT `blog_id`,`blog_title` FROM `xw_blog` WHERE `blog_id` = 0 LIMIT 1   [ RunTime:0.0009s ]
SQL: SELECT `blog_id`,`blog_title` FROM `xw_blog` WHERE `blog_id` = 14 LIMIT 1   [ RunTime:0.0011s ]
SQL: SELECT `blog_id`,`blog_title` FROM `xw_blog` WHERE `blog_id` = 16 LIMIT 1   [ RunTime:0.0007s ]
SQL: SELECT max(blog_id) as max FROM `xw_blog` LIMIT 1   [ RunTime:0.0006s ]
SQL: SHOW COLUMNS FROM `xw_comments` [ RunTime:0.0901s ]
SQL: select u.user_name,c.* from xw_user as u inner join xw_comments as c on u.uid=c.uid where blog_id=15 order by c.comment_create_time desc [ RunTime:0.1141s ]
INFO: [ view_parse ] --START--
NOTIC: [2] Division by zero D:\itcast\homework\TPframework\blog\Runtime\Cache\119f1d7afc48e6486791b9652c125b909a2a249d.file.show.html.php 第 85 行.
INFO: Run Behavior\ParseTemplateBehavior [ RunTime:1.319974s ]
INFO: [ view_parse ] --END-- [ RunTime:1.320213s ]
INFO: [ view_filter ] --START--
INFO: Run Behavior\WriteHtmlCacheBehavior [ RunTime:0.031901s ]
INFO: [ view_filter ] --END-- [ RunTime:0.032120s ]
INFO: [ app_end ] --START--
INFO: Run Behavior\ShowPageTraceBehavior [ RunTime:0.021504s ]
INFO: [ app_end ] --END-- [ RunTime:0.021744s ]

[ 2015-10-04T07:55:07+08:00 ] 127.0.0.1 /blog/index.php/home/index/show/blog_id/15.html
INFO: [ app_init ] --START--
INFO: Run Behavior\BuildLiteBehavior [ RunTime:0.000098s ]
INFO: [ app_init ] --END-- [ RunTime:0.001624s ]
INFO: [ app_begin ] --START--
INFO: Run Behavior\ReadHtmlCacheBehavior [ RunTime:0.002475s ]
INFO: [ app_begin ] --END-- [ RunTime:0.002712s ]
NOTIC: [2048] Declaration of Home\Controller\IndexController::show() should be compatible with that of Think\Controller::show() D:\itcast\homework\TPframework\blog\Home\Controller\IndexController.class.php 第 126 行.
SQL: SHOW COLUMNS FROM `xw_manager` [ RunTime:0.0130s ]
SQL: SELECT * FROM `xw_manager`  [ RunTime:0.0011s ]
SQL: SHOW COLUMNS FROM `xw_blog` [ RunTime:0.0153s ]
SQL: SELECT * FROM `xw_blog` WHERE `blog_id` = 15 LIMIT 1   [ RunTime:0.0017s ]
NOTIC: [8] Object of class Think\Model could not be converted to int D:\itcast\homework\TPframework\blog\Home\Controller\IndexController.class.php 第 41 行.
SQL: SELECT `blog_id`,`blog_title` FROM `xw_blog` WHERE `blog_id` = 0 LIMIT 1   [ RunTime:0.0008s ]
SQL: SELECT `blog_id`,`blog_title` FROM `xw_blog` WHERE `blog_id` = 14 LIMIT 1   [ RunTime:0.0007s ]
SQL: SELECT `blog_id`,`blog_title` FROM `xw_blog` WHERE `blog_id` = 16 LIMIT 1   [ RunTime:0.0005s ]
SQL: SELECT max(blog_id) as max FROM `xw_blog` LIMIT 1   [ RunTime:0.0006s ]
SQL: SHOW COLUMNS FROM `xw_comments` [ RunTime:0.0151s ]
SQL: select u.user_name,c.* from xw_user as u inner join xw_comments as c on u.uid=c.uid where blog_id=15 order by c.comment_create_time desc [ RunTime:0.0125s ]
NOTIC: [8] Undefined index: cat_id D:\itcast\homework\TPframework\blog\Home\Model\CommentsModel.class.php 第 9 行.
ERR: Think\Model:childCats方法不存在！

[ 2015-10-04T07:55:37+08:00 ] 127.0.0.1 /blog/index.php/home/index/show/blog_id/15.html
INFO: [ app_init ] --START--
INFO: Run Behavior\BuildLiteBehavior [ RunTime:0.000046s ]
INFO: [ app_init ] --END-- [ RunTime:0.001477s ]
INFO: [ app_begin ] --START--
INFO: Run Behavior\ReadHtmlCacheBehavior [ RunTime:0.002269s ]
INFO: [ app_begin ] --END-- [ RunTime:0.002502s ]
NOTIC: [2048] Declaration of Home\Controller\IndexController::show() should be compatible with that of Think\Controller::show() D:\itcast\homework\TPframework\blog\Home\Controller\IndexController.class.php 第 126 行.
SQL: SHOW COLUMNS FROM `xw_manager` [ RunTime:0.0111s ]
SQL: SELECT * FROM `xw_manager`  [ RunTime:0.0009s ]
SQL: SHOW COLUMNS FROM `xw_blog` [ RunTime:0.0118s ]
SQL: SELECT * FROM `xw_blog` WHERE `blog_id` = 15 LIMIT 1   [ RunTime:0.0014s ]
NOTIC: [8] Object of class Think\Model could not be converted to int D:\itcast\homework\TPframework\blog\Home\Controller\IndexController.class.php 第 41 行.
SQL: SELECT `blog_id`,`blog_title` FROM `xw_blog` WHERE `blog_id` = 0 LIMIT 1   [ RunTime:0.0007s ]
SQL: SELECT `blog_id`,`blog_title` FROM `xw_blog` WHERE `blog_id` = 14 LIMIT 1   [ RunTime:0.0009s ]
SQL: SELECT `blog_id`,`blog_title` FROM `xw_blog` WHERE `blog_id` = 16 LIMIT 1   [ RunTime:0.0006s ]
SQL: SELECT max(blog_id) as max FROM `xw_blog` LIMIT 1   [ RunTime:0.0007s ]
SQL: SHOW COLUMNS FROM `xw_comments` [ RunTime:0.0111s ]
SQL: select u.user_name,c.* from xw_user as u inner join xw_comments as c on u.uid=c.uid where blog_id=15 order by c.comment_create_time desc [ RunTime:0.0101s ]
NOTIC: [8] Undefined index: cat_id D:\itcast\homework\TPframework\blog\Home\Model\CommentsModel.class.php 第 9 行.
INFO: [ view_parse ] --START--
NOTIC: [2] Division by zero D:\itcast\homework\TPframework\blog\Runtime\Cache\119f1d7afc48e6486791b9652c125b909a2a249d.file.show.html.php 第 85 行.
INFO: Run Behavior\ParseTemplateBehavior [ RunTime:0.042525s ]
INFO: [ view_parse ] --END-- [ RunTime:0.042801s ]
INFO: [ view_filter ] --START--
INFO: Run Behavior\WriteHtmlCacheBehavior [ RunTime:0.001401s ]
INFO: [ view_filter ] --END-- [ RunTime:0.001584s ]
INFO: [ app_end ] --START--
INFO: Run Behavior\ShowPageTraceBehavior [ RunTime:0.002407s ]
INFO: [ app_end ] --END-- [ RunTime:0.002652s ]

[ 2015-10-04T07:56:14+08:00 ] 127.0.0.1 /blog/index.php/home/index/show/blog_id/14.html
INFO: [ app_init ] --START--
INFO: Run Behavior\BuildLiteBehavior [ RunTime:0.000047s ]
INFO: [ app_init ] --END-- [ RunTime:0.001548s ]
INFO: [ app_begin ] --START--
INFO: Run Behavior\ReadHtmlCacheBehavior [ RunTime:0.002325s ]
INFO: [ app_begin ] --END-- [ RunTime:0.002561s ]
NOTIC: [2048] Declaration of Home\Controller\IndexController::show() should be compatible with that of Think\Controller::show() D:\itcast\homework\TPframework\blog\Home\Controller\IndexController.class.php 第 126 行.
SQL: SHOW COLUMNS FROM `xw_manager` [ RunTime:0.0116s ]
SQL: SELECT * FROM `xw_manager`  [ RunTime:0.0010s ]
SQL: SHOW COLUMNS FROM `xw_blog` [ RunTime:0.0127s ]
SQL: SELECT * FROM `xw_blog` WHERE `blog_id` = 14 LIMIT 1   [ RunTime:0.0025s ]
NOTIC: [8] Object of class Think\Model could not be converted to int D:\itcast\homework\TPframework\blog\Home\Controller\IndexController.class.php 第 41 行.
SQL: SELECT `blog_id`,`blog_title` FROM `xw_blog` WHERE `blog_id` = 0 LIMIT 1   [ RunTime:0.0007s ]
SQL: SELECT `blog_id`,`blog_title` FROM `xw_blog` WHERE `blog_id` = 13 LIMIT 1   [ RunTime:0.0006s ]
SQL: SELECT `blog_id`,`blog_title` FROM `xw_blog` WHERE `blog_id` = 12 LIMIT 1   [ RunTime:0.0007s ]
SQL: SELECT `blog_id`,`blog_title` FROM `xw_blog` WHERE `blog_id` = 11 LIMIT 1   [ RunTime:0.0827s ]
SQL: SELECT `blog_id`,`blog_title` FROM `xw_blog` WHERE `blog_id` = 15 LIMIT 1   [ RunTime:0.0007s ]
SQL: SHOW COLUMNS FROM `xw_comments` [ RunTime:0.0116s ]
SQL: select u.user_name,c.* from xw_user as u inner join xw_comments as c on u.uid=c.uid where blog_id=14 order by c.comment_create_time desc [ RunTime:0.0101s ]
NOTIC: [8] Undefined index: cat_id D:\itcast\homework\TPframework\blog\Home\Model\CommentsModel.class.php 第 9 行.
NOTIC: [8] Undefined index: cat_id D:\itcast\homework\TPframework\blog\Home\Model\CommentsModel.class.php 第 9 行.
NOTIC: [8] Undefined index: cat_id D:\itcast\homework\TPframework\blog\Home\Model\CommentsModel.class.php 第 9 行.
INFO: [ view_parse ] --START--
NOTIC: [2] Division by zero D:\itcast\homework\TPframework\blog\Runtime\Cache\119f1d7afc48e6486791b9652c125b909a2a249d.file.show.html.php 第 85 行.
INFO: Run Behavior\ParseTemplateBehavior [ RunTime:0.039522s ]
INFO: [ view_parse ] --END-- [ RunTime:0.039735s ]
INFO: [ view_filter ] --START--
INFO: Run Behavior\WriteHtmlCacheBehavior [ RunTime:0.001247s ]
INFO: [ view_filter ] --END-- [ RunTime:0.001430s ]
INFO: [ app_end ] --START--
INFO: Run Behavior\ShowPageTraceBehavior [ RunTime:0.002284s ]
INFO: [ app_end ] --END-- [ RunTime:0.002512s ]

[ 2015-10-04T07:57:26+08:00 ] 127.0.0.1 /blog/index.php/home/index/show/blog_id/14.html
INFO: [ app_init ] --START--
INFO: Run Behavior\BuildLiteBehavior [ RunTime:0.000045s ]
INFO: [ app_init ] --END-- [ RunTime:0.001566s ]
INFO: [ app_begin ] --START--
INFO: Run Behavior\ReadHtmlCacheBehavior [ RunTime:0.002815s ]
INFO: [ app_begin ] --END-- [ RunTime:0.003117s ]
NOTIC: [2048] Declaration of Home\Controller\IndexController::show() should be compatible with that of Think\Controller::show() D:\itcast\homework\TPframework\blog\Home\Controller\IndexController.class.php 第 126 行.
SQL: SHOW COLUMNS FROM `xw_manager` [ RunTime:0.0115s ]
SQL: SELECT * FROM `xw_manager`  [ RunTime:0.0010s ]
SQL: SHOW COLUMNS FROM `xw_blog` [ RunTime:0.0123s ]
SQL: SELECT * FROM `xw_blog` WHERE `blog_id` = 14 LIMIT 1   [ RunTime:0.0026s ]
NOTIC: [8] Object of class Think\Model could not be converted to int D:\itcast\homework\TPframework\blog\Home\Controller\IndexController.class.php 第 41 行.
SQL: SELECT `blog_id`,`blog_title` FROM `xw_blog` WHERE `blog_id` = 0 LIMIT 1   [ RunTime:0.0009s ]
SQL: SELECT `blog_id`,`blog_title` FROM `xw_blog` WHERE `blog_id` = 13 LIMIT 1   [ RunTime:0.0006s ]
SQL: SELECT `blog_id`,`blog_title` FROM `xw_blog` WHERE `blog_id` = 12 LIMIT 1   [ RunTime:0.0006s ]
SQL: SELECT `blog_id`,`blog_title` FROM `xw_blog` WHERE `blog_id` = 11 LIMIT 1   [ RunTime:0.0008s ]
SQL: SELECT `blog_id`,`blog_title` FROM `xw_blog` WHERE `blog_id` = 15 LIMIT 1   [ RunTime:0.0012s ]
SQL: SHOW COLUMNS FROM `xw_comments` [ RunTime:0.0131s ]
SQL: select u.user_name,c.* from xw_user as u inner join xw_comments as c on u.uid=c.uid where blog_id=14 order by c.comment_create_time desc [ RunTime:0.0103s ]
INFO: [ view_parse ] --START--
NOTIC: [2] Division by zero D:\itcast\homework\TPframework\blog\Runtime\Cache\119f1d7afc48e6486791b9652c125b909a2a249d.file.show.html.php 第 85 行.
INFO: Run Behavior\ParseTemplateBehavior [ RunTime:0.042558s ]
INFO: [ view_parse ] --END-- [ RunTime:0.042766s ]
INFO: [ view_filter ] --START--
INFO: Run Behavior\WriteHtmlCacheBehavior [ RunTime:0.001312s ]
INFO: [ view_filter ] --END-- [ RunTime:0.001511s ]
INFO: [ app_end ] --START--
INFO: Run Behavior\ShowPageTraceBehavior [ RunTime:0.007133s ]
INFO: [ app_end ] --END-- [ RunTime:0.007364s ]

[ 2015-10-04T08:03:17+08:00 ] 127.0.0.1 /blog/index.php/home/index/show/blog_id/14.html
INFO: [ app_init ] --START--
INFO: Run Behavior\BuildLiteBehavior [ RunTime:0.000049s ]
INFO: [ app_init ] --END-- [ RunTime:0.001599s ]
INFO: [ app_begin ] --START--
INFO: Run Behavior\ReadHtmlCacheBehavior [ RunTime:0.002467s ]
INFO: [ app_begin ] --END-- [ RunTime:0.012851s ]
NOTIC: [2048] Declaration of Home\Controller\IndexController::show() should be compatible with that of Think\Controller::show() D:\itcast\homework\TPframework\blog\Home\Controller\IndexController.class.php 第 126 行.
SQL: SHOW COLUMNS FROM `xw_manager` [ RunTime:0.0124s ]
SQL: SELECT * FROM `xw_manager`  [ RunTime:0.0009s ]
SQL: SHOW COLUMNS FROM `xw_blog` [ RunTime:0.0151s ]
SQL: SELECT * FROM `xw_blog` WHERE `blog_id` = 14 LIMIT 1   [ RunTime:0.0026s ]
NOTIC: [8] Object of class Think\Model could not be converted to int D:\itcast\homework\TPframework\blog\Home\Controller\IndexController.class.php 第 41 行.
SQL: SELECT `blog_id`,`blog_title` FROM `xw_blog` WHERE `blog_id` = 0 LIMIT 1   [ RunTime:0.0009s ]
SQL: SELECT `blog_id`,`blog_title` FROM `xw_blog` WHERE `blog_id` = 13 LIMIT 1   [ RunTime:0.0010s ]
SQL: SELECT `blog_id`,`blog_title` FROM `xw_blog` WHERE `blog_id` = 12 LIMIT 1   [ RunTime:0.0005s ]
SQL: SELECT `blog_id`,`blog_title` FROM `xw_blog` WHERE `blog_id` = 11 LIMIT 1   [ RunTime:0.0006s ]
SQL: SELECT `blog_id`,`blog_title` FROM `xw_blog` WHERE `blog_id` = 15 LIMIT 1   [ RunTime:0.0006s ]
SQL: SHOW COLUMNS FROM `xw_comments` [ RunTime:0.0133s ]
SQL: select u.user_name,c.* from xw_user as u inner join xw_comments as c on u.uid=c.uid where blog_id=14 order by c.comment_create_time desc [ RunTime:0.0143s ]
INFO: [ view_parse ] --START--
NOTIC: [2] Division by zero D:\itcast\homework\TPframework\blog\Runtime\Cache\119f1d7afc48e6486791b9652c125b909a2a249d.file.show.html.php 第 85 行.
NOTIC: [8] Undefined index: comment_infor_rearrange D:\itcast\homework\TPframework\blog\Runtime\Cache\119f1d7afc48e6486791b9652c125b909a2a249d.file.show.html.php 第 271 行.
NOTIC: [8] Trying to get property of non-object D:\itcast\homework\TPframework\blog\Runtime\Cache\119f1d7afc48e6486791b9652c125b909a2a249d.file.show.html.php 第 271 行.
INFO: Run Behavior\ParseTemplateBehavior [ RunTime:0.524462s ]
INFO: [ view_parse ] --END-- [ RunTime:0.524681s ]
INFO: [ view_filter ] --START--
INFO: Run Behavior\WriteHtmlCacheBehavior [ RunTime:0.001871s ]
INFO: [ view_filter ] --END-- [ RunTime:0.002033s ]
INFO: [ app_end ] --START--
INFO: Run Behavior\ShowPageTraceBehavior [ RunTime:0.001869s ]
INFO: [ app_end ] --END-- [ RunTime:0.002065s ]

[ 2015-10-04T08:04:14+08:00 ] 127.0.0.1 /blog/index.php/home/index/show/blog_id/14.html
INFO: [ app_init ] --START--
INFO: Run Behavior\BuildLiteBehavior [ RunTime:0.000048s ]
INFO: [ app_init ] --END-- [ RunTime:0.001437s ]
INFO: [ app_begin ] --START--
INFO: Run Behavior\ReadHtmlCacheBehavior [ RunTime:0.002295s ]
INFO: [ app_begin ] --END-- [ RunTime:0.002500s ]
NOTIC: [2048] Declaration of Home\Controller\IndexController::show() should be compatible with that of Think\Controller::show() D:\itcast\homework\TPframework\blog\Home\Controller\IndexController.class.php 第 126 行.
SQL: SHOW COLUMNS FROM `xw_manager` [ RunTime:0.0111s ]
SQL: SELECT * FROM `xw_manager`  [ RunTime:0.0010s ]
SQL: SHOW COLUMNS FROM `xw_blog` [ RunTime:0.0126s ]
SQL: SELECT * FROM `xw_blog` WHERE `blog_id` = 14 LIMIT 1   [ RunTime:0.0060s ]
NOTIC: [8] Object of class Think\Model could not be converted to int D:\itcast\homework\TPframework\blog\Home\Controller\IndexController.class.php 第 41 行.
SQL: SELECT `blog_id`,`blog_title` FROM `xw_blog` WHERE `blog_id` = 0 LIMIT 1   [ RunTime:0.0008s ]
SQL: SELECT `blog_id`,`blog_title` FROM `xw_blog` WHERE `blog_id` = 13 LIMIT 1   [ RunTime:0.0006s ]
SQL: SELECT `blog_id`,`blog_title` FROM `xw_blog` WHERE `blog_id` = 12 LIMIT 1   [ RunTime:0.0008s ]
SQL: SELECT `blog_id`,`blog_title` FROM `xw_blog` WHERE `blog_id` = 11 LIMIT 1   [ RunTime:0.0007s ]
SQL: SELECT `blog_id`,`blog_title` FROM `xw_blog` WHERE `blog_id` = 15 LIMIT 1   [ RunTime:0.0007s ]
SQL: SHOW COLUMNS FROM `xw_comments` [ RunTime:0.0147s ]
SQL: select u.user_name,c.* from xw_user as u inner join xw_comments as c on u.uid=c.uid where blog_id=14 order by c.comment_create_time desc [ RunTime:0.0097s ]
INFO: [ view_parse ] --START--
NOTIC: [2] Division by zero D:\itcast\homework\TPframework\blog\Runtime\Cache\119f1d7afc48e6486791b9652c125b909a2a249d.file.show.html.php 第 85 行.
INFO: Run Behavior\ParseTemplateBehavior [ RunTime:0.533098s ]
INFO: [ view_parse ] --END-- [ RunTime:0.533294s ]
INFO: [ view_filter ] --START--
INFO: Run Behavior\WriteHtmlCacheBehavior [ RunTime:0.001547s ]
INFO: [ view_filter ] --END-- [ RunTime:0.001708s ]
INFO: [ app_end ] --START--
INFO: Run Behavior\ShowPageTraceBehavior [ RunTime:0.002709s ]
INFO: [ app_end ] --END-- [ RunTime:0.002951s ]

[ 2015-10-04T08:35:02+08:00 ] 127.0.0.1 /blog/index.php/home/index/show/blog_id/14.html
INFO: [ app_init ] --START--
INFO: Run Behavior\BuildLiteBehavior [ RunTime:0.000047s ]
INFO: [ app_init ] --END-- [ RunTime:0.001810s ]
INFO: [ app_begin ] --START--
INFO: Run Behavior\ReadHtmlCacheBehavior [ RunTime:0.002672s ]
INFO: [ app_begin ] --END-- [ RunTime:0.002881s ]
NOTIC: [2048] Declaration of Home\Controller\IndexController::show() should be compatible with that of Think\Controller::show() D:\itcast\homework\TPframework\blog\Home\Controller\IndexController.class.php 第 129 行.
SQL: SHOW COLUMNS FROM `xw_manager` [ RunTime:0.0122s ]
SQL: SELECT * FROM `xw_manager`  [ RunTime:0.0009s ]
SQL: SHOW COLUMNS FROM `xw_blog` [ RunTime:0.0143s ]
SQL: SELECT * FROM `xw_blog` WHERE `blog_id` = 14 LIMIT 1   [ RunTime:0.0025s ]
NOTIC: [8] Object of class Think\Model could not be converted to int D:\itcast\homework\TPframework\blog\Home\Controller\IndexController.class.php 第 41 行.
SQL: SELECT `blog_id`,`blog_title` FROM `xw_blog` WHERE `blog_id` = 0 LIMIT 1   [ RunTime:0.0009s ]
SQL: SELECT `blog_id`,`blog_title` FROM `xw_blog` WHERE `blog_id` = 13 LIMIT 1   [ RunTime:0.0028s ]
SQL: SELECT `blog_id`,`blog_title` FROM `xw_blog` WHERE `blog_id` = 12 LIMIT 1   [ RunTime:0.0009s ]
SQL: SELECT `blog_id`,`blog_title` FROM `xw_blog` WHERE `blog_id` = 11 LIMIT 1   [ RunTime:0.0007s ]
SQL: SELECT `blog_id`,`blog_title` FROM `xw_blog` WHERE `blog_id` = 15 LIMIT 1   [ RunTime:0.0008s ]

[ 2015-10-04T08:35:24+08:00 ] 127.0.0.1 /blog/index.php/home/index/show/blog_id/14.html
INFO: [ app_init ] --START--
INFO: Run Behavior\BuildLiteBehavior [ RunTime:0.000047s ]
INFO: [ app_init ] --END-- [ RunTime:0.001569s ]
INFO: [ app_begin ] --START--
INFO: Run Behavior\ReadHtmlCacheBehavior [ RunTime:0.003639s ]
INFO: [ app_begin ] --END-- [ RunTime:0.004365s ]
NOTIC: [2048] Declaration of Home\Controller\IndexController::show() should be compatible with that of Think\Controller::show() D:\itcast\homework\TPframework\blog\Home\Controller\IndexController.class.php 第 129 行.
SQL: SHOW COLUMNS FROM `xw_manager` [ RunTime:0.0114s ]
SQL: SELECT * FROM `xw_manager`  [ RunTime:0.0011s ]
SQL: SHOW COLUMNS FROM `xw_blog` [ RunTime:0.0135s ]
SQL: SELECT * FROM `xw_blog` WHERE `blog_id` = 14 LIMIT 1   [ RunTime:0.0021s ]
NOTIC: [8] Object of class Think\Model could not be converted to int D:\itcast\homework\TPframework\blog\Home\Controller\IndexController.class.php 第 41 行.
SQL: SELECT `blog_id`,`blog_title` FROM `xw_blog` WHERE `blog_id` = 0 LIMIT 1   [ RunTime:0.0009s ]
SQL: SELECT `blog_id`,`blog_title` FROM `xw_blog` WHERE `blog_id` = 13 LIMIT 1   [ RunTime:0.0006s ]
SQL: SELECT `blog_id`,`blog_title` FROM `xw_blog` WHERE `blog_id` = 12 LIMIT 1   [ RunTime:0.0013s ]
SQL: SELECT `blog_id`,`blog_title` FROM `xw_blog` WHERE `blog_id` = 11 LIMIT 1   [ RunTime:0.0009s ]
SQL: SELECT `blog_id`,`blog_title` FROM `xw_blog` WHERE `blog_id` = 15 LIMIT 1   [ RunTime:0.0008s ]

[ 2015-10-04T08:36:29+08:00 ] 127.0.0.1 /blog/index.php/home/index/show/blog_id/14.html
INFO: [ app_init ] --START--
INFO: Run Behavior\BuildLiteBehavior [ RunTime:0.000046s ]
INFO: [ app_init ] --END-- [ RunTime:0.001502s ]
INFO: [ app_begin ] --START--
INFO: Run Behavior\ReadHtmlCacheBehavior [ RunTime:0.001829s ]
INFO: [ app_begin ] --END-- [ RunTime:0.002046s ]
NOTIC: [2048] Declaration of Home\Controller\IndexController::show() should be compatible with that of Think\Controller::show() D:\itcast\homework\TPframework\blog\Home\Controller\IndexController.class.php 第 129 行.
SQL: SHOW COLUMNS FROM `xw_manager` [ RunTime:0.0115s ]
SQL: SELECT * FROM `xw_manager`  [ RunTime:0.0010s ]
SQL: SHOW COLUMNS FROM `xw_blog` [ RunTime:0.0117s ]
SQL: SELECT * FROM `xw_blog` WHERE `blog_id` = 14 LIMIT 1   [ RunTime:0.0018s ]
NOTIC: [8] Object of class Think\Model could not be converted to int D:\itcast\homework\TPframework\blog\Home\Controller\IndexController.class.php 第 41 行.
SQL: SELECT `blog_id`,`blog_title` FROM `xw_blog` WHERE `blog_id` = 0 LIMIT 1   [ RunTime:0.0008s ]
SQL: SELECT `blog_id`,`blog_title` FROM `xw_blog` WHERE `blog_id` = 13 LIMIT 1   [ RunTime:0.0006s ]
SQL: SELECT `blog_id`,`blog_title` FROM `xw_blog` WHERE `blog_id` = 12 LIMIT 1   [ RunTime:0.0006s ]
SQL: SELECT `blog_id`,`blog_title` FROM `xw_blog` WHERE `blog_id` = 11 LIMIT 1   [ RunTime:0.0009s ]
SQL: SELECT `blog_id`,`blog_title` FROM `xw_blog` WHERE `blog_id` = 15 LIMIT 1   [ RunTime:0.0006s ]

[ 2015-10-04T08:37:15+08:00 ] 127.0.0.1 /blog/index.php/home/index/show/blog_id/14.html
INFO: [ app_init ] --START--
INFO: Run Behavior\BuildLiteBehavior [ RunTime:0.000047s ]
INFO: [ app_init ] --END-- [ RunTime:0.001434s ]
INFO: [ app_begin ] --START--
INFO: Run Behavior\ReadHtmlCacheBehavior [ RunTime:0.002139s ]
INFO: [ app_begin ] --END-- [ RunTime:0.002342s ]
NOTIC: [2048] Declaration of Home\Controller\IndexController::show() should be compatible with that of Think\Controller::show() D:\itcast\homework\TPframework\blog\Home\Controller\IndexController.class.php 第 129 行.
SQL: SHOW COLUMNS FROM `xw_manager` [ RunTime:0.0164s ]
SQL: SELECT * FROM `xw_manager`  [ RunTime:0.0010s ]
SQL: SHOW COLUMNS FROM `xw_blog` [ RunTime:0.0146s ]
SQL: SELECT * FROM `xw_blog` WHERE `blog_id` = 14 LIMIT 1   [ RunTime:0.0027s ]
NOTIC: [8] Object of class Think\Model could not be converted to int D:\itcast\homework\TPframework\blog\Home\Controller\IndexController.class.php 第 41 行.
SQL: SELECT `blog_id`,`blog_title` FROM `xw_blog` WHERE `blog_id` = 0 LIMIT 1   [ RunTime:0.0008s ]
SQL: SELECT `blog_id`,`blog_title` FROM `xw_blog` WHERE `blog_id` = 13 LIMIT 1   [ RunTime:0.0006s ]
SQL: SELECT `blog_id`,`blog_title` FROM `xw_blog` WHERE `blog_id` = 12 LIMIT 1   [ RunTime:0.0006s ]
SQL: SELECT `blog_id`,`blog_title` FROM `xw_blog` WHERE `blog_id` = 11 LIMIT 1   [ RunTime:0.0008s ]
SQL: SELECT `blog_id`,`blog_title` FROM `xw_blog` WHERE `blog_id` = 15 LIMIT 1   [ RunTime:0.0007s ]

[ 2015-10-04T08:37:39+08:00 ] 127.0.0.1 /blog/index.php/home/index/show/blog_id/14.html
INFO: [ app_init ] --START--
INFO: Run Behavior\BuildLiteBehavior [ RunTime:0.000045s ]
INFO: [ app_init ] --END-- [ RunTime:0.001950s ]
INFO: [ app_begin ] --START--
INFO: Run Behavior\ReadHtmlCacheBehavior [ RunTime:0.002810s ]
INFO: [ app_begin ] --END-- [ RunTime:0.003100s ]
NOTIC: [2048] Declaration of Home\Controller\IndexController::show() should be compatible with that of Think\Controller::show() D:\itcast\homework\TPframework\blog\Home\Controller\IndexController.class.php 第 129 行.
SQL: SHOW COLUMNS FROM `xw_manager` [ RunTime:0.0139s ]
SQL: SELECT * FROM `xw_manager`  [ RunTime:0.0013s ]
SQL: SHOW COLUMNS FROM `xw_blog` [ RunTime:0.0133s ]
SQL: SELECT * FROM `xw_blog` WHERE `blog_id` = 14 LIMIT 1   [ RunTime:0.0021s ]
NOTIC: [8] Object of class Think\Model could not be converted to int D:\itcast\homework\TPframework\blog\Home\Controller\IndexController.class.php 第 41 行.
SQL: SELECT `blog_id`,`blog_title` FROM `xw_blog` WHERE `blog_id` = 0 LIMIT 1   [ RunTime:0.0008s ]
SQL: SELECT `blog_id`,`blog_title` FROM `xw_blog` WHERE `blog_id` = 13 LIMIT 1   [ RunTime:0.0025s ]
SQL: SELECT `blog_id`,`blog_title` FROM `xw_blog` WHERE `blog_id` = 12 LIMIT 1   [ RunTime:0.0017s ]
SQL: SELECT `blog_id`,`blog_title` FROM `xw_blog` WHERE `blog_id` = 11 LIMIT 1   [ RunTime:0.0010s ]
SQL: SELECT `blog_id`,`blog_title` FROM `xw_blog` WHERE `blog_id` = 15 LIMIT 1   [ RunTime:0.0009s ]

[ 2015-10-04T08:38:12+08:00 ] 127.0.0.1 /blog/index.php/home/index/show/blog_id/14.html
INFO: [ app_init ] --START--
INFO: Run Behavior\BuildLiteBehavior [ RunTime:0.000039s ]
INFO: [ app_init ] --END-- [ RunTime:0.001488s ]
INFO: [ app_begin ] --START--
INFO: Run Behavior\ReadHtmlCacheBehavior [ RunTime:0.001861s ]
INFO: [ app_begin ] --END-- [ RunTime:0.002033s ]
NOTIC: [2048] Declaration of Home\Controller\IndexController::show() should be compatible with that of Think\Controller::show() D:\itcast\homework\TPframework\blog\Home\Controller\IndexController.class.php 第 129 行.
SQL: SHOW COLUMNS FROM `xw_manager` [ RunTime:0.0092s ]
SQL: SELECT * FROM `xw_manager`  [ RunTime:0.0011s ]
SQL: SHOW COLUMNS FROM `xw_blog` [ RunTime:0.0143s ]
SQL: SELECT * FROM `xw_blog` WHERE `blog_id` = 14 LIMIT 1   [ RunTime:0.0025s ]
NOTIC: [8] Object of class Think\Model could not be converted to int D:\itcast\homework\TPframework\blog\Home\Controller\IndexController.class.php 第 41 行.
SQL: SELECT `blog_id`,`blog_title` FROM `xw_blog` WHERE `blog_id` = 0 LIMIT 1   [ RunTime:0.0008s ]
SQL: SELECT `blog_id`,`blog_title` FROM `xw_blog` WHERE `blog_id` = 13 LIMIT 1   [ RunTime:0.0006s ]
SQL: SELECT `blog_id`,`blog_title` FROM `xw_blog` WHERE `blog_id` = 12 LIMIT 1   [ RunTime:0.0005s ]
SQL: SELECT `blog_id`,`blog_title` FROM `xw_blog` WHERE `blog_id` = 11 LIMIT 1   [ RunTime:0.0007s ]
SQL: SELECT `blog_id`,`blog_title` FROM `xw_blog` WHERE `blog_id` = 15 LIMIT 1   [ RunTime:0.0006s ]

[ 2015-10-04T08:38:14+08:00 ] 127.0.0.1 /blog/index.php/home/index/show/blog_id/14.html
INFO: [ app_init ] --START--
INFO: Run Behavior\BuildLiteBehavior [ RunTime:0.000046s ]
INFO: [ app_init ] --END-- [ RunTime:0.001291s ]
INFO: [ app_begin ] --START--
INFO: Run Behavior\ReadHtmlCacheBehavior [ RunTime:0.001977s ]
INFO: [ app_begin ] --END-- [ RunTime:0.002178s ]
NOTIC: [2048] Declaration of Home\Controller\IndexController::show() should be compatible with that of Think\Controller::show() D:\itcast\homework\TPframework\blog\Home\Controller\IndexController.class.php 第 129 行.
SQL: SHOW COLUMNS FROM `xw_manager` [ RunTime:0.0115s ]
SQL: SELECT * FROM `xw_manager`  [ RunTime:0.0010s ]
SQL: SHOW COLUMNS FROM `xw_blog` [ RunTime:0.0122s ]
SQL: SELECT * FROM `xw_blog` WHERE `blog_id` = 14 LIMIT 1   [ RunTime:0.0024s ]
NOTIC: [8] Object of class Think\Model could not be converted to int D:\itcast\homework\TPframework\blog\Home\Controller\IndexController.class.php 第 41 行.
SQL: SELECT `blog_id`,`blog_title` FROM `xw_blog` WHERE `blog_id` = 0 LIMIT 1   [ RunTime:0.0008s ]
SQL: SELECT `blog_id`,`blog_title` FROM `xw_blog` WHERE `blog_id` = 13 LIMIT 1   [ RunTime:0.0006s ]
SQL: SELECT `blog_id`,`blog_title` FROM `xw_blog` WHERE `blog_id` = 12 LIMIT 1   [ RunTime:0.0007s ]
SQL: SELECT `blog_id`,`blog_title` FROM `xw_blog` WHERE `blog_id` = 11 LIMIT 1   [ RunTime:0.0014s ]
SQL: SELECT `blog_id`,`blog_title` FROM `xw_blog` WHERE `blog_id` = 15 LIMIT 1   [ RunTime:0.0008s ]

[ 2015-10-04T08:39:09+08:00 ] 127.0.0.1 /blog/index.php/home/index/show/blog_id/14.html
INFO: [ app_init ] --START--
INFO: Run Behavior\BuildLiteBehavior [ RunTime:0.000052s ]
INFO: [ app_init ] --END-- [ RunTime:0.003613s ]
INFO: [ app_begin ] --START--
INFO: Run Behavior\ReadHtmlCacheBehavior [ RunTime:0.001926s ]
INFO: [ app_begin ] --END-- [ RunTime:0.002198s ]
NOTIC: [2048] Declaration of Home\Controller\IndexController::show() should be compatible with that of Think\Controller::show() D:\itcast\homework\TPframework\blog\Home\Controller\IndexController.class.php 第 129 行.
SQL: SHOW COLUMNS FROM `xw_manager` [ RunTime:0.0138s ]
SQL: SELECT * FROM `xw_manager`  [ RunTime:0.0027s ]
SQL: SHOW COLUMNS FROM `xw_blog` [ RunTime:0.0134s ]
SQL: SELECT * FROM `xw_blog` WHERE `blog_id` = 14 LIMIT 1   [ RunTime:0.0034s ]
NOTIC: [8] Object of class Think\Model could not be converted to int D:\itcast\homework\TPframework\blog\Home\Controller\IndexController.class.php 第 41 行.
SQL: SELECT `blog_id`,`blog_title` FROM `xw_blog` WHERE `blog_id` = 0 LIMIT 1   [ RunTime:0.0008s ]
SQL: SELECT `blog_id`,`blog_title` FROM `xw_blog` WHERE `blog_id` = 13 LIMIT 1   [ RunTime:0.0010s ]
SQL: SELECT `blog_id`,`blog_title` FROM `xw_blog` WHERE `blog_id` = 12 LIMIT 1   [ RunTime:0.0008s ]
SQL: SELECT `blog_id`,`blog_title` FROM `xw_blog` WHERE `blog_id` = 11 LIMIT 1   [ RunTime:0.0007s ]
SQL: SELECT `blog_id`,`blog_title` FROM `xw_blog` WHERE `blog_id` = 15 LIMIT 1   [ RunTime:0.0006s ]

[ 2015-10-04T08:39:25+08:00 ] 127.0.0.1 /blog/index.php/home/index/show/blog_id/14.html
INFO: [ app_init ] --START--
INFO: Run Behavior\BuildLiteBehavior [ RunTime:0.000041s ]
INFO: [ app_init ] --END-- [ RunTime:0.001276s ]
INFO: [ app_begin ] --START--
INFO: Run Behavior\ReadHtmlCacheBehavior [ RunTime:0.001927s ]
INFO: [ app_begin ] --END-- [ RunTime:0.002174s ]
NOTIC: [2048] Declaration of Home\Controller\IndexController::show() should be compatible with that of Think\Controller::show() D:\itcast\homework\TPframework\blog\Home\Controller\IndexController.class.php 第 129 行.
SQL: SHOW COLUMNS FROM `xw_manager` [ RunTime:0.0109s ]
SQL: SELECT * FROM `xw_manager`  [ RunTime:0.0010s ]
SQL: SHOW COLUMNS FROM `xw_blog` [ RunTime:0.0115s ]
SQL: SELECT * FROM `xw_blog` WHERE `blog_id` = 14 LIMIT 1   [ RunTime:0.0042s ]
NOTIC: [8] Object of class Think\Model could not be converted to int D:\itcast\homework\TPframework\blog\Home\Controller\IndexController.class.php 第 41 行.
SQL: SELECT `blog_id`,`blog_title` FROM `xw_blog` WHERE `blog_id` = 0 LIMIT 1   [ RunTime:0.0008s ]
SQL: SELECT `blog_id`,`blog_title` FROM `xw_blog` WHERE `blog_id` = 13 LIMIT 1   [ RunTime:0.0006s ]
SQL: SELECT `blog_id`,`blog_title` FROM `xw_blog` WHERE `blog_id` = 12 LIMIT 1   [ RunTime:0.0005s ]
SQL: SELECT `blog_id`,`blog_title` FROM `xw_blog` WHERE `blog_id` = 11 LIMIT 1   [ RunTime:0.0006s ]
SQL: SELECT `blog_id`,`blog_title` FROM `xw_blog` WHERE `blog_id` = 15 LIMIT 1   [ RunTime:0.0006s ]
SQL: SHOW COLUMNS FROM `xw_comments` [ RunTime:0.0159s ]
SQL: select u.user_name,c.* from xw_user as u inner join xw_comments as c on u.uid=c.uid where blog_id=14 order by c.comment_create_time desc [ RunTime:0.0149s ]

[ 2015-10-04T08:40:14+08:00 ] 127.0.0.1 /blog/index.php/home/index/show/blog_id/14.html
INFO: [ app_init ] --START--
INFO: Run Behavior\BuildLiteBehavior [ RunTime:0.000049s ]
INFO: [ app_init ] --END-- [ RunTime:0.001840s ]
INFO: [ app_begin ] --START--
INFO: Run Behavior\ReadHtmlCacheBehavior [ RunTime:0.002451s ]
INFO: [ app_begin ] --END-- [ RunTime:0.002669s ]
NOTIC: [2048] Declaration of Home\Controller\IndexController::show() should be compatible with that of Think\Controller::show() D:\itcast\homework\TPframework\blog\Home\Controller\IndexController.class.php 第 129 行.
SQL: SHOW COLUMNS FROM `xw_manager` [ RunTime:0.0112s ]
SQL: SELECT * FROM `xw_manager`  [ RunTime:0.0010s ]
SQL: SHOW COLUMNS FROM `xw_blog` [ RunTime:0.0123s ]
SQL: SELECT * FROM `xw_blog` WHERE `blog_id` = 14 LIMIT 1   [ RunTime:0.0022s ]
NOTIC: [8] Object of class Think\Model could not be converted to int D:\itcast\homework\TPframework\blog\Home\Controller\IndexController.class.php 第 41 行.
SQL: SELECT `blog_id`,`blog_title` FROM `xw_blog` WHERE `blog_id` = 0 LIMIT 1   [ RunTime:0.0011s ]
SQL: SELECT `blog_id`,`blog_title` FROM `xw_blog` WHERE `blog_id` = 13 LIMIT 1   [ RunTime:0.0006s ]
SQL: SELECT `blog_id`,`blog_title` FROM `xw_blog` WHERE `blog_id` = 12 LIMIT 1   [ RunTime:0.0010s ]
SQL: SELECT `blog_id`,`blog_title` FROM `xw_blog` WHERE `blog_id` = 11 LIMIT 1   [ RunTime:0.0011s ]
SQL: SELECT `blog_id`,`blog_title` FROM `xw_blog` WHERE `blog_id` = 15 LIMIT 1   [ RunTime:0.0022s ]
SQL: SHOW COLUMNS FROM `xw_comments` [ RunTime:0.0121s ]
SQL: select u.user_name,c.* from xw_user as u inner join xw_comments as c on u.uid=c.uid where blog_id=14 order by c.comment_create_time desc [ RunTime:0.0102s ]

[ 2015-10-04T08:41:25+08:00 ] 127.0.0.1 /blog/index.php/home/index/show/blog_id/14.html
INFO: [ app_init ] --START--
INFO: Run Behavior\BuildLiteBehavior [ RunTime:0.000045s ]
INFO: [ app_init ] --END-- [ RunTime:0.001796s ]
INFO: [ app_begin ] --START--
INFO: Run Behavior\ReadHtmlCacheBehavior [ RunTime:0.001918s ]
INFO: [ app_begin ] --END-- [ RunTime:0.002141s ]
NOTIC: [2048] Declaration of Home\Controller\IndexController::show() should be compatible with that of Think\Controller::show() D:\itcast\homework\TPframework\blog\Home\Controller\IndexController.class.php 第 130 行.
SQL: SHOW COLUMNS FROM `xw_manager` [ RunTime:0.0116s ]
SQL: SELECT * FROM `xw_manager`  [ RunTime:0.0010s ]
SQL: SHOW COLUMNS FROM `xw_blog` [ RunTime:0.0197s ]
SQL: SELECT * FROM `xw_blog` WHERE `blog_id` = 14 LIMIT 1   [ RunTime:0.0032s ]
NOTIC: [8] Object of class Think\Model could not be converted to int D:\itcast\homework\TPframework\blog\Home\Controller\IndexController.class.php 第 41 行.
SQL: SELECT `blog_id`,`blog_title` FROM `xw_blog` WHERE `blog_id` = 0 LIMIT 1   [ RunTime:0.0008s ]
SQL: SELECT `blog_id`,`blog_title` FROM `xw_blog` WHERE `blog_id` = 13 LIMIT 1   [ RunTime:0.0007s ]
SQL: SELECT `blog_id`,`blog_title` FROM `xw_blog` WHERE `blog_id` = 12 LIMIT 1   [ RunTime:0.0007s ]
SQL: SELECT `blog_id`,`blog_title` FROM `xw_blog` WHERE `blog_id` = 11 LIMIT 1   [ RunTime:0.0012s ]
SQL: SELECT `blog_id`,`blog_title` FROM `xw_blog` WHERE `blog_id` = 15 LIMIT 1   [ RunTime:0.0009s ]
SQL: SHOW COLUMNS FROM `xw_comments` [ RunTime:0.0131s ]
SQL: select u.user_name,c.* from xw_user as u inner join xw_comments as c on u.uid=c.uid where blog_id=14 order by c.comment_create_time desc [ RunTime:0.0125s ]

[ 2015-10-04T08:42:35+08:00 ] 127.0.0.1 /blog/index.php/home/index/show/blog_id/14.html
INFO: [ app_init ] --START--
INFO: Run Behavior\BuildLiteBehavior [ RunTime:0.000048s ]
INFO: [ app_init ] --END-- [ RunTime:0.001691s ]
INFO: [ app_begin ] --START--
INFO: Run Behavior\ReadHtmlCacheBehavior [ RunTime:0.002243s ]
INFO: [ app_begin ] --END-- [ RunTime:0.002451s ]
NOTIC: [2048] Declaration of Home\Controller\IndexController::show() should be compatible with that of Think\Controller::show() D:\itcast\homework\TPframework\blog\Home\Controller\IndexController.class.php 第 130 行.
SQL: SHOW COLUMNS FROM `xw_manager` [ RunTime:0.0113s ]
SQL: SELECT * FROM `xw_manager`  [ RunTime:0.0010s ]
SQL: SHOW COLUMNS FROM `xw_blog` [ RunTime:0.0123s ]
SQL: SELECT * FROM `xw_blog` WHERE `blog_id` = 14 LIMIT 1   [ RunTime:0.0026s ]
NOTIC: [8] Object of class Think\Model could not be converted to int D:\itcast\homework\TPframework\blog\Home\Controller\IndexController.class.php 第 41 行.
SQL: SELECT `blog_id`,`blog_title` FROM `xw_blog` WHERE `blog_id` = 0 LIMIT 1   [ RunTime:0.0008s ]
SQL: SELECT `blog_id`,`blog_title` FROM `xw_blog` WHERE `blog_id` = 13 LIMIT 1   [ RunTime:0.0006s ]
SQL: SELECT `blog_id`,`blog_title` FROM `xw_blog` WHERE `blog_id` = 12 LIMIT 1   [ RunTime:0.0007s ]
SQL: SELECT `blog_id`,`blog_title` FROM `xw_blog` WHERE `blog_id` = 11 LIMIT 1   [ RunTime:0.0009s ]
SQL: SELECT `blog_id`,`blog_title` FROM `xw_blog` WHERE `blog_id` = 15 LIMIT 1   [ RunTime:0.0008s ]
SQL: SHOW COLUMNS FROM `xw_comments` [ RunTime:0.0114s ]
SQL: select u.user_name,c.* from xw_user as u inner join xw_comments as c on u.uid=c.uid where blog_id=14 order by c.comment_create_time desc [ RunTime:0.0107s ]

[ 2015-10-04T08:42:57+08:00 ] 127.0.0.1 /blog/index.php/home/index/show/blog_id/14.html
INFO: [ app_init ] --START--
INFO: Run Behavior\BuildLiteBehavior [ RunTime:0.000049s ]
INFO: [ app_init ] --END-- [ RunTime:0.001494s ]
INFO: [ app_begin ] --START--
INFO: Run Behavior\ReadHtmlCacheBehavior [ RunTime:0.003050s ]
INFO: [ app_begin ] --END-- [ RunTime:0.003282s ]
NOTIC: [2048] Declaration of Home\Controller\IndexController::show() should be compatible with that of Think\Controller::show() D:\itcast\homework\TPframework\blog\Home\Controller\IndexController.class.php 第 130 行.
SQL: SHOW COLUMNS FROM `xw_manager` [ RunTime:0.0113s ]
SQL: SELECT * FROM `xw_manager`  [ RunTime:0.0016s ]
SQL: SHOW COLUMNS FROM `xw_blog` [ RunTime:0.0116s ]
SQL: SELECT * FROM `xw_blog` WHERE `blog_id` = 14 LIMIT 1   [ RunTime:0.0020s ]
NOTIC: [8] Object of class Think\Model could not be converted to int D:\itcast\homework\TPframework\blog\Home\Controller\IndexController.class.php 第 41 行.
SQL: SELECT `blog_id`,`blog_title` FROM `xw_blog` WHERE `blog_id` = 0 LIMIT 1   [ RunTime:0.0010s ]
SQL: SELECT `blog_id`,`blog_title` FROM `xw_blog` WHERE `blog_id` = 13 LIMIT 1   [ RunTime:0.0006s ]
SQL: SELECT `blog_id`,`blog_title` FROM `xw_blog` WHERE `blog_id` = 12 LIMIT 1   [ RunTime:0.0006s ]
SQL: SELECT `blog_id`,`blog_title` FROM `xw_blog` WHERE `blog_id` = 11 LIMIT 1   [ RunTime:0.0008s ]
SQL: SELECT `blog_id`,`blog_title` FROM `xw_blog` WHERE `blog_id` = 15 LIMIT 1   [ RunTime:0.0007s ]
SQL: SHOW COLUMNS FROM `xw_comments` [ RunTime:0.0117s ]
SQL: select u.user_name,c.* from xw_user as u inner join xw_comments as c on u.uid=c.uid where blog_id=14 order by c.comment_create_time desc [ RunTime:0.0102s ]

[ 2015-10-04T08:43:55+08:00 ] 127.0.0.1 /blog/index.php/home/index/show/blog_id/14.html
INFO: [ app_init ] --START--
INFO: Run Behavior\BuildLiteBehavior [ RunTime:0.000047s ]
INFO: [ app_init ] --END-- [ RunTime:0.001271s ]
INFO: [ app_begin ] --START--
INFO: Run Behavior\ReadHtmlCacheBehavior [ RunTime:0.001798s ]
INFO: [ app_begin ] --END-- [ RunTime:0.002006s ]
NOTIC: [2048] Declaration of Home\Controller\IndexController::show() should be compatible with that of Think\Controller::show() D:\itcast\homework\TPframework\blog\Home\Controller\IndexController.class.php 第 130 行.
SQL: SHOW COLUMNS FROM `xw_manager` [ RunTime:0.0112s ]
SQL: SELECT * FROM `xw_manager`  [ RunTime:0.0008s ]
SQL: SHOW COLUMNS FROM `xw_blog` [ RunTime:0.0133s ]
SQL: SELECT * FROM `xw_blog` WHERE `blog_id` = 14 LIMIT 1   [ RunTime:0.0027s ]
NOTIC: [8] Object of class Think\Model could not be converted to int D:\itcast\homework\TPframework\blog\Home\Controller\IndexController.class.php 第 41 行.
SQL: SELECT `blog_id`,`blog_title` FROM `xw_blog` WHERE `blog_id` = 0 LIMIT 1   [ RunTime:0.0008s ]
SQL: SELECT `blog_id`,`blog_title` FROM `xw_blog` WHERE `blog_id` = 13 LIMIT 1   [ RunTime:0.0006s ]
SQL: SELECT `blog_id`,`blog_title` FROM `xw_blog` WHERE `blog_id` = 12 LIMIT 1   [ RunTime:0.0006s ]
SQL: SELECT `blog_id`,`blog_title` FROM `xw_blog` WHERE `blog_id` = 11 LIMIT 1   [ RunTime:0.0007s ]
SQL: SELECT `blog_id`,`blog_title` FROM `xw_blog` WHERE `blog_id` = 15 LIMIT 1   [ RunTime:0.0007s ]
SQL: SHOW COLUMNS FROM `xw_comments` [ RunTime:0.0113s ]
SQL: select u.user_name,c.* from xw_user as u inner join xw_comments as c on u.uid=c.uid where blog_id=14 order by c.comment_create_time desc [ RunTime:0.0106s ]

[ 2015-10-04T08:44:33+08:00 ] 127.0.0.1 /blog/index.php/home/index/show/blog_id/14.html
INFO: [ app_init ] --START--
INFO: Run Behavior\BuildLiteBehavior [ RunTime:0.000047s ]
INFO: [ app_init ] --END-- [ RunTime:0.001259s ]
INFO: [ app_begin ] --START--
INFO: Run Behavior\ReadHtmlCacheBehavior [ RunTime:0.001669s ]
INFO: [ app_begin ] --END-- [ RunTime:0.001873s ]
NOTIC: [2048] Declaration of Home\Controller\IndexController::show() should be compatible with that of Think\Controller::show() D:\itcast\homework\TPframework\blog\Home\Controller\IndexController.class.php 第 130 行.
SQL: SHOW COLUMNS FROM `xw_manager` [ RunTime:0.0135s ]
SQL: SELECT * FROM `xw_manager`  [ RunTime:0.0021s ]
SQL: SHOW COLUMNS FROM `xw_blog` [ RunTime:0.0118s ]
SQL: SELECT * FROM `xw_blog` WHERE `blog_id` = 14 LIMIT 1   [ RunTime:0.0020s ]
NOTIC: [8] Object of class Think\Model could not be converted to int D:\itcast\homework\TPframework\blog\Home\Controller\IndexController.class.php 第 41 行.
SQL: SELECT `blog_id`,`blog_title` FROM `xw_blog` WHERE `blog_id` = 0 LIMIT 1   [ RunTime:0.0014s ]
SQL: SELECT `blog_id`,`blog_title` FROM `xw_blog` WHERE `blog_id` = 13 LIMIT 1   [ RunTime:0.0005s ]
SQL: SELECT `blog_id`,`blog_title` FROM `xw_blog` WHERE `blog_id` = 12 LIMIT 1   [ RunTime:0.0006s ]
SQL: SELECT `blog_id`,`blog_title` FROM `xw_blog` WHERE `blog_id` = 11 LIMIT 1   [ RunTime:0.0008s ]
SQL: SELECT `blog_id`,`blog_title` FROM `xw_blog` WHERE `blog_id` = 15 LIMIT 1   [ RunTime:0.0006s ]
SQL: SHOW COLUMNS FROM `xw_comments` [ RunTime:0.0102s ]
SQL: select u.user_name,c.* from xw_user as u inner join xw_comments as c on u.uid=c.uid where blog_id=14 order by c.comment_create_time desc [ RunTime:0.0087s ]

[ 2015-10-04T08:44:57+08:00 ] 127.0.0.1 /blog/index.php/home/index/show/blog_id/14.html
INFO: [ app_init ] --START--
INFO: Run Behavior\BuildLiteBehavior [ RunTime:0.000046s ]
INFO: [ app_init ] --END-- [ RunTime:0.001507s ]
INFO: [ app_begin ] --START--
INFO: Run Behavior\ReadHtmlCacheBehavior [ RunTime:0.002404s ]
INFO: [ app_begin ] --END-- [ RunTime:0.002607s ]
NOTIC: [2048] Declaration of Home\Controller\IndexController::show() should be compatible with that of Think\Controller::show() D:\itcast\homework\TPframework\blog\Home\Controller\IndexController.class.php 第 130 行.
SQL: SHOW COLUMNS FROM `xw_manager` [ RunTime:0.0118s ]
SQL: SELECT * FROM `xw_manager`  [ RunTime:0.0009s ]
SQL: SHOW COLUMNS FROM `xw_blog` [ RunTime:0.0121s ]
SQL: SELECT * FROM `xw_blog` WHERE `blog_id` = 14 LIMIT 1   [ RunTime:0.0027s ]
NOTIC: [8] Object of class Think\Model could not be converted to int D:\itcast\homework\TPframework\blog\Home\Controller\IndexController.class.php 第 41 行.
SQL: SELECT `blog_id`,`blog_title` FROM `xw_blog` WHERE `blog_id` = 0 LIMIT 1   [ RunTime:0.0012s ]
SQL: SELECT `blog_id`,`blog_title` FROM `xw_blog` WHERE `blog_id` = 13 LIMIT 1   [ RunTime:0.0006s ]
SQL: SELECT `blog_id`,`blog_title` FROM `xw_blog` WHERE `blog_id` = 12 LIMIT 1   [ RunTime:0.0006s ]
SQL: SELECT `blog_id`,`blog_title` FROM `xw_blog` WHERE `blog_id` = 11 LIMIT 1   [ RunTime:0.0007s ]
SQL: SELECT `blog_id`,`blog_title` FROM `xw_blog` WHERE `blog_id` = 15 LIMIT 1   [ RunTime:0.0007s ]
SQL: SHOW COLUMNS FROM `xw_comments` [ RunTime:0.0126s ]
SQL: select u.user_name,c.* from xw_user as u inner join xw_comments as c on u.uid=c.uid where blog_id=14 order by c.comment_create_time desc [ RunTime:0.0124s ]

[ 2015-10-04T08:46:24+08:00 ] 127.0.0.1 /blog/index.php/home/index/show/blog_id/14.html
INFO: [ app_init ] --START--
INFO: Run Behavior\BuildLiteBehavior [ RunTime:0.000047s ]
INFO: [ app_init ] --END-- [ RunTime:0.001295s ]
INFO: [ app_begin ] --START--
INFO: Run Behavior\ReadHtmlCacheBehavior [ RunTime:0.002066s ]
INFO: [ app_begin ] --END-- [ RunTime:0.002288s ]
NOTIC: [2048] Declaration of Home\Controller\IndexController::show() should be compatible with that of Think\Controller::show() D:\itcast\homework\TPframework\blog\Home\Controller\IndexController.class.php 第 130 行.
SQL: SHOW COLUMNS FROM `xw_manager` [ RunTime:0.0120s ]
SQL: SELECT * FROM `xw_manager`  [ RunTime:0.0009s ]
SQL: SHOW COLUMNS FROM `xw_blog` [ RunTime:0.0129s ]
SQL: SELECT * FROM `xw_blog` WHERE `blog_id` = 14 LIMIT 1   [ RunTime:0.0021s ]
NOTIC: [8] Object of class Think\Model could not be converted to int D:\itcast\homework\TPframework\blog\Home\Controller\IndexController.class.php 第 41 行.
SQL: SELECT `blog_id`,`blog_title` FROM `xw_blog` WHERE `blog_id` = 0 LIMIT 1   [ RunTime:0.0009s ]
SQL: SELECT `blog_id`,`blog_title` FROM `xw_blog` WHERE `blog_id` = 13 LIMIT 1   [ RunTime:0.0007s ]
SQL: SELECT `blog_id`,`blog_title` FROM `xw_blog` WHERE `blog_id` = 12 LIMIT 1   [ RunTime:0.0007s ]
SQL: SELECT `blog_id`,`blog_title` FROM `xw_blog` WHERE `blog_id` = 11 LIMIT 1   [ RunTime:0.0008s ]
SQL: SELECT `blog_id`,`blog_title` FROM `xw_blog` WHERE `blog_id` = 15 LIMIT 1   [ RunTime:0.0007s ]
SQL: SHOW COLUMNS FROM `xw_comments` [ RunTime:0.0113s ]
SQL: select u.user_name,c.* from xw_user as u inner join xw_comments as c on u.uid=c.uid where blog_id=14 order by c.comment_create_time desc [ RunTime:0.0108s ]

[ 2015-10-04T08:47:31+08:00 ] 127.0.0.1 /blog/index.php/home/index/show/blog_id/14.html
INFO: [ app_init ] --START--
INFO: Run Behavior\BuildLiteBehavior [ RunTime:0.000048s ]
INFO: [ app_init ] --END-- [ RunTime:0.001472s ]
INFO: [ app_begin ] --START--
INFO: Run Behavior\ReadHtmlCacheBehavior [ RunTime:0.002195s ]
INFO: [ app_begin ] --END-- [ RunTime:0.002406s ]
NOTIC: [2048] Declaration of Home\Controller\IndexController::show() should be compatible with that of Think\Controller::show() D:\itcast\homework\TPframework\blog\Home\Controller\IndexController.class.php 第 130 行.
SQL: SHOW COLUMNS FROM `xw_manager` [ RunTime:0.0122s ]
SQL: SELECT * FROM `xw_manager`  [ RunTime:0.0009s ]
SQL: SHOW COLUMNS FROM `xw_blog` [ RunTime:0.0131s ]
SQL: SELECT * FROM `xw_blog` WHERE `blog_id` = 14 LIMIT 1   [ RunTime:0.0024s ]
NOTIC: [8] Object of class Think\Model could not be converted to int D:\itcast\homework\TPframework\blog\Home\Controller\IndexController.class.php 第 41 行.
SQL: SELECT `blog_id`,`blog_title` FROM `xw_blog` WHERE `blog_id` = 0 LIMIT 1   [ RunTime:0.0008s ]
SQL: SELECT `blog_id`,`blog_title` FROM `xw_blog` WHERE `blog_id` = 13 LIMIT 1   [ RunTime:0.0006s ]
SQL: SELECT `blog_id`,`blog_title` FROM `xw_blog` WHERE `blog_id` = 12 LIMIT 1   [ RunTime:0.0006s ]
SQL: SELECT `blog_id`,`blog_title` FROM `xw_blog` WHERE `blog_id` = 11 LIMIT 1   [ RunTime:0.0007s ]
SQL: SELECT `blog_id`,`blog_title` FROM `xw_blog` WHERE `blog_id` = 15 LIMIT 1   [ RunTime:0.0007s ]
SQL: SHOW COLUMNS FROM `xw_comments` [ RunTime:0.0117s ]
SQL: select u.user_name,c.* from xw_user as u inner join xw_comments as c on u.uid=c.uid where blog_id=14 order by c.comment_create_time desc [ RunTime:0.0106s ]

[ 2015-10-04T08:48:27+08:00 ] 127.0.0.1 /blog/index.php/home/index/show/blog_id/14.html
INFO: [ app_init ] --START--
INFO: Run Behavior\BuildLiteBehavior [ RunTime:0.000111s ]
INFO: [ app_init ] --END-- [ RunTime:0.002657s ]
INFO: [ app_begin ] --START--
INFO: Run Behavior\ReadHtmlCacheBehavior [ RunTime:0.003308s ]
INFO: [ app_begin ] --END-- [ RunTime:0.003546s ]
NOTIC: [2048] Declaration of Home\Controller\IndexController::show() should be compatible with that of Think\Controller::show() D:\itcast\homework\TPframework\blog\Home\Controller\IndexController.class.php 第 130 行.
SQL: SHOW COLUMNS FROM `xw_manager` [ RunTime:0.0166s ]
SQL: SELECT * FROM `xw_manager`  [ RunTime:0.0009s ]
SQL: SHOW COLUMNS FROM `xw_blog` [ RunTime:0.0124s ]
SQL: SELECT * FROM `xw_blog` WHERE `blog_id` = 14 LIMIT 1   [ RunTime:0.0066s ]
NOTIC: [8] Object of class Think\Model could not be converted to int D:\itcast\homework\TPframework\blog\Home\Controller\IndexController.class.php 第 41 行.
SQL: SELECT `blog_id`,`blog_title` FROM `xw_blog` WHERE `blog_id` = 0 LIMIT 1   [ RunTime:0.0009s ]
SQL: SELECT `blog_id`,`blog_title` FROM `xw_blog` WHERE `blog_id` = 13 LIMIT 1   [ RunTime:0.0015s ]
SQL: SELECT `blog_id`,`blog_title` FROM `xw_blog` WHERE `blog_id` = 12 LIMIT 1   [ RunTime:0.0007s ]
SQL: SELECT `blog_id`,`blog_title` FROM `xw_blog` WHERE `blog_id` = 11 LIMIT 1   [ RunTime:0.0008s ]
SQL: SELECT `blog_id`,`blog_title` FROM `xw_blog` WHERE `blog_id` = 15 LIMIT 1   [ RunTime:0.0006s ]
SQL: SHOW COLUMNS FROM `xw_comments` [ RunTime:0.0126s ]
SQL: select u.user_name,c.* from xw_user as u inner join xw_comments as c on u.uid=c.uid where blog_id=14 order by c.comment_create_time desc [ RunTime:0.0125s ]
NOTIC: [8] Use of undefined constant length - assumed 'length' D:\itcast\homework\TPframework\blog\Home\Model\CommentsModel.class.php 第 45 行.
NOTIC: [8] Use of undefined constant length - assumed 'length' D:\itcast\homework\TPframework\blog\Home\Model\CommentsModel.class.php 第 45 行.
NOTIC: [8] Use of undefined constant length - assumed 'length' D:\itcast\homework\TPframework\blog\Home\Model\CommentsModel.class.php 第 45 行.

[ 2015-10-04T08:48:36+08:00 ] 127.0.0.1 /blog/index.php/home/index/show/blog_id/14.html
INFO: [ app_init ] --START--
INFO: Run Behavior\BuildLiteBehavior [ RunTime:0.000048s ]
INFO: [ app_init ] --END-- [ RunTime:0.001699s ]
INFO: [ app_begin ] --START--
INFO: Run Behavior\ReadHtmlCacheBehavior [ RunTime:0.002094s ]
INFO: [ app_begin ] --END-- [ RunTime:0.002373s ]
NOTIC: [2048] Declaration of Home\Controller\IndexController::show() should be compatible with that of Think\Controller::show() D:\itcast\homework\TPframework\blog\Home\Controller\IndexController.class.php 第 130 行.
SQL: SHOW COLUMNS FROM `xw_manager` [ RunTime:0.0121s ]
SQL: SELECT * FROM `xw_manager`  [ RunTime:0.0009s ]
SQL: SHOW COLUMNS FROM `xw_blog` [ RunTime:0.0126s ]
SQL: SELECT * FROM `xw_blog` WHERE `blog_id` = 14 LIMIT 1   [ RunTime:0.0021s ]
NOTIC: [8] Object of class Think\Model could not be converted to int D:\itcast\homework\TPframework\blog\Home\Controller\IndexController.class.php 第 41 行.
SQL: SELECT `blog_id`,`blog_title` FROM `xw_blog` WHERE `blog_id` = 0 LIMIT 1   [ RunTime:0.0010s ]
SQL: SELECT `blog_id`,`blog_title` FROM `xw_blog` WHERE `blog_id` = 13 LIMIT 1   [ RunTime:0.0006s ]
SQL: SELECT `blog_id`,`blog_title` FROM `xw_blog` WHERE `blog_id` = 12 LIMIT 1   [ RunTime:0.0006s ]
SQL: SELECT `blog_id`,`blog_title` FROM `xw_blog` WHERE `blog_id` = 11 LIMIT 1   [ RunTime:0.0008s ]
SQL: SELECT `blog_id`,`blog_title` FROM `xw_blog` WHERE `blog_id` = 15 LIMIT 1   [ RunTime:0.0007s ]
SQL: SHOW COLUMNS FROM `xw_comments` [ RunTime:0.0116s ]
SQL: select u.user_name,c.* from xw_user as u inner join xw_comments as c on u.uid=c.uid where blog_id=14 order by c.comment_create_time desc [ RunTime:0.0107s ]
NOTIC: [8] Use of undefined constant length - assumed 'length' D:\itcast\homework\TPframework\blog\Home\Model\CommentsModel.class.php 第 45 行.
NOTIC: [8] Use of undefined constant length - assumed 'length' D:\itcast\homework\TPframework\blog\Home\Model\CommentsModel.class.php 第 45 行.
NOTIC: [8] Use of undefined constant length - assumed 'length' D:\itcast\homework\TPframework\blog\Home\Model\CommentsModel.class.php 第 45 行.

[ 2015-10-04T08:49:20+08:00 ] 127.0.0.1 /blog/index.php/home/index/show/blog_id/14.html
INFO: [ app_init ] --START--
INFO: Run Behavior\BuildLiteBehavior [ RunTime:0.000049s ]
INFO: [ app_init ] --END-- [ RunTime:0.001366s ]
INFO: [ app_begin ] --START--
INFO: Run Behavior\ReadHtmlCacheBehavior [ RunTime:0.001824s ]
INFO: [ app_begin ] --END-- [ RunTime:0.002049s ]
NOTIC: [2048] Declaration of Home\Controller\IndexController::show() should be compatible with that of Think\Controller::show() D:\itcast\homework\TPframework\blog\Home\Controller\IndexController.class.php 第 130 行.
SQL: SHOW COLUMNS FROM `xw_manager` [ RunTime:0.0116s ]
SQL: SELECT * FROM `xw_manager`  [ RunTime:0.0011s ]
SQL: SHOW COLUMNS FROM `xw_blog` [ RunTime:0.0122s ]
SQL: SELECT * FROM `xw_blog` WHERE `blog_id` = 14 LIMIT 1   [ RunTime:0.0020s ]
NOTIC: [8] Object of class Think\Model could not be converted to int D:\itcast\homework\TPframework\blog\Home\Controller\IndexController.class.php 第 41 行.
SQL: SELECT `blog_id`,`blog_title` FROM `xw_blog` WHERE `blog_id` = 0 LIMIT 1   [ RunTime:0.0010s ]
SQL: SELECT `blog_id`,`blog_title` FROM `xw_blog` WHERE `blog_id` = 13 LIMIT 1   [ RunTime:0.0007s ]
SQL: SELECT `blog_id`,`blog_title` FROM `xw_blog` WHERE `blog_id` = 12 LIMIT 1   [ RunTime:0.0005s ]
SQL: SELECT `blog_id`,`blog_title` FROM `xw_blog` WHERE `blog_id` = 11 LIMIT 1   [ RunTime:0.0008s ]
SQL: SELECT `blog_id`,`blog_title` FROM `xw_blog` WHERE `blog_id` = 15 LIMIT 1   [ RunTime:0.0007s ]

[ 2015-10-04T08:51:18+08:00 ] 127.0.0.1 /blog/index.php/home/index/show/blog_id/14.html
INFO: [ app_init ] --START--
INFO: Run Behavior\BuildLiteBehavior [ RunTime:0.000066s ]
INFO: [ app_init ] --END-- [ RunTime:0.001945s ]
INFO: [ app_begin ] --START--
INFO: Run Behavior\ReadHtmlCacheBehavior [ RunTime:0.003082s ]
INFO: [ app_begin ] --END-- [ RunTime:0.003379s ]
NOTIC: [2048] Declaration of Home\Controller\IndexController::show() should be compatible with that of Think\Controller::show() D:\itcast\homework\TPframework\blog\Home\Controller\IndexController.class.php 第 130 行.
SQL: SHOW COLUMNS FROM `xw_manager` [ RunTime:0.0174s ]
SQL: SELECT * FROM `xw_manager`  [ RunTime:0.0013s ]
SQL: SHOW COLUMNS FROM `xw_blog` [ RunTime:0.0186s ]
SQL: SELECT * FROM `xw_blog` WHERE `blog_id` = 14 LIMIT 1   [ RunTime:0.0025s ]
NOTIC: [8] Object of class Think\Model could not be converted to int D:\itcast\homework\TPframework\blog\Home\Controller\IndexController.class.php 第 41 行.
SQL: SELECT `blog_id`,`blog_title` FROM `xw_blog` WHERE `blog_id` = 0 LIMIT 1   [ RunTime:0.0008s ]
SQL: SELECT `blog_id`,`blog_title` FROM `xw_blog` WHERE `blog_id` = 13 LIMIT 1   [ RunTime:0.0006s ]
SQL: SELECT `blog_id`,`blog_title` FROM `xw_blog` WHERE `blog_id` = 12 LIMIT 1   [ RunTime:0.0008s ]
SQL: SELECT `blog_id`,`blog_title` FROM `xw_blog` WHERE `blog_id` = 11 LIMIT 1   [ RunTime:0.0008s ]
SQL: SELECT `blog_id`,`blog_title` FROM `xw_blog` WHERE `blog_id` = 15 LIMIT 1   [ RunTime:0.0017s ]

[ 2015-10-04T08:51:46+08:00 ] 127.0.0.1 /blog/index.php/home/index/show/blog_id/14.html
INFO: [ app_init ] --START--
INFO: Run Behavior\BuildLiteBehavior [ RunTime:0.000048s ]
INFO: [ app_init ] --END-- [ RunTime:0.001416s ]
INFO: [ app_begin ] --START--
INFO: Run Behavior\ReadHtmlCacheBehavior [ RunTime:0.001842s ]
INFO: [ app_begin ] --END-- [ RunTime:0.002060s ]
NOTIC: [2048] Declaration of Home\Controller\IndexController::show() should be compatible with that of Think\Controller::show() D:\itcast\homework\TPframework\blog\Home\Controller\IndexController.class.php 第 130 行.
SQL: SHOW COLUMNS FROM `xw_manager` [ RunTime:0.0122s ]
SQL: SELECT * FROM `xw_manager`  [ RunTime:0.0011s ]
SQL: SHOW COLUMNS FROM `xw_blog` [ RunTime:0.0131s ]
SQL: SELECT * FROM `xw_blog` WHERE `blog_id` = 14 LIMIT 1   [ RunTime:0.0021s ]
NOTIC: [8] Object of class Think\Model could not be converted to int D:\itcast\homework\TPframework\blog\Home\Controller\IndexController.class.php 第 41 行.
SQL: SELECT `blog_id`,`blog_title` FROM `xw_blog` WHERE `blog_id` = 0 LIMIT 1   [ RunTime:0.0008s ]
SQL: SELECT `blog_id`,`blog_title` FROM `xw_blog` WHERE `blog_id` = 13 LIMIT 1   [ RunTime:0.0006s ]
SQL: SELECT `blog_id`,`blog_title` FROM `xw_blog` WHERE `blog_id` = 12 LIMIT 1   [ RunTime:0.0007s ]
SQL: SELECT `blog_id`,`blog_title` FROM `xw_blog` WHERE `blog_id` = 11 LIMIT 1   [ RunTime:0.0007s ]
SQL: SELECT `blog_id`,`blog_title` FROM `xw_blog` WHERE `blog_id` = 15 LIMIT 1   [ RunTime:0.0011s ]

[ 2015-10-04T08:52:05+08:00 ] 127.0.0.1 /blog/index.php/home/index/show/blog_id/14.html
INFO: [ app_init ] --START--
INFO: Run Behavior\BuildLiteBehavior [ RunTime:0.000048s ]
INFO: [ app_init ] --END-- [ RunTime:0.001378s ]
INFO: [ app_begin ] --START--
INFO: Run Behavior\ReadHtmlCacheBehavior [ RunTime:0.001805s ]
INFO: [ app_begin ] --END-- [ RunTime:0.002012s ]
NOTIC: [2048] Declaration of Home\Controller\IndexController::show() should be compatible with that of Think\Controller::show() D:\itcast\homework\TPframework\blog\Home\Controller\IndexController.class.php 第 130 行.
SQL: SHOW COLUMNS FROM `xw_manager` [ RunTime:0.0118s ]
SQL: SELECT * FROM `xw_manager`  [ RunTime:0.0010s ]
SQL: SHOW COLUMNS FROM `xw_blog` [ RunTime:0.0124s ]
SQL: SELECT * FROM `xw_blog` WHERE `blog_id` = 14 LIMIT 1   [ RunTime:0.0031s ]
NOTIC: [8] Object of class Think\Model could not be converted to int D:\itcast\homework\TPframework\blog\Home\Controller\IndexController.class.php 第 41 行.
SQL: SELECT `blog_id`,`blog_title` FROM `xw_blog` WHERE `blog_id` = 0 LIMIT 1   [ RunTime:0.0007s ]
SQL: SELECT `blog_id`,`blog_title` FROM `xw_blog` WHERE `blog_id` = 13 LIMIT 1   [ RunTime:0.0006s ]
SQL: SELECT `blog_id`,`blog_title` FROM `xw_blog` WHERE `blog_id` = 12 LIMIT 1   [ RunTime:0.0008s ]
SQL: SELECT `blog_id`,`blog_title` FROM `xw_blog` WHERE `blog_id` = 11 LIMIT 1   [ RunTime:0.0010s ]
SQL: SELECT `blog_id`,`blog_title` FROM `xw_blog` WHERE `blog_id` = 15 LIMIT 1   [ RunTime:0.0011s ]

[ 2015-10-04T08:52:36+08:00 ] 127.0.0.1 /blog/index.php/home/index/show/blog_id/14.html
INFO: [ app_init ] --START--
INFO: Run Behavior\BuildLiteBehavior [ RunTime:0.000047s ]
INFO: [ app_init ] --END-- [ RunTime:0.001320s ]
INFO: [ app_begin ] --START--
INFO: Run Behavior\ReadHtmlCacheBehavior [ RunTime:0.002165s ]
INFO: [ app_begin ] --END-- [ RunTime:0.002364s ]
NOTIC: [2048] Declaration of Home\Controller\IndexController::show() should be compatible with that of Think\Controller::show() D:\itcast\homework\TPframework\blog\Home\Controller\IndexController.class.php 第 130 行.
SQL: SHOW COLUMNS FROM `xw_manager` [ RunTime:0.0117s ]
SQL: SELECT * FROM `xw_manager`  [ RunTime:0.0011s ]
SQL: SHOW COLUMNS FROM `xw_blog` [ RunTime:0.0122s ]
SQL: SELECT * FROM `xw_blog` WHERE `blog_id` = 14 LIMIT 1   [ RunTime:0.0020s ]
NOTIC: [8] Object of class Think\Model could not be converted to int D:\itcast\homework\TPframework\blog\Home\Controller\IndexController.class.php 第 41 行.
SQL: SELECT `blog_id`,`blog_title` FROM `xw_blog` WHERE `blog_id` = 0 LIMIT 1   [ RunTime:0.0009s ]
SQL: SELECT `blog_id`,`blog_title` FROM `xw_blog` WHERE `blog_id` = 13 LIMIT 1   [ RunTime:0.0006s ]
SQL: SELECT `blog_id`,`blog_title` FROM `xw_blog` WHERE `blog_id` = 12 LIMIT 1   [ RunTime:0.0006s ]
SQL: SELECT `blog_id`,`blog_title` FROM `xw_blog` WHERE `blog_id` = 11 LIMIT 1   [ RunTime:0.0008s ]
SQL: SELECT `blog_id`,`blog_title` FROM `xw_blog` WHERE `blog_id` = 15 LIMIT 1   [ RunTime:0.0008s ]

[ 2015-10-04T08:53:19+08:00 ] 127.0.0.1 /blog/index.php/home/index/show/blog_id/14.html
INFO: [ app_init ] --START--
INFO: Run Behavior\BuildLiteBehavior [ RunTime:0.000048s ]
INFO: [ app_init ] --END-- [ RunTime:0.001812s ]
INFO: [ app_begin ] --START--
INFO: Run Behavior\ReadHtmlCacheBehavior [ RunTime:0.002561s ]
INFO: [ app_begin ] --END-- [ RunTime:0.002784s ]
NOTIC: [2048] Declaration of Home\Controller\IndexController::show() should be compatible with that of Think\Controller::show() D:\itcast\homework\TPframework\blog\Home\Controller\IndexController.class.php 第 130 行.
SQL: SHOW COLUMNS FROM `xw_manager` [ RunTime:0.0116s ]
SQL: SELECT * FROM `xw_manager`  [ RunTime:0.0011s ]
SQL: SHOW COLUMNS FROM `xw_blog` [ RunTime:0.0127s ]
SQL: SELECT * FROM `xw_blog` WHERE `blog_id` = 14 LIMIT 1   [ RunTime:0.0021s ]
NOTIC: [8] Object of class Think\Model could not be converted to int D:\itcast\homework\TPframework\blog\Home\Controller\IndexController.class.php 第 41 行.
SQL: SELECT `blog_id`,`blog_title` FROM `xw_blog` WHERE `blog_id` = 0 LIMIT 1   [ RunTime:0.0009s ]
SQL: SELECT `blog_id`,`blog_title` FROM `xw_blog` WHERE `blog_id` = 13 LIMIT 1   [ RunTime:0.0007s ]
SQL: SELECT `blog_id`,`blog_title` FROM `xw_blog` WHERE `blog_id` = 12 LIMIT 1   [ RunTime:0.0009s ]
SQL: SELECT `blog_id`,`blog_title` FROM `xw_blog` WHERE `blog_id` = 11 LIMIT 1   [ RunTime:0.0008s ]
SQL: SELECT `blog_id`,`blog_title` FROM `xw_blog` WHERE `blog_id` = 15 LIMIT 1   [ RunTime:0.0007s ]

[ 2015-10-04T08:53:45+08:00 ] 127.0.0.1 /blog/index.php/home/index/show/blog_id/14.html
INFO: [ app_init ] --START--
INFO: Run Behavior\BuildLiteBehavior [ RunTime:0.000072s ]
INFO: [ app_init ] --END-- [ RunTime:0.001903s ]
INFO: [ app_begin ] --START--
INFO: Run Behavior\ReadHtmlCacheBehavior [ RunTime:0.001922s ]
INFO: [ app_begin ] --END-- [ RunTime:0.002161s ]
NOTIC: [2048] Declaration of Home\Controller\IndexController::show() should be compatible with that of Think\Controller::show() D:\itcast\homework\TPframework\blog\Home\Controller\IndexController.class.php 第 130 行.
SQL: SHOW COLUMNS FROM `xw_manager` [ RunTime:0.0132s ]
SQL: SELECT * FROM `xw_manager`  [ RunTime:0.0011s ]
SQL: SHOW COLUMNS FROM `xw_blog` [ RunTime:0.0110s ]
SQL: SELECT * FROM `xw_blog` WHERE `blog_id` = 14 LIMIT 1   [ RunTime:0.0021s ]
NOTIC: [8] Object of class Think\Model could not be converted to int D:\itcast\homework\TPframework\blog\Home\Controller\IndexController.class.php 第 41 行.
SQL: SELECT `blog_id`,`blog_title` FROM `xw_blog` WHERE `blog_id` = 0 LIMIT 1   [ RunTime:0.0009s ]
SQL: SELECT `blog_id`,`blog_title` FROM `xw_blog` WHERE `blog_id` = 13 LIMIT 1   [ RunTime:0.0009s ]
SQL: SELECT `blog_id`,`blog_title` FROM `xw_blog` WHERE `blog_id` = 12 LIMIT 1   [ RunTime:0.0014s ]
SQL: SELECT `blog_id`,`blog_title` FROM `xw_blog` WHERE `blog_id` = 11 LIMIT 1   [ RunTime:0.0010s ]
SQL: SELECT `blog_id`,`blog_title` FROM `xw_blog` WHERE `blog_id` = 15 LIMIT 1   [ RunTime:0.0007s ]

[ 2015-10-04T08:53:47+08:00 ] 127.0.0.1 /blog/index.php/home/index/show/blog_id/14.html
INFO: [ app_init ] --START--
INFO: Run Behavior\BuildLiteBehavior [ RunTime:0.000046s ]
INFO: [ app_init ] --END-- [ RunTime:0.001286s ]
INFO: [ app_begin ] --START--
INFO: Run Behavior\ReadHtmlCacheBehavior [ RunTime:0.001770s ]
INFO: [ app_begin ] --END-- [ RunTime:0.001985s ]
NOTIC: [2048] Declaration of Home\Controller\IndexController::show() should be compatible with that of Think\Controller::show() D:\itcast\homework\TPframework\blog\Home\Controller\IndexController.class.php 第 130 行.
SQL: SHOW COLUMNS FROM `xw_manager` [ RunTime:0.0123s ]
SQL: SELECT * FROM `xw_manager`  [ RunTime:0.0008s ]
SQL: SHOW COLUMNS FROM `xw_blog` [ RunTime:0.0109s ]
SQL: SELECT * FROM `xw_blog` WHERE `blog_id` = 14 LIMIT 1   [ RunTime:0.0022s ]
NOTIC: [8] Object of class Think\Model could not be converted to int D:\itcast\homework\TPframework\blog\Home\Controller\IndexController.class.php 第 41 行.
SQL: SELECT `blog_id`,`blog_title` FROM `xw_blog` WHERE `blog_id` = 0 LIMIT 1   [ RunTime:0.0007s ]
SQL: SELECT `blog_id`,`blog_title` FROM `xw_blog` WHERE `blog_id` = 13 LIMIT 1   [ RunTime:0.0005s ]
SQL: SELECT `blog_id`,`blog_title` FROM `xw_blog` WHERE `blog_id` = 12 LIMIT 1   [ RunTime:0.0005s ]
SQL: SELECT `blog_id`,`blog_title` FROM `xw_blog` WHERE `blog_id` = 11 LIMIT 1   [ RunTime:0.0006s ]
SQL: SELECT `blog_id`,`blog_title` FROM `xw_blog` WHERE `blog_id` = 15 LIMIT 1   [ RunTime:0.0006s ]

[ 2015-10-04T08:54:07+08:00 ] 127.0.0.1 /blog/index.php/home/index/show/blog_id/14.html
INFO: [ app_init ] --START--
INFO: Run Behavior\BuildLiteBehavior [ RunTime:0.000053s ]
INFO: [ app_init ] --END-- [ RunTime:0.001373s ]
INFO: [ app_begin ] --START--
INFO: Run Behavior\ReadHtmlCacheBehavior [ RunTime:0.001838s ]
INFO: [ app_begin ] --END-- [ RunTime:0.002068s ]
NOTIC: [2048] Declaration of Home\Controller\IndexController::show() should be compatible with that of Think\Controller::show() D:\itcast\homework\TPframework\blog\Home\Controller\IndexController.class.php 第 130 行.
SQL: SHOW COLUMNS FROM `xw_manager` [ RunTime:0.0134s ]
SQL: SELECT * FROM `xw_manager`  [ RunTime:0.0009s ]
SQL: SHOW COLUMNS FROM `xw_blog` [ RunTime:0.0176s ]
SQL: SELECT * FROM `xw_blog` WHERE `blog_id` = 14 LIMIT 1   [ RunTime:0.0021s ]
NOTIC: [8] Object of class Think\Model could not be converted to int D:\itcast\homework\TPframework\blog\Home\Controller\IndexController.class.php 第 41 行.
SQL: SELECT `blog_id`,`blog_title` FROM `xw_blog` WHERE `blog_id` = 0 LIMIT 1   [ RunTime:0.0006s ]
SQL: SELECT `blog_id`,`blog_title` FROM `xw_blog` WHERE `blog_id` = 13 LIMIT 1   [ RunTime:0.0004s ]
SQL: SELECT `blog_id`,`blog_title` FROM `xw_blog` WHERE `blog_id` = 12 LIMIT 1   [ RunTime:0.0004s ]
SQL: SELECT `blog_id`,`blog_title` FROM `xw_blog` WHERE `blog_id` = 11 LIMIT 1   [ RunTime:0.0005s ]
SQL: SELECT `blog_id`,`blog_title` FROM `xw_blog` WHERE `blog_id` = 15 LIMIT 1   [ RunTime:0.0004s ]

[ 2015-10-04T08:54:08+08:00 ] 127.0.0.1 /blog/index.php/home/index/show/blog_id/14.html
INFO: [ app_init ] --START--
INFO: Run Behavior\BuildLiteBehavior [ RunTime:0.000047s ]
INFO: [ app_init ] --END-- [ RunTime:0.001411s ]
INFO: [ app_begin ] --START--
INFO: Run Behavior\ReadHtmlCacheBehavior [ RunTime:0.001776s ]
INFO: [ app_begin ] --END-- [ RunTime:0.002014s ]
NOTIC: [2048] Declaration of Home\Controller\IndexController::show() should be compatible with that of Think\Controller::show() D:\itcast\homework\TPframework\blog\Home\Controller\IndexController.class.php 第 130 行.
SQL: SHOW COLUMNS FROM `xw_manager` [ RunTime:0.0126s ]
SQL: SELECT * FROM `xw_manager`  [ RunTime:0.0009s ]
SQL: SHOW COLUMNS FROM `xw_blog` [ RunTime:0.0215s ]
SQL: SELECT * FROM `xw_blog` WHERE `blog_id` = 14 LIMIT 1   [ RunTime:0.0065s ]
NOTIC: [8] Object of class Think\Model could not be converted to int D:\itcast\homework\TPframework\blog\Home\Controller\IndexController.class.php 第 41 行.
SQL: SELECT `blog_id`,`blog_title` FROM `xw_blog` WHERE `blog_id` = 0 LIMIT 1   [ RunTime:0.0010s ]
SQL: SELECT `blog_id`,`blog_title` FROM `xw_blog` WHERE `blog_id` = 13 LIMIT 1   [ RunTime:0.0008s ]
SQL: SELECT `blog_id`,`blog_title` FROM `xw_blog` WHERE `blog_id` = 12 LIMIT 1   [ RunTime:0.0006s ]
SQL: SELECT `blog_id`,`blog_title` FROM `xw_blog` WHERE `blog_id` = 11 LIMIT 1   [ RunTime:0.0008s ]
SQL: SELECT `blog_id`,`blog_title` FROM `xw_blog` WHERE `blog_id` = 15 LIMIT 1   [ RunTime:0.0008s ]

[ 2015-10-04T08:54:44+08:00 ] 127.0.0.1 /blog/index.php/home/index/show/blog_id/14.html
INFO: [ app_init ] --START--
INFO: Run Behavior\BuildLiteBehavior [ RunTime:0.000047s ]
INFO: [ app_init ] --END-- [ RunTime:0.001806s ]
INFO: [ app_begin ] --START--
INFO: Run Behavior\ReadHtmlCacheBehavior [ RunTime:0.002467s ]
INFO: [ app_begin ] --END-- [ RunTime:0.002746s ]
NOTIC: [2048] Declaration of Home\Controller\IndexController::show() should be compatible with that of Think\Controller::show() D:\itcast\homework\TPframework\blog\Home\Controller\IndexController.class.php 第 130 行.
SQL: SHOW COLUMNS FROM `xw_manager` [ RunTime:0.0121s ]
SQL: SELECT * FROM `xw_manager`  [ RunTime:0.0011s ]
SQL: SHOW COLUMNS FROM `xw_blog` [ RunTime:0.0126s ]
SQL: SELECT * FROM `xw_blog` WHERE `blog_id` = 14 LIMIT 1   [ RunTime:0.0020s ]
NOTIC: [8] Object of class Think\Model could not be converted to int D:\itcast\homework\TPframework\blog\Home\Controller\IndexController.class.php 第 41 行.
SQL: SELECT `blog_id`,`blog_title` FROM `xw_blog` WHERE `blog_id` = 0 LIMIT 1   [ RunTime:0.0009s ]
SQL: SELECT `blog_id`,`blog_title` FROM `xw_blog` WHERE `blog_id` = 13 LIMIT 1   [ RunTime:0.0006s ]
SQL: SELECT `blog_id`,`blog_title` FROM `xw_blog` WHERE `blog_id` = 12 LIMIT 1   [ RunTime:0.0006s ]
SQL: SELECT `blog_id`,`blog_title` FROM `xw_blog` WHERE `blog_id` = 11 LIMIT 1   [ RunTime:0.0008s ]
SQL: SELECT `blog_id`,`blog_title` FROM `xw_blog` WHERE `blog_id` = 15 LIMIT 1   [ RunTime:0.0007s ]

[ 2015-10-04T08:54:46+08:00 ] 127.0.0.1 /blog/index.php/home/index/show/blog_id/14.html
INFO: [ app_init ] --START--
INFO: Run Behavior\BuildLiteBehavior [ RunTime:0.000046s ]
INFO: [ app_init ] --END-- [ RunTime:0.001429s ]
INFO: [ app_begin ] --START--
INFO: Run Behavior\ReadHtmlCacheBehavior [ RunTime:0.007068s ]
INFO: [ app_begin ] --END-- [ RunTime:0.007318s ]
NOTIC: [2048] Declaration of Home\Controller\IndexController::show() should be compatible with that of Think\Controller::show() D:\itcast\homework\TPframework\blog\Home\Controller\IndexController.class.php 第 130 行.
SQL: SHOW COLUMNS FROM `xw_manager` [ RunTime:0.0174s ]
SQL: SELECT * FROM `xw_manager`  [ RunTime:0.0037s ]
SQL: SHOW COLUMNS FROM `xw_blog` [ RunTime:0.0145s ]
SQL: SELECT * FROM `xw_blog` WHERE `blog_id` = 14 LIMIT 1   [ RunTime:0.0067s ]
NOTIC: [8] Object of class Think\Model could not be converted to int D:\itcast\homework\TPframework\blog\Home\Controller\IndexController.class.php 第 41 行.
SQL: SELECT `blog_id`,`blog_title` FROM `xw_blog` WHERE `blog_id` = 0 LIMIT 1   [ RunTime:0.0008s ]
SQL: SELECT `blog_id`,`blog_title` FROM `xw_blog` WHERE `blog_id` = 13 LIMIT 1   [ RunTime:0.0006s ]
SQL: SELECT `blog_id`,`blog_title` FROM `xw_blog` WHERE `blog_id` = 12 LIMIT 1   [ RunTime:0.0005s ]
SQL: SELECT `blog_id`,`blog_title` FROM `xw_blog` WHERE `blog_id` = 11 LIMIT 1   [ RunTime:0.0006s ]
SQL: SELECT `blog_id`,`blog_title` FROM `xw_blog` WHERE `blog_id` = 15 LIMIT 1   [ RunTime:0.0006s ]

[ 2015-10-04T08:55:23+08:00 ] 127.0.0.1 /blog/index.php/home/index/show/blog_id/14.html
INFO: [ app_init ] --START--
INFO: Run Behavior\BuildLiteBehavior [ RunTime:0.000046s ]
INFO: [ app_init ] --END-- [ RunTime:0.001776s ]
INFO: [ app_begin ] --START--
INFO: Run Behavior\ReadHtmlCacheBehavior [ RunTime:0.002770s ]
INFO: [ app_begin ] --END-- [ RunTime:0.003040s ]
NOTIC: [2048] Declaration of Home\Controller\IndexController::show() should be compatible with that of Think\Controller::show() D:\itcast\homework\TPframework\blog\Home\Controller\IndexController.class.php 第 130 行.
SQL: SHOW COLUMNS FROM `xw_manager` [ RunTime:0.0114s ]
SQL: SELECT * FROM `xw_manager`  [ RunTime:0.0009s ]
SQL: SHOW COLUMNS FROM `xw_blog` [ RunTime:0.0127s ]
SQL: SELECT * FROM `xw_blog` WHERE `blog_id` = 14 LIMIT 1   [ RunTime:0.0025s ]
NOTIC: [8] Object of class Think\Model could not be converted to int D:\itcast\homework\TPframework\blog\Home\Controller\IndexController.class.php 第 41 行.
SQL: SELECT `blog_id`,`blog_title` FROM `xw_blog` WHERE `blog_id` = 0 LIMIT 1   [ RunTime:0.0009s ]
SQL: SELECT `blog_id`,`blog_title` FROM `xw_blog` WHERE `blog_id` = 13 LIMIT 1   [ RunTime:0.0007s ]
SQL: SELECT `blog_id`,`blog_title` FROM `xw_blog` WHERE `blog_id` = 12 LIMIT 1   [ RunTime:0.0006s ]
SQL: SELECT `blog_id`,`blog_title` FROM `xw_blog` WHERE `blog_id` = 11 LIMIT 1   [ RunTime:0.0008s ]
SQL: SELECT `blog_id`,`blog_title` FROM `xw_blog` WHERE `blog_id` = 15 LIMIT 1   [ RunTime:0.0007s ]

[ 2015-10-04T08:57:03+08:00 ] 127.0.0.1 /blog/index.php/home/index/show/blog_id/14.html
INFO: [ app_init ] --START--
INFO: Run Behavior\BuildLiteBehavior [ RunTime:0.000047s ]
INFO: [ app_init ] --END-- [ RunTime:0.001897s ]
INFO: [ app_begin ] --START--
INFO: Run Behavior\ReadHtmlCacheBehavior [ RunTime:0.002390s ]
INFO: [ app_begin ] --END-- [ RunTime:0.002596s ]
NOTIC: [2048] Declaration of Home\Controller\IndexController::show() should be compatible with that of Think\Controller::show() D:\itcast\homework\TPframework\blog\Home\Controller\IndexController.class.php 第 130 行.
SQL: SHOW COLUMNS FROM `xw_manager` [ RunTime:0.0122s ]
SQL: SELECT * FROM `xw_manager`  [ RunTime:0.0011s ]
SQL: SHOW COLUMNS FROM `xw_blog` [ RunTime:0.0126s ]
SQL: SELECT * FROM `xw_blog` WHERE `blog_id` = 14 LIMIT 1   [ RunTime:0.0020s ]
NOTIC: [8] Object of class Think\Model could not be converted to int D:\itcast\homework\TPframework\blog\Home\Controller\IndexController.class.php 第 41 行.
SQL: SELECT `blog_id`,`blog_title` FROM `xw_blog` WHERE `blog_id` = 0 LIMIT 1   [ RunTime:0.0010s ]
SQL: SELECT `blog_id`,`blog_title` FROM `xw_blog` WHERE `blog_id` = 13 LIMIT 1   [ RunTime:0.0006s ]
SQL: SELECT `blog_id`,`blog_title` FROM `xw_blog` WHERE `blog_id` = 12 LIMIT 1   [ RunTime:0.0006s ]
SQL: SELECT `blog_id`,`blog_title` FROM `xw_blog` WHERE `blog_id` = 11 LIMIT 1   [ RunTime:0.0008s ]
SQL: SELECT `blog_id`,`blog_title` FROM `xw_blog` WHERE `blog_id` = 15 LIMIT 1   [ RunTime:0.0051s ]

[ 2015-10-04T08:59:28+08:00 ] 127.0.0.1 /blog/index.php/home/index/show/blog_id/14.html
INFO: [ app_init ] --START--
INFO: Run Behavior\BuildLiteBehavior [ RunTime:0.000048s ]
INFO: [ app_init ] --END-- [ RunTime:0.001621s ]
INFO: [ app_begin ] --START--
INFO: Run Behavior\ReadHtmlCacheBehavior [ RunTime:0.002283s ]
INFO: [ app_begin ] --END-- [ RunTime:0.002485s ]
NOTIC: [2048] Declaration of Home\Controller\IndexController::show() should be compatible with that of Think\Controller::show() D:\itcast\homework\TPframework\blog\Home\Controller\IndexController.class.php 第 130 行.
SQL: SHOW COLUMNS FROM `xw_manager` [ RunTime:0.0122s ]
SQL: SELECT * FROM `xw_manager`  [ RunTime:0.0010s ]
SQL: SHOW COLUMNS FROM `xw_blog` [ RunTime:0.0131s ]
SQL: SELECT * FROM `xw_blog` WHERE `blog_id` = 14 LIMIT 1   [ RunTime:0.0028s ]
NOTIC: [8] Object of class Think\Model could not be converted to int D:\itcast\homework\TPframework\blog\Home\Controller\IndexController.class.php 第 41 行.
SQL: SELECT `blog_id`,`blog_title` FROM `xw_blog` WHERE `blog_id` = 0 LIMIT 1   [ RunTime:0.0009s ]
SQL: SELECT `blog_id`,`blog_title` FROM `xw_blog` WHERE `blog_id` = 13 LIMIT 1   [ RunTime:0.0006s ]
SQL: SELECT `blog_id`,`blog_title` FROM `xw_blog` WHERE `blog_id` = 12 LIMIT 1   [ RunTime:0.0008s ]
SQL: SELECT `blog_id`,`blog_title` FROM `xw_blog` WHERE `blog_id` = 11 LIMIT 1   [ RunTime:0.0008s ]
SQL: SELECT `blog_id`,`blog_title` FROM `xw_blog` WHERE `blog_id` = 15 LIMIT 1   [ RunTime:0.0009s ]

[ 2015-10-04T09:00:14+08:00 ] 127.0.0.1 /blog/index.php/home/index/show/blog_id/14.html
INFO: [ app_init ] --START--
INFO: Run Behavior\BuildLiteBehavior [ RunTime:0.000112s ]
INFO: [ app_init ] --END-- [ RunTime:0.003387s ]
INFO: [ app_begin ] --START--
INFO: Run Behavior\ReadHtmlCacheBehavior [ RunTime:0.002301s ]
INFO: [ app_begin ] --END-- [ RunTime:0.002548s ]
NOTIC: [2048] Declaration of Home\Controller\IndexController::show() should be compatible with that of Think\Controller::show() D:\itcast\homework\TPframework\blog\Home\Controller\IndexController.class.php 第 130 行.
SQL: SHOW COLUMNS FROM `xw_manager` [ RunTime:0.0115s ]
SQL: SELECT * FROM `xw_manager`  [ RunTime:0.0011s ]
SQL: SHOW COLUMNS FROM `xw_blog` [ RunTime:0.0125s ]
SQL: SELECT * FROM `xw_blog` WHERE `blog_id` = 14 LIMIT 1   [ RunTime:0.0023s ]
NOTIC: [8] Object of class Think\Model could not be converted to int D:\itcast\homework\TPframework\blog\Home\Controller\IndexController.class.php 第 41 行.
SQL: SELECT `blog_id`,`blog_title` FROM `xw_blog` WHERE `blog_id` = 0 LIMIT 1   [ RunTime:0.0009s ]
SQL: SELECT `blog_id`,`blog_title` FROM `xw_blog` WHERE `blog_id` = 13 LIMIT 1   [ RunTime:0.0007s ]
SQL: SELECT `blog_id`,`blog_title` FROM `xw_blog` WHERE `blog_id` = 12 LIMIT 1   [ RunTime:0.0008s ]
SQL: SELECT `blog_id`,`blog_title` FROM `xw_blog` WHERE `blog_id` = 11 LIMIT 1   [ RunTime:0.0008s ]
SQL: SELECT `blog_id`,`blog_title` FROM `xw_blog` WHERE `blog_id` = 15 LIMIT 1   [ RunTime:0.0008s ]

[ 2015-10-04T09:00:35+08:00 ] 127.0.0.1 /blog/index.php/home/index/show/blog_id/14.html
INFO: [ app_init ] --START--
INFO: Run Behavior\BuildLiteBehavior [ RunTime:0.000045s ]
INFO: [ app_init ] --END-- [ RunTime:0.001407s ]
INFO: [ app_begin ] --START--
INFO: Run Behavior\ReadHtmlCacheBehavior [ RunTime:0.001753s ]
INFO: [ app_begin ] --END-- [ RunTime:0.001957s ]
NOTIC: [2048] Declaration of Home\Controller\IndexController::show() should be compatible with that of Think\Controller::show() D:\itcast\homework\TPframework\blog\Home\Controller\IndexController.class.php 第 130 行.
SQL: SHOW COLUMNS FROM `xw_manager` [ RunTime:0.0120s ]
SQL: SELECT * FROM `xw_manager`  [ RunTime:0.0009s ]
SQL: SHOW COLUMNS FROM `xw_blog` [ RunTime:0.0129s ]
SQL: SELECT * FROM `xw_blog` WHERE `blog_id` = 14 LIMIT 1   [ RunTime:0.0033s ]
NOTIC: [8] Object of class Think\Model could not be converted to int D:\itcast\homework\TPframework\blog\Home\Controller\IndexController.class.php 第 41 行.
SQL: SELECT `blog_id`,`blog_title` FROM `xw_blog` WHERE `blog_id` = 0 LIMIT 1   [ RunTime:0.0008s ]
SQL: SELECT `blog_id`,`blog_title` FROM `xw_blog` WHERE `blog_id` = 13 LIMIT 1   [ RunTime:0.0007s ]
SQL: SELECT `blog_id`,`blog_title` FROM `xw_blog` WHERE `blog_id` = 12 LIMIT 1   [ RunTime:0.0012s ]
SQL: SELECT `blog_id`,`blog_title` FROM `xw_blog` WHERE `blog_id` = 11 LIMIT 1   [ RunTime:0.0009s ]
SQL: SELECT `blog_id`,`blog_title` FROM `xw_blog` WHERE `blog_id` = 15 LIMIT 1   [ RunTime:0.0008s ]
SQL: SHOW COLUMNS FROM `xw_comments` [ RunTime:0.0143s ]
SQL: select u.user_name,c.* from xw_user as u inner join xw_comments as c on u.uid=c.uid where blog_id=14 order by c.comment_create_time desc [ RunTime:0.0123s ]
NOTIC: [8] Use of undefined constant length - assumed 'length' D:\itcast\homework\TPframework\blog\Home\Model\CommentsModel.class.php 第 47 行.
NOTIC: [8] Use of undefined constant length - assumed 'length' D:\itcast\homework\TPframework\blog\Home\Model\CommentsModel.class.php 第 47 行.
NOTIC: [8] Use of undefined constant length - assumed 'length' D:\itcast\homework\TPframework\blog\Home\Model\CommentsModel.class.php 第 47 行.

[ 2015-10-04T09:03:10+08:00 ] 127.0.0.1 /blog/index.php/home/index/show/blog_id/14.html
INFO: [ app_init ] --START--
INFO: Run Behavior\BuildLiteBehavior [ RunTime:0.000046s ]
INFO: [ app_init ] --END-- [ RunTime:0.001825s ]
INFO: [ app_begin ] --START--
INFO: Run Behavior\ReadHtmlCacheBehavior [ RunTime:0.002342s ]
INFO: [ app_begin ] --END-- [ RunTime:0.002584s ]
NOTIC: [2048] Declaration of Home\Controller\IndexController::show() should be compatible with that of Think\Controller::show() D:\itcast\homework\TPframework\blog\Home\Controller\IndexController.class.php 第 130 行.
SQL: SHOW COLUMNS FROM `xw_manager` [ RunTime:0.0122s ]
SQL: SELECT * FROM `xw_manager`  [ RunTime:0.0013s ]
SQL: SHOW COLUMNS FROM `xw_blog` [ RunTime:0.0148s ]
SQL: SELECT * FROM `xw_blog` WHERE `blog_id` = 14 LIMIT 1   [ RunTime:0.0022s ]
NOTIC: [8] Object of class Think\Model could not be converted to int D:\itcast\homework\TPframework\blog\Home\Controller\IndexController.class.php 第 41 行.
SQL: SELECT `blog_id`,`blog_title` FROM `xw_blog` WHERE `blog_id` = 0 LIMIT 1   [ RunTime:0.0027s ]
SQL: SELECT `blog_id`,`blog_title` FROM `xw_blog` WHERE `blog_id` = 13 LIMIT 1   [ RunTime:0.0008s ]
SQL: SELECT `blog_id`,`blog_title` FROM `xw_blog` WHERE `blog_id` = 12 LIMIT 1   [ RunTime:0.0007s ]
SQL: SELECT `blog_id`,`blog_title` FROM `xw_blog` WHERE `blog_id` = 11 LIMIT 1   [ RunTime:0.0009s ]
SQL: SELECT `blog_id`,`blog_title` FROM `xw_blog` WHERE `blog_id` = 15 LIMIT 1   [ RunTime:0.0008s ]

[ 2015-10-04T09:03:21+08:00 ] 127.0.0.1 /blog/index.php/home/index/show/blog_id/14.html
INFO: [ app_init ] --START--
INFO: Run Behavior\BuildLiteBehavior [ RunTime:0.000045s ]
INFO: [ app_init ] --END-- [ RunTime:0.001808s ]
INFO: [ app_begin ] --START--
INFO: Run Behavior\ReadHtmlCacheBehavior [ RunTime:0.002330s ]
INFO: [ app_begin ] --END-- [ RunTime:0.002541s ]
NOTIC: [2048] Declaration of Home\Controller\IndexController::show() should be compatible with that of Think\Controller::show() D:\itcast\homework\TPframework\blog\Home\Controller\IndexController.class.php 第 130 行.
SQL: SHOW COLUMNS FROM `xw_manager` [ RunTime:0.0118s ]
SQL: SELECT * FROM `xw_manager`  [ RunTime:0.0010s ]
SQL: SHOW COLUMNS FROM `xw_blog` [ RunTime:0.0129s ]
SQL: SELECT * FROM `xw_blog` WHERE `blog_id` = 14 LIMIT 1   [ RunTime:0.0022s ]
NOTIC: [8] Object of class Think\Model could not be converted to int D:\itcast\homework\TPframework\blog\Home\Controller\IndexController.class.php 第 41 行.
SQL: SELECT `blog_id`,`blog_title` FROM `xw_blog` WHERE `blog_id` = 0 LIMIT 1   [ RunTime:0.0008s ]
SQL: SELECT `blog_id`,`blog_title` FROM `xw_blog` WHERE `blog_id` = 13 LIMIT 1   [ RunTime:0.0006s ]
SQL: SELECT `blog_id`,`blog_title` FROM `xw_blog` WHERE `blog_id` = 12 LIMIT 1   [ RunTime:0.0006s ]
SQL: SELECT `blog_id`,`blog_title` FROM `xw_blog` WHERE `blog_id` = 11 LIMIT 1   [ RunTime:0.0007s ]
SQL: SELECT `blog_id`,`blog_title` FROM `xw_blog` WHERE `blog_id` = 15 LIMIT 1   [ RunTime:0.0007s ]
SQL: SHOW COLUMNS FROM `xw_comments` [ RunTime:0.0117s ]
SQL: select u.user_name,c.* from xw_user as u inner join xw_comments as c on u.uid=c.uid where blog_id=14 order by c.comment_create_time desc [ RunTime:0.0125s ]
NOTIC: [8] Use of undefined constant length - assumed 'length' D:\itcast\homework\TPframework\blog\Home\Model\CommentsModel.class.php 第 47 行.
NOTIC: [8] Use of undefined constant length - assumed 'length' D:\itcast\homework\TPframework\blog\Home\Model\CommentsModel.class.php 第 47 行.
NOTIC: [8] Use of undefined constant length - assumed 'length' D:\itcast\homework\TPframework\blog\Home\Model\CommentsModel.class.php 第 47 行.

[ 2015-10-04T09:04:17+08:00 ] 127.0.0.1 /blog/index.php/home/index/show/blog_id/14.html
INFO: [ app_init ] --START--
INFO: Run Behavior\BuildLiteBehavior [ RunTime:0.000047s ]
INFO: [ app_init ] --END-- [ RunTime:0.001413s ]
INFO: [ app_begin ] --START--
INFO: Run Behavior\ReadHtmlCacheBehavior [ RunTime:0.002097s ]
INFO: [ app_begin ] --END-- [ RunTime:0.002334s ]
NOTIC: [2048] Declaration of Home\Controller\IndexController::show() should be compatible with that of Think\Controller::show() D:\itcast\homework\TPframework\blog\Home\Controller\IndexController.class.php 第 130 行.
SQL: SHOW COLUMNS FROM `xw_manager` [ RunTime:0.0117s ]
SQL: SELECT * FROM `xw_manager`  [ RunTime:0.0010s ]
SQL: SHOW COLUMNS FROM `xw_blog` [ RunTime:0.0136s ]
SQL: SELECT * FROM `xw_blog` WHERE `blog_id` = 14 LIMIT 1   [ RunTime:0.0021s ]
NOTIC: [8] Object of class Think\Model could not be converted to int D:\itcast\homework\TPframework\blog\Home\Controller\IndexController.class.php 第 41 行.
SQL: SELECT `blog_id`,`blog_title` FROM `xw_blog` WHERE `blog_id` = 0 LIMIT 1   [ RunTime:0.0008s ]
SQL: SELECT `blog_id`,`blog_title` FROM `xw_blog` WHERE `blog_id` = 13 LIMIT 1   [ RunTime:0.0006s ]
SQL: SELECT `blog_id`,`blog_title` FROM `xw_blog` WHERE `blog_id` = 12 LIMIT 1   [ RunTime:0.0039s ]
SQL: SELECT `blog_id`,`blog_title` FROM `xw_blog` WHERE `blog_id` = 11 LIMIT 1   [ RunTime:0.0009s ]
SQL: SELECT `blog_id`,`blog_title` FROM `xw_blog` WHERE `blog_id` = 15 LIMIT 1   [ RunTime:0.0007s ]
SQL: SHOW COLUMNS FROM `xw_comments` [ RunTime:0.0115s ]
SQL: select u.user_name,c.* from xw_user as u inner join xw_comments as c on u.uid=c.uid where blog_id=14 order by c.comment_create_time desc [ RunTime:0.0109s ]

[ 2015-10-04T09:06:03+08:00 ] 127.0.0.1 /blog/index.php/home/index/show/blog_id/14.html
INFO: [ app_init ] --START--
INFO: Run Behavior\BuildLiteBehavior [ RunTime:0.000072s ]
INFO: [ app_init ] --END-- [ RunTime:0.002310s ]
INFO: [ app_begin ] --START--
INFO: Run Behavior\ReadHtmlCacheBehavior [ RunTime:0.003223s ]
INFO: [ app_begin ] --END-- [ RunTime:0.003528s ]
NOTIC: [2048] Declaration of Home\Controller\IndexController::show() should be compatible with that of Think\Controller::show() D:\itcast\homework\TPframework\blog\Home\Controller\IndexController.class.php 第 130 行.
SQL: SHOW COLUMNS FROM `xw_manager` [ RunTime:0.0133s ]
SQL: SELECT * FROM `xw_manager`  [ RunTime:0.0010s ]
SQL: SHOW COLUMNS FROM `xw_blog` [ RunTime:0.0149s ]
SQL: SELECT * FROM `xw_blog` WHERE `blog_id` = 14 LIMIT 1   [ RunTime:0.0020s ]
NOTIC: [8] Object of class Think\Model could not be converted to int D:\itcast\homework\TPframework\blog\Home\Controller\IndexController.class.php 第 41 行.
SQL: SELECT `blog_id`,`blog_title` FROM `xw_blog` WHERE `blog_id` = 0 LIMIT 1   [ RunTime:0.0012s ]
SQL: SELECT `blog_id`,`blog_title` FROM `xw_blog` WHERE `blog_id` = 13 LIMIT 1   [ RunTime:0.0008s ]
SQL: SELECT `blog_id`,`blog_title` FROM `xw_blog` WHERE `blog_id` = 12 LIMIT 1   [ RunTime:0.0007s ]
SQL: SELECT `blog_id`,`blog_title` FROM `xw_blog` WHERE `blog_id` = 11 LIMIT 1   [ RunTime:0.0033s ]
SQL: SELECT `blog_id`,`blog_title` FROM `xw_blog` WHERE `blog_id` = 15 LIMIT 1   [ RunTime:0.0013s ]

[ 2015-10-04T09:06:18+08:00 ] 127.0.0.1 /blog/index.php/home/index/show/blog_id/14.html
INFO: [ app_init ] --START--
INFO: Run Behavior\BuildLiteBehavior [ RunTime:0.000047s ]
INFO: [ app_init ] --END-- [ RunTime:0.001444s ]
INFO: [ app_begin ] --START--
INFO: Run Behavior\ReadHtmlCacheBehavior [ RunTime:0.002451s ]
INFO: [ app_begin ] --END-- [ RunTime:0.002736s ]
NOTIC: [2048] Declaration of Home\Controller\IndexController::show() should be compatible with that of Think\Controller::show() D:\itcast\homework\TPframework\blog\Home\Controller\IndexController.class.php 第 130 行.
SQL: SHOW COLUMNS FROM `xw_manager` [ RunTime:0.0134s ]
SQL: SELECT * FROM `xw_manager`  [ RunTime:0.0010s ]
SQL: SHOW COLUMNS FROM `xw_blog` [ RunTime:0.0127s ]
SQL: SELECT * FROM `xw_blog` WHERE `blog_id` = 14 LIMIT 1   [ RunTime:0.0021s ]
NOTIC: [8] Object of class Think\Model could not be converted to int D:\itcast\homework\TPframework\blog\Home\Controller\IndexController.class.php 第 41 行.
SQL: SELECT `blog_id`,`blog_title` FROM `xw_blog` WHERE `blog_id` = 0 LIMIT 1   [ RunTime:0.0008s ]
SQL: SELECT `blog_id`,`blog_title` FROM `xw_blog` WHERE `blog_id` = 13 LIMIT 1   [ RunTime:0.0006s ]
SQL: SELECT `blog_id`,`blog_title` FROM `xw_blog` WHERE `blog_id` = 12 LIMIT 1   [ RunTime:0.0006s ]
SQL: SELECT `blog_id`,`blog_title` FROM `xw_blog` WHERE `blog_id` = 11 LIMIT 1   [ RunTime:0.0007s ]
SQL: SELECT `blog_id`,`blog_title` FROM `xw_blog` WHERE `blog_id` = 15 LIMIT 1   [ RunTime:0.0007s ]
SQL: SHOW COLUMNS FROM `xw_comments` [ RunTime:0.0299s ]
SQL: select u.user_name,c.* from xw_user as u inner join xw_comments as c on u.uid=c.uid where blog_id=14 order by c.comment_create_time desc [ RunTime:0.0205s ]

[ 2015-10-04T09:06:43+08:00 ] 127.0.0.1 /blog/index.php/home/index/show/blog_id/14.html
INFO: [ app_init ] --START--
INFO: Run Behavior\BuildLiteBehavior [ RunTime:0.000046s ]
INFO: [ app_init ] --END-- [ RunTime:0.001463s ]
INFO: [ app_begin ] --START--
INFO: Run Behavior\ReadHtmlCacheBehavior [ RunTime:0.001794s ]
INFO: [ app_begin ] --END-- [ RunTime:0.002016s ]
NOTIC: [2048] Declaration of Home\Controller\IndexController::show() should be compatible with that of Think\Controller::show() D:\itcast\homework\TPframework\blog\Home\Controller\IndexController.class.php 第 130 行.
SQL: SHOW COLUMNS FROM `xw_manager` [ RunTime:0.0117s ]
SQL: SELECT * FROM `xw_manager`  [ RunTime:0.0011s ]
SQL: SHOW COLUMNS FROM `xw_blog` [ RunTime:0.0125s ]
SQL: SELECT * FROM `xw_blog` WHERE `blog_id` = 14 LIMIT 1   [ RunTime:0.0021s ]
NOTIC: [8] Object of class Think\Model could not be converted to int D:\itcast\homework\TPframework\blog\Home\Controller\IndexController.class.php 第 41 行.
SQL: SELECT `blog_id`,`blog_title` FROM `xw_blog` WHERE `blog_id` = 0 LIMIT 1   [ RunTime:0.0009s ]
SQL: SELECT `blog_id`,`blog_title` FROM `xw_blog` WHERE `blog_id` = 13 LIMIT 1   [ RunTime:0.0007s ]
SQL: SELECT `blog_id`,`blog_title` FROM `xw_blog` WHERE `blog_id` = 12 LIMIT 1   [ RunTime:0.0006s ]
SQL: SELECT `blog_id`,`blog_title` FROM `xw_blog` WHERE `blog_id` = 11 LIMIT 1   [ RunTime:0.0008s ]
SQL: SELECT `blog_id`,`blog_title` FROM `xw_blog` WHERE `blog_id` = 15 LIMIT 1   [ RunTime:0.0008s ]
SQL: SHOW COLUMNS FROM `xw_comments` [ RunTime:0.0116s ]
SQL: select u.user_name,c.* from xw_user as u inner join xw_comments as c on u.uid=c.uid where blog_id=14 order by c.comment_create_time desc [ RunTime:0.0104s ]

[ 2015-10-04T09:08:50+08:00 ] 127.0.0.1 /blog/index.php/home/index/show/blog_id/14.html
INFO: [ app_init ] --START--
INFO: Run Behavior\BuildLiteBehavior [ RunTime:0.000046s ]
INFO: [ app_init ] --END-- [ RunTime:0.001794s ]
INFO: [ app_begin ] --START--
INFO: Run Behavior\ReadHtmlCacheBehavior [ RunTime:0.002383s ]
INFO: [ app_begin ] --END-- [ RunTime:0.002611s ]
NOTIC: [2048] Declaration of Home\Controller\IndexController::show() should be compatible with that of Think\Controller::show() D:\itcast\homework\TPframework\blog\Home\Controller\IndexController.class.php 第 130 行.
SQL: SHOW COLUMNS FROM `xw_manager` [ RunTime:0.0121s ]
SQL: SELECT * FROM `xw_manager`  [ RunTime:0.0010s ]
SQL: SHOW COLUMNS FROM `xw_blog` [ RunTime:0.0139s ]
SQL: SELECT * FROM `xw_blog` WHERE `blog_id` = 14 LIMIT 1   [ RunTime:0.0029s ]
NOTIC: [8] Object of class Think\Model could not be converted to int D:\itcast\homework\TPframework\blog\Home\Controller\IndexController.class.php 第 41 行.
SQL: SELECT `blog_id`,`blog_title` FROM `xw_blog` WHERE `blog_id` = 0 LIMIT 1   [ RunTime:0.0010s ]
SQL: SELECT `blog_id`,`blog_title` FROM `xw_blog` WHERE `blog_id` = 13 LIMIT 1   [ RunTime:0.0018s ]
SQL: SELECT `blog_id`,`blog_title` FROM `xw_blog` WHERE `blog_id` = 12 LIMIT 1   [ RunTime:0.0008s ]
SQL: SELECT `blog_id`,`blog_title` FROM `xw_blog` WHERE `blog_id` = 11 LIMIT 1   [ RunTime:0.0008s ]
SQL: SELECT `blog_id`,`blog_title` FROM `xw_blog` WHERE `blog_id` = 15 LIMIT 1   [ RunTime:0.0009s ]
SQL: SHOW COLUMNS FROM `xw_comments` [ RunTime:0.0121s ]
SQL: select u.user_name,c.* from xw_user as u inner join xw_comments as c on u.uid=c.uid where blog_id=14 order by c.comment_create_time desc [ RunTime:0.0107s ]
INFO: [ view_parse ] --START--
NOTIC: [2] Division by zero D:\itcast\homework\TPframework\blog\Runtime\Cache\119f1d7afc48e6486791b9652c125b909a2a249d.file.show.html.php 第 86 行.
NOTIC: [8] Undefined index: comment_infor_rearranged D:\itcast\homework\TPframework\blog\Runtime\Cache\119f1d7afc48e6486791b9652c125b909a2a249d.file.show.html.php 第 272 行.
NOTIC: [8] Trying to get property of non-object D:\itcast\homework\TPframework\blog\Runtime\Cache\119f1d7afc48e6486791b9652c125b909a2a249d.file.show.html.php 第 272 行.
NOTIC: [8] Undefined index: recursive_comments D:\itcast\homework\TPframework\blog\Runtime\Cache\119f1d7afc48e6486791b9652c125b909a2a249d.file.show.html.php 第 310 行.
NOTIC: [8] Trying to get property of non-object D:\itcast\homework\TPframework\blog\Runtime\Cache\119f1d7afc48e6486791b9652c125b909a2a249d.file.show.html.php 第 310 行.
INFO: Run Behavior\ParseTemplateBehavior [ RunTime:0.550809s ]
INFO: [ view_parse ] --END-- [ RunTime:0.551018s ]
INFO: [ view_filter ] --START--
INFO: Run Behavior\WriteHtmlCacheBehavior [ RunTime:0.002462s ]
INFO: [ view_filter ] --END-- [ RunTime:0.002644s ]
INFO: [ app_end ] --START--
INFO: Run Behavior\ShowPageTraceBehavior [ RunTime:0.002263s ]
INFO: [ app_end ] --END-- [ RunTime:0.002449s ]

[ 2015-10-04T09:09:39+08:00 ] 127.0.0.1 /blog/index.php/home/index/show/blog_id/14.html
INFO: [ app_init ] --START--
INFO: Run Behavior\BuildLiteBehavior [ RunTime:0.000046s ]
INFO: [ app_init ] --END-- [ RunTime:0.001490s ]
INFO: [ app_begin ] --START--
INFO: Run Behavior\ReadHtmlCacheBehavior [ RunTime:0.002487s ]
INFO: [ app_begin ] --END-- [ RunTime:0.002776s ]
NOTIC: [2048] Declaration of Home\Controller\IndexController::show() should be compatible with that of Think\Controller::show() D:\itcast\homework\TPframework\blog\Home\Controller\IndexController.class.php 第 130 行.
SQL: SHOW COLUMNS FROM `xw_manager` [ RunTime:0.0157s ]
SQL: SELECT * FROM `xw_manager`  [ RunTime:0.0009s ]
SQL: SHOW COLUMNS FROM `xw_blog` [ RunTime:0.0121s ]
SQL: SELECT * FROM `xw_blog` WHERE `blog_id` = 14 LIMIT 1   [ RunTime:0.0034s ]
NOTIC: [8] Object of class Think\Model could not be converted to int D:\itcast\homework\TPframework\blog\Home\Controller\IndexController.class.php 第 41 行.
SQL: SELECT `blog_id`,`blog_title` FROM `xw_blog` WHERE `blog_id` = 0 LIMIT 1   [ RunTime:0.0008s ]
SQL: SELECT `blog_id`,`blog_title` FROM `xw_blog` WHERE `blog_id` = 13 LIMIT 1   [ RunTime:0.0005s ]
SQL: SELECT `blog_id`,`blog_title` FROM `xw_blog` WHERE `blog_id` = 12 LIMIT 1   [ RunTime:0.0006s ]
SQL: SELECT `blog_id`,`blog_title` FROM `xw_blog` WHERE `blog_id` = 11 LIMIT 1   [ RunTime:0.0008s ]
SQL: SELECT `blog_id`,`blog_title` FROM `xw_blog` WHERE `blog_id` = 15 LIMIT 1   [ RunTime:0.0011s ]
SQL: SHOW COLUMNS FROM `xw_comments` [ RunTime:0.0133s ]
SQL: select u.user_name,c.* from xw_user as u inner join xw_comments as c on u.uid=c.uid where blog_id=14 order by c.comment_create_time desc [ RunTime:0.0198s ]
INFO: [ view_parse ] --START--
NOTIC: [2] Division by zero D:\itcast\homework\TPframework\blog\Runtime\Cache\119f1d7afc48e6486791b9652c125b909a2a249d.file.show.html.php 第 86 行.
NOTIC: [8] Undefined index: comment_infor_rearranged D:\itcast\homework\TPframework\blog\Runtime\Cache\119f1d7afc48e6486791b9652c125b909a2a249d.file.show.html.php 第 272 行.
NOTIC: [8] Trying to get property of non-object D:\itcast\homework\TPframework\blog\Runtime\Cache\119f1d7afc48e6486791b9652c125b909a2a249d.file.show.html.php 第 272 行.
INFO: Run Behavior\ParseTemplateBehavior [ RunTime:0.564796s ]
INFO: [ view_parse ] --END-- [ RunTime:0.565006s ]
INFO: [ view_filter ] --START--
INFO: Run Behavior\WriteHtmlCacheBehavior [ RunTime:0.002064s ]
INFO: [ view_filter ] --END-- [ RunTime:0.002244s ]
INFO: [ app_end ] --START--
INFO: Run Behavior\ShowPageTraceBehavior [ RunTime:0.001839s ]
INFO: [ app_end ] --END-- [ RunTime:0.002020s ]

[ 2015-10-04T09:11:50+08:00 ] 127.0.0.1 /blog/index.php/home/index/show/blog_id/14.html
INFO: [ app_init ] --START--
INFO: Run Behavior\BuildLiteBehavior [ RunTime:0.000054s ]
INFO: [ app_init ] --END-- [ RunTime:0.015198s ]
INFO: [ app_begin ] --START--
INFO: Run Behavior\ReadHtmlCacheBehavior [ RunTime:0.053840s ]
INFO: [ app_begin ] --END-- [ RunTime:0.054036s ]
NOTIC: [2048] Declaration of Home\Controller\IndexController::show() should be compatible with that of Think\Controller::show() D:\itcast\homework\TPframework\blog\Home\Controller\IndexController.class.php 第 130 行.
SQL: SHOW COLUMNS FROM `xw_manager` [ RunTime:0.0116s ]
SQL: SELECT * FROM `xw_manager`  [ RunTime:0.0011s ]
SQL: SHOW COLUMNS FROM `xw_blog` [ RunTime:0.0122s ]
SQL: SELECT * FROM `xw_blog` WHERE `blog_id` = 14 LIMIT 1   [ RunTime:0.0021s ]
NOTIC: [8] Object of class Think\Model could not be converted to int D:\itcast\homework\TPframework\blog\Home\Controller\IndexController.class.php 第 41 行.
SQL: SELECT `blog_id`,`blog_title` FROM `xw_blog` WHERE `blog_id` = 0 LIMIT 1   [ RunTime:0.0010s ]
SQL: SELECT `blog_id`,`blog_title` FROM `xw_blog` WHERE `blog_id` = 13 LIMIT 1   [ RunTime:0.0007s ]
SQL: SELECT `blog_id`,`blog_title` FROM `xw_blog` WHERE `blog_id` = 12 LIMIT 1   [ RunTime:0.0007s ]
SQL: SELECT `blog_id`,`blog_title` FROM `xw_blog` WHERE `blog_id` = 11 LIMIT 1   [ RunTime:0.0008s ]
SQL: SELECT `blog_id`,`blog_title` FROM `xw_blog` WHERE `blog_id` = 15 LIMIT 1   [ RunTime:0.0007s ]
SQL: SHOW COLUMNS FROM `xw_comments` [ RunTime:0.0134s ]
SQL: select u.user_name,c.* from xw_user as u inner join xw_comments as c on u.uid=c.uid where blog_id=14 order by c.comment_create_time desc [ RunTime:0.0106s ]
INFO: [ view_parse ] --START--
NOTIC: [2] Division by zero D:\itcast\homework\TPframework\blog\Runtime\Cache\119f1d7afc48e6486791b9652c125b909a2a249d.file.show.html.php 第 86 行.
NOTIC: [8] Undefined index: comment_infor_rearranged D:\itcast\homework\TPframework\blog\Runtime\Cache\119f1d7afc48e6486791b9652c125b909a2a249d.file.show.html.php 第 272 行.
NOTIC: [8] Trying to get property of non-object D:\itcast\homework\TPframework\blog\Runtime\Cache\119f1d7afc48e6486791b9652c125b909a2a249d.file.show.html.php 第 272 行.
INFO: Run Behavior\ParseTemplateBehavior [ RunTime:0.307826s ]
INFO: [ view_parse ] --END-- [ RunTime:0.308002s ]
INFO: [ view_filter ] --START--
INFO: Run Behavior\WriteHtmlCacheBehavior [ RunTime:0.018110s ]
INFO: [ view_filter ] --END-- [ RunTime:0.018303s ]
INFO: [ app_end ] --START--
INFO: Run Behavior\ShowPageTraceBehavior [ RunTime:0.021038s ]
INFO: [ app_end ] --END-- [ RunTime:0.021267s ]

[ 2015-10-04T09:12:39+08:00 ] 127.0.0.1 /blog/index.php/home/index/show/blog_id/14.html
INFO: [ app_init ] --START--
INFO: Run Behavior\BuildLiteBehavior [ RunTime:0.000045s ]
INFO: [ app_init ] --END-- [ RunTime:0.001818s ]
INFO: [ app_begin ] --START--
INFO: Run Behavior\ReadHtmlCacheBehavior [ RunTime:0.002741s ]
INFO: [ app_begin ] --END-- [ RunTime:0.003183s ]
NOTIC: [2048] Declaration of Home\Controller\IndexController::show() should be compatible with that of Think\Controller::show() D:\itcast\homework\TPframework\blog\Home\Controller\IndexController.class.php 第 130 行.
SQL: SHOW COLUMNS FROM `xw_manager` [ RunTime:0.0125s ]
SQL: SELECT * FROM `xw_manager`  [ RunTime:0.0016s ]
SQL: SHOW COLUMNS FROM `xw_blog` [ RunTime:0.0141s ]
SQL: SELECT * FROM `xw_blog` WHERE `blog_id` = 14 LIMIT 1   [ RunTime:0.0022s ]
NOTIC: [8] Object of class Think\Model could not be converted to int D:\itcast\homework\TPframework\blog\Home\Controller\IndexController.class.php 第 41 行.
SQL: SELECT `blog_id`,`blog_title` FROM `xw_blog` WHERE `blog_id` = 0 LIMIT 1   [ RunTime:0.0020s ]
SQL: SELECT `blog_id`,`blog_title` FROM `xw_blog` WHERE `blog_id` = 13 LIMIT 1   [ RunTime:0.0007s ]
SQL: SELECT `blog_id`,`blog_title` FROM `xw_blog` WHERE `blog_id` = 12 LIMIT 1   [ RunTime:0.0010s ]
SQL: SELECT `blog_id`,`blog_title` FROM `xw_blog` WHERE `blog_id` = 11 LIMIT 1   [ RunTime:0.0009s ]
SQL: SELECT `blog_id`,`blog_title` FROM `xw_blog` WHERE `blog_id` = 15 LIMIT 1   [ RunTime:0.0008s ]
SQL: SHOW COLUMNS FROM `xw_comments` [ RunTime:0.0128s ]
SQL: select u.user_name,c.* from xw_user as u inner join xw_comments as c on u.uid=c.uid where blog_id=14 order by c.comment_create_time desc [ RunTime:0.0104s ]
INFO: [ view_parse ] --START--
NOTIC: [2] Division by zero D:\itcast\homework\TPframework\blog\Runtime\Cache\119f1d7afc48e6486791b9652c125b909a2a249d.file.show.html.php 第 86 行.
NOTIC: [8] Undefined index: comment_infor_rearranged D:\itcast\homework\TPframework\blog\Runtime\Cache\119f1d7afc48e6486791b9652c125b909a2a249d.file.show.html.php 第 272 行.
NOTIC: [8] Trying to get property of non-object D:\itcast\homework\TPframework\blog\Runtime\Cache\119f1d7afc48e6486791b9652c125b909a2a249d.file.show.html.php 第 272 行.
INFO: Run Behavior\ParseTemplateBehavior [ RunTime:0.044478s ]
INFO: [ view_parse ] --END-- [ RunTime:0.044694s ]
INFO: [ view_filter ] --START--
INFO: Run Behavior\WriteHtmlCacheBehavior [ RunTime:0.001405s ]
INFO: [ view_filter ] --END-- [ RunTime:0.001590s ]
INFO: [ app_end ] --START--
INFO: Run Behavior\ShowPageTraceBehavior [ RunTime:0.002213s ]
INFO: [ app_end ] --END-- [ RunTime:0.002436s ]

