[ 2015-10-14T00:16:18+08:00 ] 127.0.0.1 /blog/index.php/
INFO: [ app_init ] --START--
INFO: Run Behavior\BuildLiteBehavior [ RunTime:0.000049s ]
INFO: [ app_init ] --END-- [ RunTime:0.001668s ]
INFO: [ app_begin ] --START--
INFO: Run Behavior\ReadHtmlCacheBehavior [ RunTime:0.003271s ]
INFO: [ app_begin ] --END-- [ RunTime:0.003527s ]
NOTIC: [2048] Declaration of Home\Controller\IndexController::show() should be compatible with that of Think\Controller::show() D:\itcast\homework\TPframework\blog\Home\Controller\IndexController.class.php 第 226 行.
SQL: SHOW COLUMNS FROM `xw_pic` [ RunTime:0.0200s ]
SQL: SELECT `pic_id`,`pic_title`,`pic_desc`,`pic_img`,`pic_keyword` FROM `xw_pic` ORDER BY pic_create_time desc LIMIT 3   [ RunTime:0.0012s ]
SQL: SHOW COLUMNS FROM `xw_blog` [ RunTime:0.0182s ]
SQL: SELECT `blog_id`,`blog_title`,`blog_abstract` FROM `xw_blog` WHERE ( is_top=1 ) ORDER BY blog_create_time LIMIT 2   [ RunTime:0.0015s ]
SQL: SELECT `blog_id`,`blog_img`,`blog_title`,`blog_abstract` FROM `xw_blog` WHERE ( is_best=1 ) ORDER BY blog_create_time LIMIT 3   [ RunTime:0.0017s ]
SQL: SELECT `blog_id`,`blog_img`,`blog_keyword`,`blog_author`,`blog_title`,`blog_abstract`,`blog_create_time` FROM `xw_blog` WHERE ( is_best=0 ) ORDER BY blog_create_time LIMIT 3   [ RunTime:0.0013s ]
SQL: select FROM_UNIXTIME(`blog_create_time`,'%Y-%m') as Archive,count(*) as total from xw_blog group by Archive [ RunTime:0.0015s ]
INFO: [ view_parse ] --START--
INFO: Run Behavior\ParseTemplateBehavior [ RunTime:0.076759s ]
INFO: [ view_parse ] --END-- [ RunTime:0.077099s ]
INFO: [ view_filter ] --START--
INFO: Run Behavior\WriteHtmlCacheBehavior [ RunTime:0.004059s ]
INFO: [ view_filter ] --END-- [ RunTime:0.004385s ]
INFO: [ app_end ] --START--
INFO: Run Behavior\ShowPageTraceBehavior [ RunTime:0.004469s ]
INFO: [ app_end ] --END-- [ RunTime:0.004792s ]

[ 2015-10-14T00:18:41+08:00 ] 127.0.0.1 /blog/index.php/
INFO: [ app_init ] --START--
INFO: Run Behavior\BuildLiteBehavior [ RunTime:0.000045s ]
INFO: [ app_init ] --END-- [ RunTime:0.001758s ]
INFO: [ app_begin ] --START--
INFO: Run Behavior\ReadHtmlCacheBehavior [ RunTime:0.002217s ]
INFO: [ app_begin ] --END-- [ RunTime:0.002414s ]
NOTIC: [2048] Declaration of Home\Controller\IndexController::show() should be compatible with that of Think\Controller::show() D:\itcast\homework\TPframework\blog\Home\Controller\IndexController.class.php 第 226 行.
SQL: SHOW COLUMNS FROM `xw_pic` [ RunTime:0.0152s ]
SQL: SELECT `pic_id`,`pic_title`,`pic_desc`,`pic_img`,`pic_keyword` FROM `xw_pic` ORDER BY pic_create_time desc LIMIT 3   [ RunTime:0.0012s ]
SQL: SHOW COLUMNS FROM `xw_blog` [ RunTime:0.0144s ]
SQL: SELECT `blog_id`,`blog_title`,`blog_abstract` FROM `xw_blog` WHERE ( is_top=1 ) ORDER BY blog_create_time LIMIT 2   [ RunTime:0.0014s ]
SQL: SELECT `blog_id`,`blog_img`,`blog_title`,`blog_abstract` FROM `xw_blog` WHERE ( is_best=1 ) ORDER BY blog_create_time LIMIT 3   [ RunTime:0.0012s ]
SQL: SELECT `blog_id`,`blog_img`,`blog_keyword`,`blog_author`,`blog_title`,`blog_abstract`,`blog_create_time` FROM `xw_blog` WHERE ( is_best=0 ) ORDER BY blog_create_time LIMIT 3   [ RunTime:0.0011s ]
SQL: select FROM_UNIXTIME(`blog_create_time`,'%Y-%m') as Archive,count(*) as total from xw_blog group by Archive [ RunTime:0.0014s ]
INFO: [ view_parse ] --START--
INFO: Run Behavior\ParseTemplateBehavior [ RunTime:0.044698s ]
INFO: [ view_parse ] --END-- [ RunTime:0.044903s ]
INFO: [ view_filter ] --START--
INFO: Run Behavior\WriteHtmlCacheBehavior [ RunTime:0.001240s ]
INFO: [ view_filter ] --END-- [ RunTime:0.001401s ]
INFO: [ app_end ] --START--
INFO: Run Behavior\ShowPageTraceBehavior [ RunTime:0.011740s ]
INFO: [ app_end ] --END-- [ RunTime:0.014072s ]

