[ 2015-10-21T13:30:07+08:00 ] 127.0.0.1 /blog/index.php
INFO: [ app_init ] --START--
INFO: Run Behavior\BuildLiteBehavior [ RunTime:0.000048s ]
INFO: [ app_init ] --END-- [ RunTime:0.072273s ]
INFO: [ app_begin ] --START--
INFO: Run Behavior\ReadHtmlCacheBehavior [ RunTime:0.027185s ]
INFO: [ app_begin ] --END-- [ RunTime:0.027384s ]
NOTIC: [2048] Declaration of Home\Controller\IndexController::show() should be compatible with that of Think\Controller::show() D:\itcast\homework\TPframework\blog\Home\Controller\IndexController.class.php 第 269 行.
SQL: SHOW COLUMNS FROM `xw_pic` [ RunTime:0.1369s ]
SQL: SELECT `pic_id`,`pic_title`,`pic_desc`,`pic_img`,`pic_keyword` FROM `xw_pic` ORDER BY pic_create_time desc LIMIT 3   [ RunTime:0.0276s ]
SQL: SHOW COLUMNS FROM `xw_blog` [ RunTime:0.0883s ]
SQL: SELECT `blog_id`,`blog_title`,`blog_abstract` FROM `xw_blog` WHERE ( is_top=1 ) ORDER BY blog_create_time LIMIT 2   [ RunTime:0.4792s ]
SQL: SELECT `blog_id`,`blog_img`,`blog_title`,`blog_abstract` FROM `xw_blog` WHERE ( is_best=1 ) ORDER BY blog_create_time LIMIT 3   [ RunTime:0.0013s ]
SQL: SELECT `blog_id`,`blog_img`,`blog_keyword`,`blog_author`,`blog_title`,`blog_abstract`,`blog_create_time` FROM `xw_blog` WHERE ( is_best=0 ) ORDER BY blog_create_time LIMIT 3   [ RunTime:0.0012s ]
SQL: select FROM_UNIXTIME(`blog_create_time`,'%Y-%m') as Archive,count(*) as total from xw_blog group by Archive [ RunTime:0.1922s ]
INFO: [ view_parse ] --START--
INFO: Run Behavior\ParseTemplateBehavior [ RunTime:1.372855s ]
INFO: [ view_parse ] --END-- [ RunTime:1.373098s ]
INFO: [ view_filter ] --START--
INFO: Run Behavior\WriteHtmlCacheBehavior [ RunTime:0.040525s ]
INFO: [ view_filter ] --END-- [ RunTime:0.040741s ]
INFO: [ app_end ] --START--
INFO: Run Behavior\ShowPageTraceBehavior [ RunTime:0.012797s ]
INFO: [ app_end ] --END-- [ RunTime:0.012995s ]

[ 2015-10-21T13:35:29+08:00 ] 127.0.0.1 /blog/index.php
INFO: [ app_init ] --START--
INFO: Run Behavior\BuildLiteBehavior [ RunTime:0.000047s ]
INFO: [ app_init ] --END-- [ RunTime:0.001687s ]
INFO: [ app_begin ] --START--
INFO: Run Behavior\ReadHtmlCacheBehavior [ RunTime:0.002552s ]
INFO: [ app_begin ] --END-- [ RunTime:0.002767s ]
NOTIC: [2048] Declaration of Home\Controller\IndexController::show() should be compatible with that of Think\Controller::show() D:\itcast\homework\TPframework\blog\Home\Controller\IndexController.class.php 第 269 行.
SQL: SHOW COLUMNS FROM `xw_pic` [ RunTime:0.0155s ]
SQL: SELECT `pic_id`,`pic_title`,`pic_desc`,`pic_img`,`pic_keyword` FROM `xw_pic` ORDER BY pic_create_time desc LIMIT 3   [ RunTime:0.0018s ]
SQL: SHOW COLUMNS FROM `xw_blog` [ RunTime:0.0156s ]
SQL: SELECT `blog_id`,`blog_title`,`blog_abstract` FROM `xw_blog` WHERE ( is_top=1 ) ORDER BY blog_create_time LIMIT 2   [ RunTime:0.0014s ]
SQL: SELECT `blog_id`,`blog_img`,`blog_title`,`blog_abstract` FROM `xw_blog` WHERE ( is_best=1 ) ORDER BY blog_create_time LIMIT 3   [ RunTime:0.0016s ]
SQL: SELECT `blog_id`,`blog_img`,`blog_keyword`,`blog_author`,`blog_title`,`blog_abstract`,`blog_create_time` FROM `xw_blog` WHERE ( is_best=0 ) ORDER BY blog_create_time LIMIT 3   [ RunTime:0.0031s ]
SQL: select FROM_UNIXTIME(`blog_create_time`,'%Y-%m') as Archive,count(*) as total from xw_blog group by Archive [ RunTime:0.0017s ]
INFO: [ view_parse ] --START--
INFO: Run Behavior\ParseTemplateBehavior [ RunTime:0.106841s ]
INFO: [ view_parse ] --END-- [ RunTime:0.107148s ]
INFO: [ view_filter ] --START--
INFO: Run Behavior\WriteHtmlCacheBehavior [ RunTime:0.001476s ]
INFO: [ view_filter ] --END-- [ RunTime:0.001636s ]
INFO: [ app_end ] --START--
INFO: Run Behavior\ShowPageTraceBehavior [ RunTime:0.002954s ]
INFO: [ app_end ] --END-- [ RunTime:0.003173s ]

[ 2015-10-21T13:35:33+08:00 ] 127.0.0.1 /blog/index.php/Home/Index/show/blog_id/14
INFO: [ app_init ] --START--
INFO: Run Behavior\BuildLiteBehavior [ RunTime:0.000048s ]
INFO: [ app_init ] --END-- [ RunTime:0.001863s ]
INFO: [ app_begin ] --START--
INFO: Run Behavior\ReadHtmlCacheBehavior [ RunTime:0.002273s ]
INFO: [ app_begin ] --END-- [ RunTime:0.002563s ]
NOTIC: [2048] Declaration of Home\Controller\IndexController::show() should be compatible with that of Think\Controller::show() D:\itcast\homework\TPframework\blog\Home\Controller\IndexController.class.php 第 269 行.
SQL: SHOW COLUMNS FROM `xw_manager` [ RunTime:0.0152s ]
SQL: SELECT * FROM `xw_manager`  [ RunTime:0.0013s ]
SQL: SHOW COLUMNS FROM `xw_blog` [ RunTime:0.0163s ]
SQL: update xw_blog set hits=hits+1 where blog_id=14 [ RunTime:0.0341s ]
SQL: SELECT * FROM `xw_blog` WHERE `blog_id` = 14 LIMIT 1   [ RunTime:0.0019s ]
NOTIC: [8] Object of class Home\Model\BlogModel could not be converted to int D:\itcast\homework\TPframework\blog\Home\Controller\IndexController.class.php 第 69 行.
SQL: SELECT `blog_id`,`blog_title` FROM `xw_blog` WHERE `blog_id` = 0 LIMIT 1   [ RunTime:0.0008s ]
SQL: SELECT `blog_id`,`blog_title` FROM `xw_blog` WHERE `blog_id` = 13 LIMIT 1   [ RunTime:0.0006s ]
SQL: SELECT `blog_id`,`blog_title` FROM `xw_blog` WHERE `blog_id` = 12 LIMIT 1   [ RunTime:0.0006s ]
SQL: SELECT `blog_id`,`blog_title` FROM `xw_blog` WHERE `blog_id` = 11 LIMIT 1   [ RunTime:0.0007s ]
SQL: SELECT `blog_id`,`blog_title` FROM `xw_blog` WHERE `blog_id` = 15 LIMIT 1   [ RunTime:0.0023s ]
SQL: SHOW COLUMNS FROM `xw_comments` [ RunTime:0.0502s ]
SQL: select u.user_name,c.* from xw_user as u inner join xw_comments as c on u.uid=c.uid where blog_id=14 order by c.comment_create_time desc [ RunTime:0.0381s ]
SQL: select FROM_UNIXTIME(`blog_create_time`,'%Y-%m') as Archive,count(*) as total from xw_blog group by Archive [ RunTime:0.0015s ]
SQL: SELECT * FROM `xw_blog` WHERE `blog_id` = '14' LIMIT 1   [ RunTime:0.0025s ]
SQL: SELECT `blog_id`,`blog_title` FROM `xw_blog` WHERE `cat_id` = '18' ORDER BY blog_create_time desc LIMIT 8   [ RunTime:0.0012s ]
INFO: [ view_parse ] --START--
NOTIC: [8] Undefined index: comment_infor_rearranged D:\itcast\homework\TPframework\blog\Runtime\Cache\119f1d7afc48e6486791b9652c125b909a2a249d.file.show.html.php 第 177 行.
NOTIC: [8] Trying to get property of non-object D:\itcast\homework\TPframework\blog\Runtime\Cache\119f1d7afc48e6486791b9652c125b909a2a249d.file.show.html.php 第 177 行.
INFO: Run Behavior\ParseTemplateBehavior [ RunTime:0.046033s ]
INFO: [ view_parse ] --END-- [ RunTime:0.046236s ]
INFO: [ view_filter ] --START--
INFO: Run Behavior\WriteHtmlCacheBehavior [ RunTime:0.001583s ]
INFO: [ view_filter ] --END-- [ RunTime:0.001989s ]
INFO: [ app_end ] --START--
INFO: Run Behavior\ShowPageTraceBehavior [ RunTime:0.001877s ]
INFO: [ app_end ] --END-- [ RunTime:0.002107s ]

